[2023-12-12T00:55:21.406+0000] {taskinstance.py:1159} INFO - Dependencies all met for dep_context=non-requeueable deps ti=<TaskInstance: airbyte_mambu_data_processing_airflow_dag.airbyte_check_sync_journal_entries manual__2023-12-12T00:54:52.994171+00:00 [queued]>
[2023-12-12T00:55:21.428+0000] {taskinstance.py:1159} INFO - Dependencies all met for dep_context=requeueable deps ti=<TaskInstance: airbyte_mambu_data_processing_airflow_dag.airbyte_check_sync_journal_entries manual__2023-12-12T00:54:52.994171+00:00 [queued]>
[2023-12-12T00:55:21.437+0000] {taskinstance.py:1361} INFO - Starting attempt 1 of 1
[2023-12-12T00:55:22.175+0000] {taskinstance.py:1382} INFO - Executing <Task(AirbyteJobSensor): airbyte_check_sync_journal_entries> on 2023-12-12 00:54:52.994171+00:00
[2023-12-12T00:55:22.212+0000] {standard_task_runner.py:57} INFO - Started process 4559 to run task
[2023-12-12T00:55:22.232+0000] {standard_task_runner.py:84} INFO - Running: ['***', 'tasks', 'run', 'airbyte_mambu_data_processing_***_dag', 'airbyte_check_sync_journal_entries', 'manual__2023-12-12T00:54:52.994171+00:00', '--job-id', '58', '--raw', '--subdir', 'DAGS_FOLDER/mambu_data_processing.py', '--cfg-path', '/tmp/tmpib5726ax']
[2023-12-12T00:55:22.256+0000] {standard_task_runner.py:85} INFO - Job 58: Subtask airbyte_check_sync_journal_entries
[2023-12-12T00:55:22.335+0000] {task_command.py:416} INFO - Running <TaskInstance: airbyte_mambu_data_processing_airflow_dag.airbyte_check_sync_journal_entries manual__2023-12-12T00:54:52.994171+00:00 [running]> on host 012a6ed4c30b
[2023-12-12T00:55:22.437+0000] {taskinstance.py:1662} INFO - Exporting env vars: AIRFLOW_CTX_DAG_OWNER='***' AIRFLOW_CTX_DAG_ID='airbyte_mambu_data_processing_***_dag' AIRFLOW_CTX_TASK_ID='airbyte_check_sync_journal_entries' AIRFLOW_CTX_EXECUTION_DATE='2023-12-12T00:54:52.994171+00:00' AIRFLOW_CTX_TRY_NUMBER='1' AIRFLOW_CTX_DAG_RUN_ID='manual__2023-12-12T00:54:52.994171+00:00'
[2023-12-12T00:55:22.464+0000] {base.py:73} INFO - Using connection ID '***-call-to-airbyte' for task execution.
[2023-12-12T00:55:22.633+0000] {airbyte.py:80} INFO - Waiting for job 16 to complete.
[2023-12-12T00:56:22.711+0000] {base.py:73} INFO - Using connection ID '***-call-to-airbyte' for task execution.
[2023-12-12T00:56:22.836+0000] {airbyte.py:80} INFO - Waiting for job 16 to complete.
[2023-12-12T00:57:28.766+0000] {base.py:73} INFO - Using connection ID '***-call-to-airbyte' for task execution.
[2023-12-12T00:57:28.899+0000] {airbyte.py:80} INFO - Waiting for job 16 to complete.
[2023-12-12T00:58:28.934+0000] {base.py:73} INFO - Using connection ID '***-call-to-airbyte' for task execution.
[2023-12-12T00:58:29.043+0000] {airbyte.py:80} INFO - Waiting for job 16 to complete.
[2023-12-12T00:59:34.078+0000] {base.py:73} INFO - Using connection ID '***-call-to-airbyte' for task execution.
[2023-12-12T00:59:34.391+0000] {airbyte.py:80} INFO - Waiting for job 16 to complete.
[2023-12-12T01:00:34.447+0000] {base.py:73} INFO - Using connection ID '***-call-to-airbyte' for task execution.
[2023-12-12T01:00:34.548+0000] {airbyte.py:80} INFO - Waiting for job 16 to complete.
[2023-12-12T01:01:34.592+0000] {base.py:73} INFO - Using connection ID '***-call-to-airbyte' for task execution.
[2023-12-12T01:01:34.702+0000] {airbyte.py:80} INFO - Waiting for job 16 to complete.
[2023-12-12T01:02:34.757+0000] {base.py:73} INFO - Using connection ID '***-call-to-airbyte' for task execution.
[2023-12-12T01:02:34.779+0000] {airbyte.py:80} INFO - Waiting for job 16 to complete.
[2023-12-12T01:03:34.821+0000] {base.py:73} INFO - Using connection ID '***-call-to-airbyte' for task execution.
[2023-12-12T01:03:34.864+0000] {airbyte.py:80} INFO - Waiting for job 16 to complete.
[2023-12-12T01:04:34.937+0000] {base.py:73} INFO - Using connection ID '***-call-to-airbyte' for task execution.
[2023-12-12T01:04:35.169+0000] {airbyte.py:80} INFO - Waiting for job 16 to complete.
[2023-12-12T01:06:43.961+0000] {base.py:73} INFO - Using connection ID '***-call-to-airbyte' for task execution.
[2023-12-12T01:06:44.700+0000] {airbyte.py:80} INFO - Waiting for job 16 to complete.
[2023-12-12T01:07:45.204+0000] {base.py:73} INFO - Using connection ID '***-call-to-airbyte' for task execution.
[2023-12-12T01:07:45.242+0000] {taskinstance.py:1937} ERROR - Task failed with exception
Traceback (most recent call last):
  File "/home/airflow/.local/lib/python3.11/site-packages/airflow/sensors/base.py", line 257, in execute
    raise e
  File "/home/airflow/.local/lib/python3.11/site-packages/airflow/sensors/base.py", line 239, in execute
    poke_return = self.poke(context)
                  ^^^^^^^^^^^^^^^^^^
  File "/home/airflow/.local/lib/python3.11/site-packages/airflow/providers/airbyte/sensors/airbyte.py", line 67, in poke
    raise AirflowException(message)
airflow.exceptions.AirflowException: Job failed: 
<Response [200]>
[2023-12-12T01:07:45.246+0000] {taskinstance.py:1400} INFO - Marking task as FAILED. dag_id=airbyte_mambu_data_processing_***_dag, task_id=airbyte_check_sync_journal_entries, execution_date=20231212T005452, start_date=20231212T005521, end_date=20231212T010745
[2023-12-12T01:07:45.263+0000] {standard_task_runner.py:104} ERROR - Failed to execute job 58 for task airbyte_check_sync_journal_entries (Job failed: 
<Response [200]>; 4559)
[2023-12-12T01:07:45.314+0000] {local_task_job_runner.py:228} INFO - Task exited with return code 1
[2023-12-12T01:07:45.420+0000] {taskinstance.py:2778} INFO - 0 downstream tasks scheduled from follow-on schedule check
