[2023-11-23T02:10:34.883+0000] {processor.py:157} INFO - Started process (PID=62) to work on /home/airflow/.local/lib/python3.8/site-packages/airflow/example_dags/example_external_task_marker_dag.py
[2023-11-23T02:10:34.884+0000] {processor.py:829} INFO - Processing file /home/airflow/.local/lib/python3.8/site-packages/airflow/example_dags/example_external_task_marker_dag.py for tasks to queue
[2023-11-23T02:10:34.885+0000] {logging_mixin.py:154} INFO - [2023-11-23T02:10:34.885+0000] {dagbag.py:536} INFO - Filling up the DagBag from /home/airflow/.local/lib/python3.8/site-packages/airflow/example_dags/example_external_task_marker_dag.py
[2023-11-23T02:10:34.892+0000] {processor.py:839} INFO - DAG(s) dict_keys(['example_external_task_marker_child', 'example_external_task_marker_parent']) retrieved from /home/airflow/.local/lib/python3.8/site-packages/airflow/example_dags/example_external_task_marker_dag.py
[2023-11-23T02:10:34.906+0000] {logging_mixin.py:154} INFO - [2023-11-23T02:10:34.905+0000] {dag.py:2941} INFO - Sync 2 DAGs
[2023-11-23T02:10:34.922+0000] {logging_mixin.py:154} INFO - [2023-11-23T02:10:34.921+0000] {dag.py:3722} INFO - Setting next_dagrun for example_external_task_marker_child to None, run_after=None
[2023-11-23T02:10:34.926+0000] {logging_mixin.py:154} INFO - [2023-11-23T02:10:34.925+0000] {dag.py:3722} INFO - Setting next_dagrun for example_external_task_marker_parent to None, run_after=None
[2023-11-23T02:10:35.068+0000] {processor.py:179} INFO - Processing /home/airflow/.local/lib/python3.8/site-packages/airflow/example_dags/example_external_task_marker_dag.py took 0.188 seconds
[2023-11-23T02:11:05.196+0000] {processor.py:157} INFO - Started process (PID=116) to work on /home/airflow/.local/lib/python3.8/site-packages/airflow/example_dags/example_external_task_marker_dag.py
[2023-11-23T02:11:05.197+0000] {processor.py:829} INFO - Processing file /home/airflow/.local/lib/python3.8/site-packages/airflow/example_dags/example_external_task_marker_dag.py for tasks to queue
[2023-11-23T02:11:05.198+0000] {logging_mixin.py:154} INFO - [2023-11-23T02:11:05.198+0000] {dagbag.py:536} INFO - Filling up the DagBag from /home/airflow/.local/lib/python3.8/site-packages/airflow/example_dags/example_external_task_marker_dag.py
[2023-11-23T02:11:05.202+0000] {processor.py:839} INFO - DAG(s) dict_keys(['example_external_task_marker_child', 'example_external_task_marker_parent']) retrieved from /home/airflow/.local/lib/python3.8/site-packages/airflow/example_dags/example_external_task_marker_dag.py
[2023-11-23T02:11:05.219+0000] {logging_mixin.py:154} INFO - [2023-11-23T02:11:05.218+0000] {dag.py:2941} INFO - Sync 2 DAGs
[2023-11-23T02:11:05.226+0000] {logging_mixin.py:154} INFO - [2023-11-23T02:11:05.226+0000] {dag.py:3722} INFO - Setting next_dagrun for example_external_task_marker_child to None, run_after=None
[2023-11-23T02:11:05.229+0000] {logging_mixin.py:154} INFO - [2023-11-23T02:11:05.228+0000] {dag.py:3722} INFO - Setting next_dagrun for example_external_task_marker_parent to None, run_after=None
[2023-11-23T02:11:05.273+0000] {processor.py:179} INFO - Processing /home/airflow/.local/lib/python3.8/site-packages/airflow/example_dags/example_external_task_marker_dag.py took 0.078 seconds
[2023-11-23T02:11:35.636+0000] {processor.py:157} INFO - Started process (PID=170) to work on /home/airflow/.local/lib/python3.8/site-packages/airflow/example_dags/example_external_task_marker_dag.py
[2023-11-23T02:11:35.678+0000] {processor.py:829} INFO - Processing file /home/airflow/.local/lib/python3.8/site-packages/airflow/example_dags/example_external_task_marker_dag.py for tasks to queue
[2023-11-23T02:11:35.679+0000] {logging_mixin.py:154} INFO - [2023-11-23T02:11:35.679+0000] {dagbag.py:536} INFO - Filling up the DagBag from /home/airflow/.local/lib/python3.8/site-packages/airflow/example_dags/example_external_task_marker_dag.py
[2023-11-23T02:11:35.684+0000] {processor.py:839} INFO - DAG(s) dict_keys(['example_external_task_marker_child', 'example_external_task_marker_parent']) retrieved from /home/airflow/.local/lib/python3.8/site-packages/airflow/example_dags/example_external_task_marker_dag.py
[2023-11-23T02:11:35.701+0000] {logging_mixin.py:154} INFO - [2023-11-23T02:11:35.701+0000] {dag.py:2941} INFO - Sync 2 DAGs
[2023-11-23T02:11:35.709+0000] {logging_mixin.py:154} INFO - [2023-11-23T02:11:35.709+0000] {dag.py:3722} INFO - Setting next_dagrun for example_external_task_marker_child to None, run_after=None
[2023-11-23T02:11:35.712+0000] {logging_mixin.py:154} INFO - [2023-11-23T02:11:35.711+0000] {dag.py:3722} INFO - Setting next_dagrun for example_external_task_marker_parent to None, run_after=None
[2023-11-23T02:11:35.761+0000] {processor.py:179} INFO - Processing /home/airflow/.local/lib/python3.8/site-packages/airflow/example_dags/example_external_task_marker_dag.py took 0.127 seconds
[2023-11-23T02:12:06.294+0000] {processor.py:157} INFO - Started process (PID=224) to work on /home/airflow/.local/lib/python3.8/site-packages/airflow/example_dags/example_external_task_marker_dag.py
[2023-11-23T02:12:06.295+0000] {processor.py:829} INFO - Processing file /home/airflow/.local/lib/python3.8/site-packages/airflow/example_dags/example_external_task_marker_dag.py for tasks to queue
[2023-11-23T02:12:06.296+0000] {logging_mixin.py:154} INFO - [2023-11-23T02:12:06.296+0000] {dagbag.py:536} INFO - Filling up the DagBag from /home/airflow/.local/lib/python3.8/site-packages/airflow/example_dags/example_external_task_marker_dag.py
[2023-11-23T02:12:06.300+0000] {processor.py:839} INFO - DAG(s) dict_keys(['example_external_task_marker_child', 'example_external_task_marker_parent']) retrieved from /home/airflow/.local/lib/python3.8/site-packages/airflow/example_dags/example_external_task_marker_dag.py
[2023-11-23T02:12:06.316+0000] {logging_mixin.py:154} INFO - [2023-11-23T02:12:06.316+0000] {dag.py:2941} INFO - Sync 2 DAGs
[2023-11-23T02:12:06.325+0000] {logging_mixin.py:154} INFO - [2023-11-23T02:12:06.325+0000] {dag.py:3722} INFO - Setting next_dagrun for example_external_task_marker_child to None, run_after=None
[2023-11-23T02:12:06.328+0000] {logging_mixin.py:154} INFO - [2023-11-23T02:12:06.328+0000] {dag.py:3722} INFO - Setting next_dagrun for example_external_task_marker_parent to None, run_after=None
[2023-11-23T02:12:06.394+0000] {processor.py:179} INFO - Processing /home/airflow/.local/lib/python3.8/site-packages/airflow/example_dags/example_external_task_marker_dag.py took 0.101 seconds
[2023-11-23T02:12:37.451+0000] {processor.py:157} INFO - Started process (PID=278) to work on /home/airflow/.local/lib/python3.8/site-packages/airflow/example_dags/example_external_task_marker_dag.py
[2023-11-23T02:12:37.467+0000] {processor.py:829} INFO - Processing file /home/airflow/.local/lib/python3.8/site-packages/airflow/example_dags/example_external_task_marker_dag.py for tasks to queue
[2023-11-23T02:12:37.468+0000] {logging_mixin.py:154} INFO - [2023-11-23T02:12:37.468+0000] {dagbag.py:536} INFO - Filling up the DagBag from /home/airflow/.local/lib/python3.8/site-packages/airflow/example_dags/example_external_task_marker_dag.py
[2023-11-23T02:12:37.473+0000] {processor.py:839} INFO - DAG(s) dict_keys(['example_external_task_marker_child', 'example_external_task_marker_parent']) retrieved from /home/airflow/.local/lib/python3.8/site-packages/airflow/example_dags/example_external_task_marker_dag.py
[2023-11-23T02:12:37.489+0000] {logging_mixin.py:154} INFO - [2023-11-23T02:12:37.489+0000] {dag.py:2941} INFO - Sync 2 DAGs
[2023-11-23T02:12:37.499+0000] {logging_mixin.py:154} INFO - [2023-11-23T02:12:37.498+0000] {dag.py:3722} INFO - Setting next_dagrun for example_external_task_marker_child to None, run_after=None
[2023-11-23T02:12:37.502+0000] {logging_mixin.py:154} INFO - [2023-11-23T02:12:37.501+0000] {dag.py:3722} INFO - Setting next_dagrun for example_external_task_marker_parent to None, run_after=None
[2023-11-23T02:12:37.594+0000] {processor.py:179} INFO - Processing /home/airflow/.local/lib/python3.8/site-packages/airflow/example_dags/example_external_task_marker_dag.py took 0.147 seconds
[2023-11-23T02:13:08.329+0000] {processor.py:157} INFO - Started process (PID=332) to work on /home/airflow/.local/lib/python3.8/site-packages/airflow/example_dags/example_external_task_marker_dag.py
[2023-11-23T02:13:08.329+0000] {processor.py:829} INFO - Processing file /home/airflow/.local/lib/python3.8/site-packages/airflow/example_dags/example_external_task_marker_dag.py for tasks to queue
[2023-11-23T02:13:08.330+0000] {logging_mixin.py:154} INFO - [2023-11-23T02:13:08.330+0000] {dagbag.py:536} INFO - Filling up the DagBag from /home/airflow/.local/lib/python3.8/site-packages/airflow/example_dags/example_external_task_marker_dag.py
[2023-11-23T02:13:08.334+0000] {processor.py:839} INFO - DAG(s) dict_keys(['example_external_task_marker_child', 'example_external_task_marker_parent']) retrieved from /home/airflow/.local/lib/python3.8/site-packages/airflow/example_dags/example_external_task_marker_dag.py
[2023-11-23T02:13:08.351+0000] {logging_mixin.py:154} INFO - [2023-11-23T02:13:08.351+0000] {dag.py:2941} INFO - Sync 2 DAGs
[2023-11-23T02:13:08.361+0000] {logging_mixin.py:154} INFO - [2023-11-23T02:13:08.361+0000] {dag.py:3722} INFO - Setting next_dagrun for example_external_task_marker_child to None, run_after=None
[2023-11-23T02:13:08.364+0000] {logging_mixin.py:154} INFO - [2023-11-23T02:13:08.364+0000] {dag.py:3722} INFO - Setting next_dagrun for example_external_task_marker_parent to None, run_after=None
[2023-11-23T02:13:08.398+0000] {processor.py:179} INFO - Processing /home/airflow/.local/lib/python3.8/site-packages/airflow/example_dags/example_external_task_marker_dag.py took 0.071 seconds
[2023-11-23T02:13:38.767+0000] {processor.py:157} INFO - Started process (PID=386) to work on /home/airflow/.local/lib/python3.8/site-packages/airflow/example_dags/example_external_task_marker_dag.py
[2023-11-23T02:13:38.784+0000] {processor.py:829} INFO - Processing file /home/airflow/.local/lib/python3.8/site-packages/airflow/example_dags/example_external_task_marker_dag.py for tasks to queue
[2023-11-23T02:13:38.785+0000] {logging_mixin.py:154} INFO - [2023-11-23T02:13:38.785+0000] {dagbag.py:536} INFO - Filling up the DagBag from /home/airflow/.local/lib/python3.8/site-packages/airflow/example_dags/example_external_task_marker_dag.py
[2023-11-23T02:13:38.789+0000] {processor.py:839} INFO - DAG(s) dict_keys(['example_external_task_marker_parent', 'example_external_task_marker_child']) retrieved from /home/airflow/.local/lib/python3.8/site-packages/airflow/example_dags/example_external_task_marker_dag.py
[2023-11-23T02:13:38.806+0000] {logging_mixin.py:154} INFO - [2023-11-23T02:13:38.806+0000] {dag.py:2941} INFO - Sync 2 DAGs
[2023-11-23T02:13:38.815+0000] {logging_mixin.py:154} INFO - [2023-11-23T02:13:38.815+0000] {dag.py:3722} INFO - Setting next_dagrun for example_external_task_marker_child to None, run_after=None
[2023-11-23T02:13:38.818+0000] {logging_mixin.py:154} INFO - [2023-11-23T02:13:38.818+0000] {dag.py:3722} INFO - Setting next_dagrun for example_external_task_marker_parent to None, run_after=None
[2023-11-23T02:13:38.888+0000] {processor.py:179} INFO - Processing /home/airflow/.local/lib/python3.8/site-packages/airflow/example_dags/example_external_task_marker_dag.py took 0.123 seconds
