[2023-11-23T02:10:34.057+0000] {processor.py:157} INFO - Started process (PID=51) to work on /home/airflow/.local/lib/python3.8/site-packages/airflow/example_dags/example_subdag_operator.py
[2023-11-23T02:10:34.057+0000] {processor.py:829} INFO - Processing file /home/airflow/.local/lib/python3.8/site-packages/airflow/example_dags/example_subdag_operator.py for tasks to queue
[2023-11-23T02:10:34.060+0000] {logging_mixin.py:154} INFO - [2023-11-23T02:10:34.060+0000] {dagbag.py:536} INFO - Filling up the DagBag from /home/airflow/.local/lib/python3.8/site-packages/airflow/example_dags/example_subdag_operator.py
[2023-11-23T02:10:34.080+0000] {processor.py:839} INFO - DAG(s) dict_keys(['example_subdag_operator.section-1', 'example_subdag_operator.section-2', 'example_subdag_operator']) retrieved from /home/airflow/.local/lib/python3.8/site-packages/airflow/example_dags/example_subdag_operator.py
[2023-11-23T02:10:34.082+0000] {logging_mixin.py:154} INFO - [2023-11-23T02:10:34.082+0000] {dag.py:2941} INFO - Sync 3 DAGs
[2023-11-23T02:10:34.099+0000] {logging_mixin.py:154} INFO - [2023-11-23T02:10:34.099+0000] {dag.py:3722} INFO - Setting next_dagrun for example_subdag_operator to 2022-01-01T00:00:00+00:00, run_after=2022-01-01T00:00:00+00:00
[2023-11-23T02:10:34.102+0000] {logging_mixin.py:154} INFO - [2023-11-23T02:10:34.102+0000] {dag.py:3722} INFO - Setting next_dagrun for example_subdag_operator.section-1 to None, run_after=None
[2023-11-23T02:10:34.103+0000] {logging_mixin.py:154} INFO - [2023-11-23T02:10:34.103+0000] {dag.py:3722} INFO - Setting next_dagrun for example_subdag_operator.section-2 to None, run_after=None
[2023-11-23T02:10:34.107+0000] {logging_mixin.py:154} INFO - [2023-11-23T02:10:34.107+0000] {dag.py:2941} INFO - Sync 2 DAGs
[2023-11-23T02:10:34.110+0000] {logging_mixin.py:154} INFO - [2023-11-23T02:10:34.110+0000] {dag.py:3722} INFO - Setting next_dagrun for example_subdag_operator.section-1 to None, run_after=None
[2023-11-23T02:10:34.111+0000] {logging_mixin.py:154} INFO - [2023-11-23T02:10:34.110+0000] {dag.py:3722} INFO - Setting next_dagrun for example_subdag_operator.section-2 to None, run_after=None
[2023-11-23T02:10:34.175+0000] {processor.py:179} INFO - Processing /home/airflow/.local/lib/python3.8/site-packages/airflow/example_dags/example_subdag_operator.py took 0.121 seconds
[2023-11-23T02:11:04.230+0000] {processor.py:157} INFO - Started process (PID=104) to work on /home/airflow/.local/lib/python3.8/site-packages/airflow/example_dags/example_subdag_operator.py
[2023-11-23T02:11:04.231+0000] {processor.py:829} INFO - Processing file /home/airflow/.local/lib/python3.8/site-packages/airflow/example_dags/example_subdag_operator.py for tasks to queue
[2023-11-23T02:11:04.232+0000] {logging_mixin.py:154} INFO - [2023-11-23T02:11:04.232+0000] {dagbag.py:536} INFO - Filling up the DagBag from /home/airflow/.local/lib/python3.8/site-packages/airflow/example_dags/example_subdag_operator.py
[2023-11-23T02:11:04.250+0000] {processor.py:839} INFO - DAG(s) dict_keys(['example_subdag_operator.section-1', 'example_subdag_operator.section-2', 'example_subdag_operator']) retrieved from /home/airflow/.local/lib/python3.8/site-packages/airflow/example_dags/example_subdag_operator.py
[2023-11-23T02:11:04.261+0000] {logging_mixin.py:154} INFO - [2023-11-23T02:11:04.261+0000] {dag.py:2941} INFO - Sync 3 DAGs
[2023-11-23T02:11:04.277+0000] {logging_mixin.py:154} INFO - [2023-11-23T02:11:04.277+0000] {dag.py:3722} INFO - Setting next_dagrun for example_subdag_operator to 2022-01-01T00:00:00+00:00, run_after=2022-01-01T00:00:00+00:00
[2023-11-23T02:11:04.279+0000] {logging_mixin.py:154} INFO - [2023-11-23T02:11:04.279+0000] {dag.py:3722} INFO - Setting next_dagrun for example_subdag_operator.section-1 to None, run_after=None
[2023-11-23T02:11:04.280+0000] {logging_mixin.py:154} INFO - [2023-11-23T02:11:04.280+0000] {dag.py:3722} INFO - Setting next_dagrun for example_subdag_operator.section-2 to None, run_after=None
[2023-11-23T02:11:04.284+0000] {logging_mixin.py:154} INFO - [2023-11-23T02:11:04.284+0000] {dag.py:2941} INFO - Sync 2 DAGs
[2023-11-23T02:11:04.287+0000] {logging_mixin.py:154} INFO - [2023-11-23T02:11:04.287+0000] {dag.py:3722} INFO - Setting next_dagrun for example_subdag_operator.section-1 to None, run_after=None
[2023-11-23T02:11:04.287+0000] {logging_mixin.py:154} INFO - [2023-11-23T02:11:04.287+0000] {dag.py:3722} INFO - Setting next_dagrun for example_subdag_operator.section-2 to None, run_after=None
[2023-11-23T02:11:04.320+0000] {processor.py:179} INFO - Processing /home/airflow/.local/lib/python3.8/site-packages/airflow/example_dags/example_subdag_operator.py took 0.092 seconds
[2023-11-23T02:11:34.806+0000] {processor.py:157} INFO - Started process (PID=158) to work on /home/airflow/.local/lib/python3.8/site-packages/airflow/example_dags/example_subdag_operator.py
[2023-11-23T02:11:34.806+0000] {processor.py:829} INFO - Processing file /home/airflow/.local/lib/python3.8/site-packages/airflow/example_dags/example_subdag_operator.py for tasks to queue
[2023-11-23T02:11:34.808+0000] {logging_mixin.py:154} INFO - [2023-11-23T02:11:34.808+0000] {dagbag.py:536} INFO - Filling up the DagBag from /home/airflow/.local/lib/python3.8/site-packages/airflow/example_dags/example_subdag_operator.py
[2023-11-23T02:11:34.825+0000] {processor.py:839} INFO - DAG(s) dict_keys(['example_subdag_operator.section-1', 'example_subdag_operator.section-2', 'example_subdag_operator']) retrieved from /home/airflow/.local/lib/python3.8/site-packages/airflow/example_dags/example_subdag_operator.py
[2023-11-23T02:11:34.837+0000] {logging_mixin.py:154} INFO - [2023-11-23T02:11:34.837+0000] {dag.py:2941} INFO - Sync 3 DAGs
[2023-11-23T02:11:34.854+0000] {logging_mixin.py:154} INFO - [2023-11-23T02:11:34.854+0000] {dag.py:3722} INFO - Setting next_dagrun for example_subdag_operator to 2022-01-01T00:00:00+00:00, run_after=2022-01-01T00:00:00+00:00
[2023-11-23T02:11:34.857+0000] {logging_mixin.py:154} INFO - [2023-11-23T02:11:34.856+0000] {dag.py:3722} INFO - Setting next_dagrun for example_subdag_operator.section-1 to None, run_after=None
[2023-11-23T02:11:34.857+0000] {logging_mixin.py:154} INFO - [2023-11-23T02:11:34.857+0000] {dag.py:3722} INFO - Setting next_dagrun for example_subdag_operator.section-2 to None, run_after=None
[2023-11-23T02:11:34.862+0000] {logging_mixin.py:154} INFO - [2023-11-23T02:11:34.862+0000] {dag.py:2941} INFO - Sync 2 DAGs
[2023-11-23T02:11:34.866+0000] {logging_mixin.py:154} INFO - [2023-11-23T02:11:34.866+0000] {dag.py:3722} INFO - Setting next_dagrun for example_subdag_operator.section-1 to None, run_after=None
[2023-11-23T02:11:34.866+0000] {logging_mixin.py:154} INFO - [2023-11-23T02:11:34.866+0000] {dag.py:3722} INFO - Setting next_dagrun for example_subdag_operator.section-2 to None, run_after=None
[2023-11-23T02:11:34.922+0000] {processor.py:179} INFO - Processing /home/airflow/.local/lib/python3.8/site-packages/airflow/example_dags/example_subdag_operator.py took 0.118 seconds
[2023-11-23T02:12:05.290+0000] {processor.py:157} INFO - Started process (PID=212) to work on /home/airflow/.local/lib/python3.8/site-packages/airflow/example_dags/example_subdag_operator.py
[2023-11-23T02:12:05.291+0000] {processor.py:829} INFO - Processing file /home/airflow/.local/lib/python3.8/site-packages/airflow/example_dags/example_subdag_operator.py for tasks to queue
[2023-11-23T02:12:05.293+0000] {logging_mixin.py:154} INFO - [2023-11-23T02:12:05.293+0000] {dagbag.py:536} INFO - Filling up the DagBag from /home/airflow/.local/lib/python3.8/site-packages/airflow/example_dags/example_subdag_operator.py
[2023-11-23T02:12:05.312+0000] {processor.py:839} INFO - DAG(s) dict_keys(['example_subdag_operator.section-1', 'example_subdag_operator.section-2', 'example_subdag_operator']) retrieved from /home/airflow/.local/lib/python3.8/site-packages/airflow/example_dags/example_subdag_operator.py
[2023-11-23T02:12:05.327+0000] {logging_mixin.py:154} INFO - [2023-11-23T02:12:05.327+0000] {dag.py:2941} INFO - Sync 3 DAGs
[2023-11-23T02:12:05.341+0000] {logging_mixin.py:154} INFO - [2023-11-23T02:12:05.341+0000] {dag.py:3722} INFO - Setting next_dagrun for example_subdag_operator to 2022-01-01T00:00:00+00:00, run_after=2022-01-01T00:00:00+00:00
[2023-11-23T02:12:05.344+0000] {logging_mixin.py:154} INFO - [2023-11-23T02:12:05.343+0000] {dag.py:3722} INFO - Setting next_dagrun for example_subdag_operator.section-1 to None, run_after=None
[2023-11-23T02:12:05.344+0000] {logging_mixin.py:154} INFO - [2023-11-23T02:12:05.344+0000] {dag.py:3722} INFO - Setting next_dagrun for example_subdag_operator.section-2 to None, run_after=None
[2023-11-23T02:12:05.349+0000] {logging_mixin.py:154} INFO - [2023-11-23T02:12:05.349+0000] {dag.py:2941} INFO - Sync 2 DAGs
[2023-11-23T02:12:05.352+0000] {logging_mixin.py:154} INFO - [2023-11-23T02:12:05.352+0000] {dag.py:3722} INFO - Setting next_dagrun for example_subdag_operator.section-1 to None, run_after=None
[2023-11-23T02:12:05.352+0000] {logging_mixin.py:154} INFO - [2023-11-23T02:12:05.352+0000] {dag.py:3722} INFO - Setting next_dagrun for example_subdag_operator.section-2 to None, run_after=None
[2023-11-23T02:12:05.406+0000] {processor.py:179} INFO - Processing /home/airflow/.local/lib/python3.8/site-packages/airflow/example_dags/example_subdag_operator.py took 0.120 seconds
[2023-11-23T02:12:36.169+0000] {processor.py:157} INFO - Started process (PID=266) to work on /home/airflow/.local/lib/python3.8/site-packages/airflow/example_dags/example_subdag_operator.py
[2023-11-23T02:12:36.173+0000] {processor.py:829} INFO - Processing file /home/airflow/.local/lib/python3.8/site-packages/airflow/example_dags/example_subdag_operator.py for tasks to queue
[2023-11-23T02:12:36.176+0000] {logging_mixin.py:154} INFO - [2023-11-23T02:12:36.176+0000] {dagbag.py:536} INFO - Filling up the DagBag from /home/airflow/.local/lib/python3.8/site-packages/airflow/example_dags/example_subdag_operator.py
[2023-11-23T02:12:36.195+0000] {processor.py:839} INFO - DAG(s) dict_keys(['example_subdag_operator.section-1', 'example_subdag_operator.section-2', 'example_subdag_operator']) retrieved from /home/airflow/.local/lib/python3.8/site-packages/airflow/example_dags/example_subdag_operator.py
[2023-11-23T02:12:36.210+0000] {logging_mixin.py:154} INFO - [2023-11-23T02:12:36.210+0000] {dag.py:2941} INFO - Sync 3 DAGs
[2023-11-23T02:12:36.229+0000] {logging_mixin.py:154} INFO - [2023-11-23T02:12:36.228+0000] {dag.py:3722} INFO - Setting next_dagrun for example_subdag_operator to 2022-01-01T00:00:00+00:00, run_after=2022-01-01T00:00:00+00:00
[2023-11-23T02:12:36.231+0000] {logging_mixin.py:154} INFO - [2023-11-23T02:12:36.231+0000] {dag.py:3722} INFO - Setting next_dagrun for example_subdag_operator.section-1 to None, run_after=None
[2023-11-23T02:12:36.232+0000] {logging_mixin.py:154} INFO - [2023-11-23T02:12:36.232+0000] {dag.py:3722} INFO - Setting next_dagrun for example_subdag_operator.section-2 to None, run_after=None
[2023-11-23T02:12:36.237+0000] {logging_mixin.py:154} INFO - [2023-11-23T02:12:36.236+0000] {dag.py:2941} INFO - Sync 2 DAGs
[2023-11-23T02:12:36.241+0000] {logging_mixin.py:154} INFO - [2023-11-23T02:12:36.241+0000] {dag.py:3722} INFO - Setting next_dagrun for example_subdag_operator.section-1 to None, run_after=None
[2023-11-23T02:12:36.241+0000] {logging_mixin.py:154} INFO - [2023-11-23T02:12:36.241+0000] {dag.py:3722} INFO - Setting next_dagrun for example_subdag_operator.section-2 to None, run_after=None
[2023-11-23T02:12:36.277+0000] {processor.py:179} INFO - Processing /home/airflow/.local/lib/python3.8/site-packages/airflow/example_dags/example_subdag_operator.py took 0.111 seconds
[2023-11-23T02:13:06.350+0000] {processor.py:157} INFO - Started process (PID=320) to work on /home/airflow/.local/lib/python3.8/site-packages/airflow/example_dags/example_subdag_operator.py
[2023-11-23T02:13:06.350+0000] {processor.py:829} INFO - Processing file /home/airflow/.local/lib/python3.8/site-packages/airflow/example_dags/example_subdag_operator.py for tasks to queue
[2023-11-23T02:13:06.352+0000] {logging_mixin.py:154} INFO - [2023-11-23T02:13:06.352+0000] {dagbag.py:536} INFO - Filling up the DagBag from /home/airflow/.local/lib/python3.8/site-packages/airflow/example_dags/example_subdag_operator.py
[2023-11-23T02:13:06.368+0000] {processor.py:839} INFO - DAG(s) dict_keys(['example_subdag_operator.section-1', 'example_subdag_operator.section-2', 'example_subdag_operator']) retrieved from /home/airflow/.local/lib/python3.8/site-packages/airflow/example_dags/example_subdag_operator.py
[2023-11-23T02:13:06.377+0000] {logging_mixin.py:154} INFO - [2023-11-23T02:13:06.377+0000] {dag.py:2941} INFO - Sync 3 DAGs
[2023-11-23T02:13:06.391+0000] {logging_mixin.py:154} INFO - [2023-11-23T02:13:06.391+0000] {dag.py:3722} INFO - Setting next_dagrun for example_subdag_operator to 2022-01-01T00:00:00+00:00, run_after=2022-01-01T00:00:00+00:00
[2023-11-23T02:13:06.393+0000] {logging_mixin.py:154} INFO - [2023-11-23T02:13:06.393+0000] {dag.py:3722} INFO - Setting next_dagrun for example_subdag_operator.section-1 to None, run_after=None
[2023-11-23T02:13:06.394+0000] {logging_mixin.py:154} INFO - [2023-11-23T02:13:06.394+0000] {dag.py:3722} INFO - Setting next_dagrun for example_subdag_operator.section-2 to None, run_after=None
[2023-11-23T02:13:06.399+0000] {logging_mixin.py:154} INFO - [2023-11-23T02:13:06.399+0000] {dag.py:2941} INFO - Sync 2 DAGs
[2023-11-23T02:13:06.403+0000] {logging_mixin.py:154} INFO - [2023-11-23T02:13:06.403+0000] {dag.py:3722} INFO - Setting next_dagrun for example_subdag_operator.section-1 to None, run_after=None
[2023-11-23T02:13:06.404+0000] {logging_mixin.py:154} INFO - [2023-11-23T02:13:06.404+0000] {dag.py:3722} INFO - Setting next_dagrun for example_subdag_operator.section-2 to None, run_after=None
[2023-11-23T02:13:06.436+0000] {processor.py:179} INFO - Processing /home/airflow/.local/lib/python3.8/site-packages/airflow/example_dags/example_subdag_operator.py took 0.089 seconds
[2023-11-23T02:13:36.840+0000] {processor.py:157} INFO - Started process (PID=374) to work on /home/airflow/.local/lib/python3.8/site-packages/airflow/example_dags/example_subdag_operator.py
[2023-11-23T02:13:36.854+0000] {processor.py:829} INFO - Processing file /home/airflow/.local/lib/python3.8/site-packages/airflow/example_dags/example_subdag_operator.py for tasks to queue
[2023-11-23T02:13:36.855+0000] {logging_mixin.py:154} INFO - [2023-11-23T02:13:36.855+0000] {dagbag.py:536} INFO - Filling up the DagBag from /home/airflow/.local/lib/python3.8/site-packages/airflow/example_dags/example_subdag_operator.py
[2023-11-23T02:13:36.871+0000] {processor.py:839} INFO - DAG(s) dict_keys(['example_subdag_operator.section-1', 'example_subdag_operator.section-2', 'example_subdag_operator']) retrieved from /home/airflow/.local/lib/python3.8/site-packages/airflow/example_dags/example_subdag_operator.py
[2023-11-23T02:13:36.881+0000] {logging_mixin.py:154} INFO - [2023-11-23T02:13:36.880+0000] {dag.py:2941} INFO - Sync 3 DAGs
[2023-11-23T02:13:36.899+0000] {logging_mixin.py:154} INFO - [2023-11-23T02:13:36.899+0000] {dag.py:3722} INFO - Setting next_dagrun for example_subdag_operator to 2022-01-01T00:00:00+00:00, run_after=2022-01-01T00:00:00+00:00
[2023-11-23T02:13:36.902+0000] {logging_mixin.py:154} INFO - [2023-11-23T02:13:36.902+0000] {dag.py:3722} INFO - Setting next_dagrun for example_subdag_operator.section-1 to None, run_after=None
[2023-11-23T02:13:36.903+0000] {logging_mixin.py:154} INFO - [2023-11-23T02:13:36.903+0000] {dag.py:3722} INFO - Setting next_dagrun for example_subdag_operator.section-2 to None, run_after=None
[2023-11-23T02:13:36.907+0000] {logging_mixin.py:154} INFO - [2023-11-23T02:13:36.907+0000] {dag.py:2941} INFO - Sync 2 DAGs
[2023-11-23T02:13:36.911+0000] {logging_mixin.py:154} INFO - [2023-11-23T02:13:36.911+0000] {dag.py:3722} INFO - Setting next_dagrun for example_subdag_operator.section-1 to None, run_after=None
[2023-11-23T02:13:36.911+0000] {logging_mixin.py:154} INFO - [2023-11-23T02:13:36.911+0000] {dag.py:3722} INFO - Setting next_dagrun for example_subdag_operator.section-2 to None, run_after=None
[2023-11-23T02:13:36.951+0000] {processor.py:179} INFO - Processing /home/airflow/.local/lib/python3.8/site-packages/airflow/example_dags/example_subdag_operator.py took 0.112 seconds
