[2023-11-23T02:10:33.799+0000] {processor.py:157} INFO - Started process (PID=46) to work on /home/airflow/.local/lib/python3.8/site-packages/airflow/example_dags/example_latest_only.py
[2023-11-23T02:10:33.800+0000] {processor.py:829} INFO - Processing file /home/airflow/.local/lib/python3.8/site-packages/airflow/example_dags/example_latest_only.py for tasks to queue
[2023-11-23T02:10:33.803+0000] {logging_mixin.py:154} INFO - [2023-11-23T02:10:33.802+0000] {dagbag.py:536} INFO - Filling up the DagBag from /home/airflow/.local/lib/python3.8/site-packages/airflow/example_dags/example_latest_only.py
[2023-11-23T02:10:33.812+0000] {processor.py:839} INFO - DAG(s) dict_keys(['latest_only']) retrieved from /home/airflow/.local/lib/python3.8/site-packages/airflow/example_dags/example_latest_only.py
[2023-11-23T02:10:33.833+0000] {logging_mixin.py:154} INFO - [2023-11-23T02:10:33.833+0000] {dag.py:2941} INFO - Sync 1 DAGs
[2023-11-23T02:10:33.853+0000] {logging_mixin.py:154} INFO - [2023-11-23T02:10:33.853+0000] {dag.py:3722} INFO - Setting next_dagrun for latest_only to 2023-11-22T22:10:33.852767+00:00, run_after=2023-11-23T02:10:33.852767+00:00
[2023-11-23T02:10:33.897+0000] {processor.py:179} INFO - Processing /home/airflow/.local/lib/python3.8/site-packages/airflow/example_dags/example_latest_only.py took 0.103 seconds
[2023-11-23T02:11:03.952+0000] {processor.py:157} INFO - Started process (PID=100) to work on /home/airflow/.local/lib/python3.8/site-packages/airflow/example_dags/example_latest_only.py
[2023-11-23T02:11:03.952+0000] {processor.py:829} INFO - Processing file /home/airflow/.local/lib/python3.8/site-packages/airflow/example_dags/example_latest_only.py for tasks to queue
[2023-11-23T02:11:03.954+0000] {logging_mixin.py:154} INFO - [2023-11-23T02:11:03.953+0000] {dagbag.py:536} INFO - Filling up the DagBag from /home/airflow/.local/lib/python3.8/site-packages/airflow/example_dags/example_latest_only.py
[2023-11-23T02:11:03.957+0000] {processor.py:839} INFO - DAG(s) dict_keys(['latest_only']) retrieved from /home/airflow/.local/lib/python3.8/site-packages/airflow/example_dags/example_latest_only.py
[2023-11-23T02:11:03.970+0000] {logging_mixin.py:154} INFO - [2023-11-23T02:11:03.970+0000] {dag.py:2941} INFO - Sync 1 DAGs
[2023-11-23T02:11:03.984+0000] {logging_mixin.py:154} INFO - [2023-11-23T02:11:03.984+0000] {dag.py:3722} INFO - Setting next_dagrun for latest_only to 2023-11-22T22:11:03.984625+00:00, run_after=2023-11-23T02:11:03.984625+00:00
[2023-11-23T02:11:04.022+0000] {processor.py:179} INFO - Processing /home/airflow/.local/lib/python3.8/site-packages/airflow/example_dags/example_latest_only.py took 0.072 seconds
[2023-11-23T02:11:34.208+0000] {processor.py:157} INFO - Started process (PID=154) to work on /home/airflow/.local/lib/python3.8/site-packages/airflow/example_dags/example_latest_only.py
[2023-11-23T02:11:34.228+0000] {processor.py:829} INFO - Processing file /home/airflow/.local/lib/python3.8/site-packages/airflow/example_dags/example_latest_only.py for tasks to queue
[2023-11-23T02:11:34.232+0000] {logging_mixin.py:154} INFO - [2023-11-23T02:11:34.231+0000] {dagbag.py:536} INFO - Filling up the DagBag from /home/airflow/.local/lib/python3.8/site-packages/airflow/example_dags/example_latest_only.py
[2023-11-23T02:11:34.257+0000] {processor.py:839} INFO - DAG(s) dict_keys(['latest_only']) retrieved from /home/airflow/.local/lib/python3.8/site-packages/airflow/example_dags/example_latest_only.py
[2023-11-23T02:11:34.276+0000] {logging_mixin.py:154} INFO - [2023-11-23T02:11:34.276+0000] {dag.py:2941} INFO - Sync 1 DAGs
[2023-11-23T02:11:34.293+0000] {logging_mixin.py:154} INFO - [2023-11-23T02:11:34.293+0000] {dag.py:3722} INFO - Setting next_dagrun for latest_only to 2023-11-22T22:11:34.292572+00:00, run_after=2023-11-23T02:11:34.292572+00:00
[2023-11-23T02:11:34.383+0000] {processor.py:179} INFO - Processing /home/airflow/.local/lib/python3.8/site-packages/airflow/example_dags/example_latest_only.py took 0.177 seconds
[2023-11-23T02:12:04.917+0000] {processor.py:157} INFO - Started process (PID=208) to work on /home/airflow/.local/lib/python3.8/site-packages/airflow/example_dags/example_latest_only.py
[2023-11-23T02:12:04.918+0000] {processor.py:829} INFO - Processing file /home/airflow/.local/lib/python3.8/site-packages/airflow/example_dags/example_latest_only.py for tasks to queue
[2023-11-23T02:12:04.920+0000] {logging_mixin.py:154} INFO - [2023-11-23T02:12:04.920+0000] {dagbag.py:536} INFO - Filling up the DagBag from /home/airflow/.local/lib/python3.8/site-packages/airflow/example_dags/example_latest_only.py
[2023-11-23T02:12:04.924+0000] {processor.py:839} INFO - DAG(s) dict_keys(['latest_only']) retrieved from /home/airflow/.local/lib/python3.8/site-packages/airflow/example_dags/example_latest_only.py
[2023-11-23T02:12:04.947+0000] {logging_mixin.py:154} INFO - [2023-11-23T02:12:04.946+0000] {dag.py:2941} INFO - Sync 1 DAGs
[2023-11-23T02:12:04.966+0000] {logging_mixin.py:154} INFO - [2023-11-23T02:12:04.966+0000] {dag.py:3722} INFO - Setting next_dagrun for latest_only to 2023-11-22T22:12:04.966057+00:00, run_after=2023-11-23T02:12:04.966057+00:00
[2023-11-23T02:12:05.011+0000] {processor.py:179} INFO - Processing /home/airflow/.local/lib/python3.8/site-packages/airflow/example_dags/example_latest_only.py took 0.097 seconds
[2023-11-23T02:12:35.650+0000] {processor.py:157} INFO - Started process (PID=262) to work on /home/airflow/.local/lib/python3.8/site-packages/airflow/example_dags/example_latest_only.py
[2023-11-23T02:12:35.654+0000] {processor.py:829} INFO - Processing file /home/airflow/.local/lib/python3.8/site-packages/airflow/example_dags/example_latest_only.py for tasks to queue
[2023-11-23T02:12:35.656+0000] {logging_mixin.py:154} INFO - [2023-11-23T02:12:35.655+0000] {dagbag.py:536} INFO - Filling up the DagBag from /home/airflow/.local/lib/python3.8/site-packages/airflow/example_dags/example_latest_only.py
[2023-11-23T02:12:35.660+0000] {processor.py:839} INFO - DAG(s) dict_keys(['latest_only']) retrieved from /home/airflow/.local/lib/python3.8/site-packages/airflow/example_dags/example_latest_only.py
[2023-11-23T02:12:35.688+0000] {logging_mixin.py:154} INFO - [2023-11-23T02:12:35.688+0000] {dag.py:2941} INFO - Sync 1 DAGs
[2023-11-23T02:12:35.709+0000] {logging_mixin.py:154} INFO - [2023-11-23T02:12:35.709+0000] {dag.py:3722} INFO - Setting next_dagrun for latest_only to 2023-11-22T22:12:35.708855+00:00, run_after=2023-11-23T02:12:35.708855+00:00
[2023-11-23T02:12:35.803+0000] {processor.py:179} INFO - Processing /home/airflow/.local/lib/python3.8/site-packages/airflow/example_dags/example_latest_only.py took 0.155 seconds
[2023-11-23T02:13:06.147+0000] {processor.py:157} INFO - Started process (PID=316) to work on /home/airflow/.local/lib/python3.8/site-packages/airflow/example_dags/example_latest_only.py
[2023-11-23T02:13:06.147+0000] {processor.py:829} INFO - Processing file /home/airflow/.local/lib/python3.8/site-packages/airflow/example_dags/example_latest_only.py for tasks to queue
[2023-11-23T02:13:06.149+0000] {logging_mixin.py:154} INFO - [2023-11-23T02:13:06.148+0000] {dagbag.py:536} INFO - Filling up the DagBag from /home/airflow/.local/lib/python3.8/site-packages/airflow/example_dags/example_latest_only.py
[2023-11-23T02:13:06.152+0000] {processor.py:839} INFO - DAG(s) dict_keys(['latest_only']) retrieved from /home/airflow/.local/lib/python3.8/site-packages/airflow/example_dags/example_latest_only.py
[2023-11-23T02:13:06.165+0000] {logging_mixin.py:154} INFO - [2023-11-23T02:13:06.165+0000] {dag.py:2941} INFO - Sync 1 DAGs
[2023-11-23T02:13:06.178+0000] {logging_mixin.py:154} INFO - [2023-11-23T02:13:06.178+0000] {dag.py:3722} INFO - Setting next_dagrun for latest_only to 2023-11-22T22:13:06.178239+00:00, run_after=2023-11-23T02:13:06.178239+00:00
[2023-11-23T02:13:06.224+0000] {processor.py:179} INFO - Processing /home/airflow/.local/lib/python3.8/site-packages/airflow/example_dags/example_latest_only.py took 0.079 seconds
[2023-11-23T02:13:36.602+0000] {processor.py:157} INFO - Started process (PID=370) to work on /home/airflow/.local/lib/python3.8/site-packages/airflow/example_dags/example_latest_only.py
[2023-11-23T02:13:36.626+0000] {processor.py:829} INFO - Processing file /home/airflow/.local/lib/python3.8/site-packages/airflow/example_dags/example_latest_only.py for tasks to queue
[2023-11-23T02:13:36.628+0000] {logging_mixin.py:154} INFO - [2023-11-23T02:13:36.627+0000] {dagbag.py:536} INFO - Filling up the DagBag from /home/airflow/.local/lib/python3.8/site-packages/airflow/example_dags/example_latest_only.py
[2023-11-23T02:13:36.630+0000] {processor.py:839} INFO - DAG(s) dict_keys(['latest_only']) retrieved from /home/airflow/.local/lib/python3.8/site-packages/airflow/example_dags/example_latest_only.py
[2023-11-23T02:13:36.643+0000] {logging_mixin.py:154} INFO - [2023-11-23T02:13:36.643+0000] {dag.py:2941} INFO - Sync 1 DAGs
[2023-11-23T02:13:36.661+0000] {logging_mixin.py:154} INFO - [2023-11-23T02:13:36.660+0000] {dag.py:3722} INFO - Setting next_dagrun for latest_only to 2023-11-22T22:13:36.660705+00:00, run_after=2023-11-23T02:13:36.660705+00:00
[2023-11-23T02:13:36.709+0000] {processor.py:179} INFO - Processing /home/airflow/.local/lib/python3.8/site-packages/airflow/example_dags/example_latest_only.py took 0.109 seconds
