[2023-11-23T02:10:34.189+0000] {processor.py:157} INFO - Started process (PID=52) to work on /home/airflow/.local/lib/python3.8/site-packages/airflow/example_dags/example_setup_teardown_taskflow.py
[2023-11-23T02:10:34.189+0000] {processor.py:829} INFO - Processing file /home/airflow/.local/lib/python3.8/site-packages/airflow/example_dags/example_setup_teardown_taskflow.py for tasks to queue
[2023-11-23T02:10:34.190+0000] {logging_mixin.py:154} INFO - [2023-11-23T02:10:34.190+0000] {dagbag.py:536} INFO - Filling up the DagBag from /home/airflow/.local/lib/python3.8/site-packages/airflow/example_dags/example_setup_teardown_taskflow.py
[2023-11-23T02:10:34.198+0000] {processor.py:839} INFO - DAG(s) dict_keys(['example_setup_teardown_taskflow']) retrieved from /home/airflow/.local/lib/python3.8/site-packages/airflow/example_dags/example_setup_teardown_taskflow.py
[2023-11-23T02:10:34.206+0000] {logging_mixin.py:154} INFO - [2023-11-23T02:10:34.206+0000] {dag.py:2941} INFO - Sync 1 DAGs
[2023-11-23T02:10:34.223+0000] {logging_mixin.py:154} INFO - [2023-11-23T02:10:34.223+0000] {dag.py:3722} INFO - Setting next_dagrun for example_setup_teardown_taskflow to 2023-11-22T02:10:34.223476+00:00, run_after=2023-11-23T02:10:34.223476+00:00
[2023-11-23T02:10:34.273+0000] {processor.py:179} INFO - Processing /home/airflow/.local/lib/python3.8/site-packages/airflow/example_dags/example_setup_teardown_taskflow.py took 0.086 seconds
[2023-11-23T02:11:04.340+0000] {processor.py:157} INFO - Started process (PID=106) to work on /home/airflow/.local/lib/python3.8/site-packages/airflow/example_dags/example_setup_teardown_taskflow.py
[2023-11-23T02:11:04.340+0000] {processor.py:829} INFO - Processing file /home/airflow/.local/lib/python3.8/site-packages/airflow/example_dags/example_setup_teardown_taskflow.py for tasks to queue
[2023-11-23T02:11:04.341+0000] {logging_mixin.py:154} INFO - [2023-11-23T02:11:04.341+0000] {dagbag.py:536} INFO - Filling up the DagBag from /home/airflow/.local/lib/python3.8/site-packages/airflow/example_dags/example_setup_teardown_taskflow.py
[2023-11-23T02:11:04.347+0000] {processor.py:839} INFO - DAG(s) dict_keys(['example_setup_teardown_taskflow']) retrieved from /home/airflow/.local/lib/python3.8/site-packages/airflow/example_dags/example_setup_teardown_taskflow.py
[2023-11-23T02:11:04.361+0000] {logging_mixin.py:154} INFO - [2023-11-23T02:11:04.361+0000] {dag.py:2941} INFO - Sync 1 DAGs
[2023-11-23T02:11:04.377+0000] {logging_mixin.py:154} INFO - [2023-11-23T02:11:04.377+0000] {dag.py:3722} INFO - Setting next_dagrun for example_setup_teardown_taskflow to 2023-11-22T02:11:04.377199+00:00, run_after=2023-11-23T02:11:04.377199+00:00
[2023-11-23T02:11:04.414+0000] {processor.py:179} INFO - Processing /home/airflow/.local/lib/python3.8/site-packages/airflow/example_dags/example_setup_teardown_taskflow.py took 0.076 seconds
[2023-11-23T02:11:34.946+0000] {processor.py:157} INFO - Started process (PID=160) to work on /home/airflow/.local/lib/python3.8/site-packages/airflow/example_dags/example_setup_teardown_taskflow.py
[2023-11-23T02:11:34.953+0000] {processor.py:829} INFO - Processing file /home/airflow/.local/lib/python3.8/site-packages/airflow/example_dags/example_setup_teardown_taskflow.py for tasks to queue
[2023-11-23T02:11:34.955+0000] {logging_mixin.py:154} INFO - [2023-11-23T02:11:34.955+0000] {dagbag.py:536} INFO - Filling up the DagBag from /home/airflow/.local/lib/python3.8/site-packages/airflow/example_dags/example_setup_teardown_taskflow.py
[2023-11-23T02:11:34.963+0000] {processor.py:839} INFO - DAG(s) dict_keys(['example_setup_teardown_taskflow']) retrieved from /home/airflow/.local/lib/python3.8/site-packages/airflow/example_dags/example_setup_teardown_taskflow.py
[2023-11-23T02:11:34.985+0000] {logging_mixin.py:154} INFO - [2023-11-23T02:11:34.984+0000] {dag.py:2941} INFO - Sync 1 DAGs
[2023-11-23T02:11:35.007+0000] {logging_mixin.py:154} INFO - [2023-11-23T02:11:35.007+0000] {dag.py:3722} INFO - Setting next_dagrun for example_setup_teardown_taskflow to 2023-11-22T02:11:35.007077+00:00, run_after=2023-11-23T02:11:35.007077+00:00
[2023-11-23T02:11:35.069+0000] {processor.py:179} INFO - Processing /home/airflow/.local/lib/python3.8/site-packages/airflow/example_dags/example_setup_teardown_taskflow.py took 0.127 seconds
[2023-11-23T02:12:05.445+0000] {processor.py:157} INFO - Started process (PID=214) to work on /home/airflow/.local/lib/python3.8/site-packages/airflow/example_dags/example_setup_teardown_taskflow.py
[2023-11-23T02:12:05.446+0000] {processor.py:829} INFO - Processing file /home/airflow/.local/lib/python3.8/site-packages/airflow/example_dags/example_setup_teardown_taskflow.py for tasks to queue
[2023-11-23T02:12:05.447+0000] {logging_mixin.py:154} INFO - [2023-11-23T02:12:05.447+0000] {dagbag.py:536} INFO - Filling up the DagBag from /home/airflow/.local/lib/python3.8/site-packages/airflow/example_dags/example_setup_teardown_taskflow.py
[2023-11-23T02:12:05.453+0000] {processor.py:839} INFO - DAG(s) dict_keys(['example_setup_teardown_taskflow']) retrieved from /home/airflow/.local/lib/python3.8/site-packages/airflow/example_dags/example_setup_teardown_taskflow.py
[2023-11-23T02:12:05.504+0000] {logging_mixin.py:154} INFO - [2023-11-23T02:12:05.503+0000] {dag.py:2941} INFO - Sync 1 DAGs
[2023-11-23T02:12:05.524+0000] {logging_mixin.py:154} INFO - [2023-11-23T02:12:05.524+0000] {dag.py:3722} INFO - Setting next_dagrun for example_setup_teardown_taskflow to 2023-11-22T02:12:05.524459+00:00, run_after=2023-11-23T02:12:05.524459+00:00
[2023-11-23T02:12:05.574+0000] {processor.py:179} INFO - Processing /home/airflow/.local/lib/python3.8/site-packages/airflow/example_dags/example_setup_teardown_taskflow.py took 0.131 seconds
[2023-11-23T02:12:36.180+0000] {processor.py:157} INFO - Started process (PID=267) to work on /home/airflow/.local/lib/python3.8/site-packages/airflow/example_dags/example_setup_teardown_taskflow.py
[2023-11-23T02:12:36.211+0000] {processor.py:829} INFO - Processing file /home/airflow/.local/lib/python3.8/site-packages/airflow/example_dags/example_setup_teardown_taskflow.py for tasks to queue
[2023-11-23T02:12:36.213+0000] {logging_mixin.py:154} INFO - [2023-11-23T02:12:36.213+0000] {dagbag.py:536} INFO - Filling up the DagBag from /home/airflow/.local/lib/python3.8/site-packages/airflow/example_dags/example_setup_teardown_taskflow.py
[2023-11-23T02:12:36.220+0000] {processor.py:839} INFO - DAG(s) dict_keys(['example_setup_teardown_taskflow']) retrieved from /home/airflow/.local/lib/python3.8/site-packages/airflow/example_dags/example_setup_teardown_taskflow.py
[2023-11-23T02:12:36.235+0000] {logging_mixin.py:154} INFO - [2023-11-23T02:12:36.235+0000] {dag.py:2941} INFO - Sync 1 DAGs
[2023-11-23T02:12:36.251+0000] {logging_mixin.py:154} INFO - [2023-11-23T02:12:36.250+0000] {dag.py:3722} INFO - Setting next_dagrun for example_setup_teardown_taskflow to 2023-11-22T02:12:36.250687+00:00, run_after=2023-11-23T02:12:36.250687+00:00
[2023-11-23T02:12:36.298+0000] {processor.py:179} INFO - Processing /home/airflow/.local/lib/python3.8/site-packages/airflow/example_dags/example_setup_teardown_taskflow.py took 0.123 seconds
[2023-11-23T02:13:06.414+0000] {processor.py:157} INFO - Started process (PID=321) to work on /home/airflow/.local/lib/python3.8/site-packages/airflow/example_dags/example_setup_teardown_taskflow.py
[2023-11-23T02:13:06.415+0000] {processor.py:829} INFO - Processing file /home/airflow/.local/lib/python3.8/site-packages/airflow/example_dags/example_setup_teardown_taskflow.py for tasks to queue
[2023-11-23T02:13:06.416+0000] {logging_mixin.py:154} INFO - [2023-11-23T02:13:06.416+0000] {dagbag.py:536} INFO - Filling up the DagBag from /home/airflow/.local/lib/python3.8/site-packages/airflow/example_dags/example_setup_teardown_taskflow.py
[2023-11-23T02:13:06.423+0000] {processor.py:839} INFO - DAG(s) dict_keys(['example_setup_teardown_taskflow']) retrieved from /home/airflow/.local/lib/python3.8/site-packages/airflow/example_dags/example_setup_teardown_taskflow.py
[2023-11-23T02:13:06.439+0000] {logging_mixin.py:154} INFO - [2023-11-23T02:13:06.439+0000] {dag.py:2941} INFO - Sync 1 DAGs
[2023-11-23T02:13:06.454+0000] {logging_mixin.py:154} INFO - [2023-11-23T02:13:06.454+0000] {dag.py:3722} INFO - Setting next_dagrun for example_setup_teardown_taskflow to 2023-11-22T02:13:06.454378+00:00, run_after=2023-11-23T02:13:06.454378+00:00
[2023-11-23T02:13:06.571+0000] {processor.py:179} INFO - Processing /home/airflow/.local/lib/python3.8/site-packages/airflow/example_dags/example_setup_teardown_taskflow.py took 0.159 seconds
[2023-11-23T02:13:36.907+0000] {processor.py:157} INFO - Started process (PID=375) to work on /home/airflow/.local/lib/python3.8/site-packages/airflow/example_dags/example_setup_teardown_taskflow.py
[2023-11-23T02:13:36.908+0000] {processor.py:829} INFO - Processing file /home/airflow/.local/lib/python3.8/site-packages/airflow/example_dags/example_setup_teardown_taskflow.py for tasks to queue
[2023-11-23T02:13:36.910+0000] {logging_mixin.py:154} INFO - [2023-11-23T02:13:36.910+0000] {dagbag.py:536} INFO - Filling up the DagBag from /home/airflow/.local/lib/python3.8/site-packages/airflow/example_dags/example_setup_teardown_taskflow.py
[2023-11-23T02:13:36.916+0000] {processor.py:839} INFO - DAG(s) dict_keys(['example_setup_teardown_taskflow']) retrieved from /home/airflow/.local/lib/python3.8/site-packages/airflow/example_dags/example_setup_teardown_taskflow.py
[2023-11-23T02:13:36.931+0000] {logging_mixin.py:154} INFO - [2023-11-23T02:13:36.930+0000] {dag.py:2941} INFO - Sync 1 DAGs
[2023-11-23T02:13:36.948+0000] {logging_mixin.py:154} INFO - [2023-11-23T02:13:36.948+0000] {dag.py:3722} INFO - Setting next_dagrun for example_setup_teardown_taskflow to 2023-11-22T02:13:36.948175+00:00, run_after=2023-11-23T02:13:36.948175+00:00
[2023-11-23T02:13:36.999+0000] {processor.py:179} INFO - Processing /home/airflow/.local/lib/python3.8/site-packages/airflow/example_dags/example_setup_teardown_taskflow.py took 0.094 seconds
