[2023-11-23T02:10:33.584+0000] {processor.py:157} INFO - Started process (PID=43) to work on /home/airflow/.local/lib/python3.8/site-packages/airflow/example_dags/example_latest_only_with_trigger.py
[2023-11-23T02:10:33.585+0000] {processor.py:829} INFO - Processing file /home/airflow/.local/lib/python3.8/site-packages/airflow/example_dags/example_latest_only_with_trigger.py for tasks to queue
[2023-11-23T02:10:33.586+0000] {logging_mixin.py:154} INFO - [2023-11-23T02:10:33.586+0000] {dagbag.py:536} INFO - Filling up the DagBag from /home/airflow/.local/lib/python3.8/site-packages/airflow/example_dags/example_latest_only_with_trigger.py
[2023-11-23T02:10:33.593+0000] {processor.py:839} INFO - DAG(s) dict_keys(['latest_only_with_trigger']) retrieved from /home/airflow/.local/lib/python3.8/site-packages/airflow/example_dags/example_latest_only_with_trigger.py
[2023-11-23T02:10:33.613+0000] {logging_mixin.py:154} INFO - [2023-11-23T02:10:33.613+0000] {dag.py:2941} INFO - Sync 1 DAGs
[2023-11-23T02:10:33.631+0000] {logging_mixin.py:154} INFO - [2023-11-23T02:10:33.631+0000] {dag.py:3722} INFO - Setting next_dagrun for latest_only_with_trigger to 2023-11-22T22:10:33.631021+00:00, run_after=2023-11-23T02:10:33.631021+00:00
[2023-11-23T02:10:33.683+0000] {processor.py:179} INFO - Processing /home/airflow/.local/lib/python3.8/site-packages/airflow/example_dags/example_latest_only_with_trigger.py took 0.101 seconds
[2023-11-23T02:11:03.746+0000] {processor.py:157} INFO - Started process (PID=97) to work on /home/airflow/.local/lib/python3.8/site-packages/airflow/example_dags/example_latest_only_with_trigger.py
[2023-11-23T02:11:03.747+0000] {processor.py:829} INFO - Processing file /home/airflow/.local/lib/python3.8/site-packages/airflow/example_dags/example_latest_only_with_trigger.py for tasks to queue
[2023-11-23T02:11:03.748+0000] {logging_mixin.py:154} INFO - [2023-11-23T02:11:03.748+0000] {dagbag.py:536} INFO - Filling up the DagBag from /home/airflow/.local/lib/python3.8/site-packages/airflow/example_dags/example_latest_only_with_trigger.py
[2023-11-23T02:11:03.752+0000] {processor.py:839} INFO - DAG(s) dict_keys(['latest_only_with_trigger']) retrieved from /home/airflow/.local/lib/python3.8/site-packages/airflow/example_dags/example_latest_only_with_trigger.py
[2023-11-23T02:11:03.766+0000] {logging_mixin.py:154} INFO - [2023-11-23T02:11:03.766+0000] {dag.py:2941} INFO - Sync 1 DAGs
[2023-11-23T02:11:03.780+0000] {logging_mixin.py:154} INFO - [2023-11-23T02:11:03.780+0000] {dag.py:3722} INFO - Setting next_dagrun for latest_only_with_trigger to 2023-11-22T22:11:03.780278+00:00, run_after=2023-11-23T02:11:03.780278+00:00
[2023-11-23T02:11:03.825+0000] {processor.py:179} INFO - Processing /home/airflow/.local/lib/python3.8/site-packages/airflow/example_dags/example_latest_only_with_trigger.py took 0.081 seconds
[2023-11-23T02:11:33.945+0000] {processor.py:157} INFO - Started process (PID=151) to work on /home/airflow/.local/lib/python3.8/site-packages/airflow/example_dags/example_latest_only_with_trigger.py
[2023-11-23T02:11:33.953+0000] {processor.py:829} INFO - Processing file /home/airflow/.local/lib/python3.8/site-packages/airflow/example_dags/example_latest_only_with_trigger.py for tasks to queue
[2023-11-23T02:11:33.954+0000] {logging_mixin.py:154} INFO - [2023-11-23T02:11:33.954+0000] {dagbag.py:536} INFO - Filling up the DagBag from /home/airflow/.local/lib/python3.8/site-packages/airflow/example_dags/example_latest_only_with_trigger.py
[2023-11-23T02:11:33.958+0000] {processor.py:839} INFO - DAG(s) dict_keys(['latest_only_with_trigger']) retrieved from /home/airflow/.local/lib/python3.8/site-packages/airflow/example_dags/example_latest_only_with_trigger.py
[2023-11-23T02:11:33.972+0000] {logging_mixin.py:154} INFO - [2023-11-23T02:11:33.972+0000] {dag.py:2941} INFO - Sync 1 DAGs
[2023-11-23T02:11:33.989+0000] {logging_mixin.py:154} INFO - [2023-11-23T02:11:33.989+0000] {dag.py:3722} INFO - Setting next_dagrun for latest_only_with_trigger to 2023-11-22T22:11:33.989528+00:00, run_after=2023-11-23T02:11:33.989528+00:00
[2023-11-23T02:11:34.058+0000] {processor.py:179} INFO - Processing /home/airflow/.local/lib/python3.8/site-packages/airflow/example_dags/example_latest_only_with_trigger.py took 0.115 seconds
[2023-11-23T02:12:04.682+0000] {processor.py:157} INFO - Started process (PID=205) to work on /home/airflow/.local/lib/python3.8/site-packages/airflow/example_dags/example_latest_only_with_trigger.py
[2023-11-23T02:12:04.682+0000] {processor.py:829} INFO - Processing file /home/airflow/.local/lib/python3.8/site-packages/airflow/example_dags/example_latest_only_with_trigger.py for tasks to queue
[2023-11-23T02:12:04.684+0000] {logging_mixin.py:154} INFO - [2023-11-23T02:12:04.684+0000] {dagbag.py:536} INFO - Filling up the DagBag from /home/airflow/.local/lib/python3.8/site-packages/airflow/example_dags/example_latest_only_with_trigger.py
[2023-11-23T02:12:04.689+0000] {processor.py:839} INFO - DAG(s) dict_keys(['latest_only_with_trigger']) retrieved from /home/airflow/.local/lib/python3.8/site-packages/airflow/example_dags/example_latest_only_with_trigger.py
[2023-11-23T02:12:04.704+0000] {logging_mixin.py:154} INFO - [2023-11-23T02:12:04.704+0000] {dag.py:2941} INFO - Sync 1 DAGs
[2023-11-23T02:12:04.721+0000] {logging_mixin.py:154} INFO - [2023-11-23T02:12:04.720+0000] {dag.py:3722} INFO - Setting next_dagrun for latest_only_with_trigger to 2023-11-22T22:12:04.720738+00:00, run_after=2023-11-23T02:12:04.720738+00:00
[2023-11-23T02:12:04.847+0000] {processor.py:179} INFO - Processing /home/airflow/.local/lib/python3.8/site-packages/airflow/example_dags/example_latest_only_with_trigger.py took 0.168 seconds
[2023-11-23T02:12:35.331+0000] {processor.py:157} INFO - Started process (PID=259) to work on /home/airflow/.local/lib/python3.8/site-packages/airflow/example_dags/example_latest_only_with_trigger.py
[2023-11-23T02:12:35.405+0000] {processor.py:829} INFO - Processing file /home/airflow/.local/lib/python3.8/site-packages/airflow/example_dags/example_latest_only_with_trigger.py for tasks to queue
[2023-11-23T02:12:35.408+0000] {logging_mixin.py:154} INFO - [2023-11-23T02:12:35.408+0000] {dagbag.py:536} INFO - Filling up the DagBag from /home/airflow/.local/lib/python3.8/site-packages/airflow/example_dags/example_latest_only_with_trigger.py
[2023-11-23T02:12:35.417+0000] {processor.py:839} INFO - DAG(s) dict_keys(['latest_only_with_trigger']) retrieved from /home/airflow/.local/lib/python3.8/site-packages/airflow/example_dags/example_latest_only_with_trigger.py
[2023-11-23T02:12:35.451+0000] {logging_mixin.py:154} INFO - [2023-11-23T02:12:35.451+0000] {dag.py:2941} INFO - Sync 1 DAGs
[2023-11-23T02:12:35.471+0000] {logging_mixin.py:154} INFO - [2023-11-23T02:12:35.471+0000] {dag.py:3722} INFO - Setting next_dagrun for latest_only_with_trigger to 2023-11-22T22:12:35.471090+00:00, run_after=2023-11-23T02:12:35.471090+00:00
[2023-11-23T02:12:35.565+0000] {processor.py:179} INFO - Processing /home/airflow/.local/lib/python3.8/site-packages/airflow/example_dags/example_latest_only_with_trigger.py took 0.237 seconds
[2023-11-23T02:13:06.016+0000] {processor.py:157} INFO - Started process (PID=313) to work on /home/airflow/.local/lib/python3.8/site-packages/airflow/example_dags/example_latest_only_with_trigger.py
[2023-11-23T02:13:06.033+0000] {processor.py:829} INFO - Processing file /home/airflow/.local/lib/python3.8/site-packages/airflow/example_dags/example_latest_only_with_trigger.py for tasks to queue
[2023-11-23T02:13:06.035+0000] {logging_mixin.py:154} INFO - [2023-11-23T02:13:06.034+0000] {dagbag.py:536} INFO - Filling up the DagBag from /home/airflow/.local/lib/python3.8/site-packages/airflow/example_dags/example_latest_only_with_trigger.py
[2023-11-23T02:13:06.038+0000] {processor.py:839} INFO - DAG(s) dict_keys(['latest_only_with_trigger']) retrieved from /home/airflow/.local/lib/python3.8/site-packages/airflow/example_dags/example_latest_only_with_trigger.py
[2023-11-23T02:13:06.055+0000] {logging_mixin.py:154} INFO - [2023-11-23T02:13:06.054+0000] {dag.py:2941} INFO - Sync 1 DAGs
[2023-11-23T02:13:06.072+0000] {logging_mixin.py:154} INFO - [2023-11-23T02:13:06.072+0000] {dag.py:3722} INFO - Setting next_dagrun for latest_only_with_trigger to 2023-11-22T22:13:06.072008+00:00, run_after=2023-11-23T02:13:06.072008+00:00
[2023-11-23T02:13:06.132+0000] {processor.py:179} INFO - Processing /home/airflow/.local/lib/python3.8/site-packages/airflow/example_dags/example_latest_only_with_trigger.py took 0.118 seconds
[2023-11-23T02:13:36.446+0000] {processor.py:157} INFO - Started process (PID=367) to work on /home/airflow/.local/lib/python3.8/site-packages/airflow/example_dags/example_latest_only_with_trigger.py
[2023-11-23T02:13:36.452+0000] {processor.py:829} INFO - Processing file /home/airflow/.local/lib/python3.8/site-packages/airflow/example_dags/example_latest_only_with_trigger.py for tasks to queue
[2023-11-23T02:13:36.453+0000] {logging_mixin.py:154} INFO - [2023-11-23T02:13:36.453+0000] {dagbag.py:536} INFO - Filling up the DagBag from /home/airflow/.local/lib/python3.8/site-packages/airflow/example_dags/example_latest_only_with_trigger.py
[2023-11-23T02:13:36.456+0000] {processor.py:839} INFO - DAG(s) dict_keys(['latest_only_with_trigger']) retrieved from /home/airflow/.local/lib/python3.8/site-packages/airflow/example_dags/example_latest_only_with_trigger.py
[2023-11-23T02:13:36.471+0000] {logging_mixin.py:154} INFO - [2023-11-23T02:13:36.471+0000] {dag.py:2941} INFO - Sync 1 DAGs
[2023-11-23T02:13:36.487+0000] {logging_mixin.py:154} INFO - [2023-11-23T02:13:36.487+0000] {dag.py:3722} INFO - Setting next_dagrun for latest_only_with_trigger to 2023-11-22T22:13:36.487385+00:00, run_after=2023-11-23T02:13:36.487385+00:00
[2023-11-23T02:13:36.560+0000] {processor.py:179} INFO - Processing /home/airflow/.local/lib/python3.8/site-packages/airflow/example_dags/example_latest_only_with_trigger.py took 0.116 seconds
