[2023-11-23T02:10:34.286+0000] {processor.py:157} INFO - Started process (PID=54) to work on /home/airflow/.local/lib/python3.8/site-packages/airflow/example_dags/example_task_group_decorator.py
[2023-11-23T02:10:34.287+0000] {processor.py:829} INFO - Processing file /home/airflow/.local/lib/python3.8/site-packages/airflow/example_dags/example_task_group_decorator.py for tasks to queue
[2023-11-23T02:10:34.288+0000] {logging_mixin.py:154} INFO - [2023-11-23T02:10:34.288+0000] {dagbag.py:536} INFO - Filling up the DagBag from /home/airflow/.local/lib/python3.8/site-packages/airflow/example_dags/example_task_group_decorator.py
[2023-11-23T02:10:34.300+0000] {processor.py:839} INFO - DAG(s) dict_keys(['example_task_group_decorator']) retrieved from /home/airflow/.local/lib/python3.8/site-packages/airflow/example_dags/example_task_group_decorator.py
[2023-11-23T02:10:34.308+0000] {logging_mixin.py:154} INFO - [2023-11-23T02:10:34.308+0000] {dag.py:2941} INFO - Sync 1 DAGs
[2023-11-23T02:10:34.327+0000] {logging_mixin.py:154} INFO - [2023-11-23T02:10:34.327+0000] {dag.py:3722} INFO - Setting next_dagrun for example_task_group_decorator to 2023-11-22T02:10:34.327220+00:00, run_after=2023-11-23T02:10:34.327220+00:00
[2023-11-23T02:10:34.375+0000] {processor.py:179} INFO - Processing /home/airflow/.local/lib/python3.8/site-packages/airflow/example_dags/example_task_group_decorator.py took 0.090 seconds
[2023-11-23T02:11:04.761+0000] {processor.py:157} INFO - Started process (PID=108) to work on /home/airflow/.local/lib/python3.8/site-packages/airflow/example_dags/example_task_group_decorator.py
[2023-11-23T02:11:04.762+0000] {processor.py:829} INFO - Processing file /home/airflow/.local/lib/python3.8/site-packages/airflow/example_dags/example_task_group_decorator.py for tasks to queue
[2023-11-23T02:11:04.763+0000] {logging_mixin.py:154} INFO - [2023-11-23T02:11:04.763+0000] {dagbag.py:536} INFO - Filling up the DagBag from /home/airflow/.local/lib/python3.8/site-packages/airflow/example_dags/example_task_group_decorator.py
[2023-11-23T02:11:04.771+0000] {processor.py:839} INFO - DAG(s) dict_keys(['example_task_group_decorator']) retrieved from /home/airflow/.local/lib/python3.8/site-packages/airflow/example_dags/example_task_group_decorator.py
[2023-11-23T02:11:04.786+0000] {logging_mixin.py:154} INFO - [2023-11-23T02:11:04.786+0000] {dag.py:2941} INFO - Sync 1 DAGs
[2023-11-23T02:11:04.802+0000] {logging_mixin.py:154} INFO - [2023-11-23T02:11:04.801+0000] {dag.py:3722} INFO - Setting next_dagrun for example_task_group_decorator to 2023-11-22T02:11:04.801771+00:00, run_after=2023-11-23T02:11:04.801771+00:00
[2023-11-23T02:11:04.841+0000] {processor.py:179} INFO - Processing /home/airflow/.local/lib/python3.8/site-packages/airflow/example_dags/example_task_group_decorator.py took 0.082 seconds
[2023-11-23T02:11:35.124+0000] {processor.py:157} INFO - Started process (PID=162) to work on /home/airflow/.local/lib/python3.8/site-packages/airflow/example_dags/example_task_group_decorator.py
[2023-11-23T02:11:35.139+0000] {processor.py:829} INFO - Processing file /home/airflow/.local/lib/python3.8/site-packages/airflow/example_dags/example_task_group_decorator.py for tasks to queue
[2023-11-23T02:11:35.141+0000] {logging_mixin.py:154} INFO - [2023-11-23T02:11:35.141+0000] {dagbag.py:536} INFO - Filling up the DagBag from /home/airflow/.local/lib/python3.8/site-packages/airflow/example_dags/example_task_group_decorator.py
[2023-11-23T02:11:35.149+0000] {processor.py:839} INFO - DAG(s) dict_keys(['example_task_group_decorator']) retrieved from /home/airflow/.local/lib/python3.8/site-packages/airflow/example_dags/example_task_group_decorator.py
[2023-11-23T02:11:35.168+0000] {logging_mixin.py:154} INFO - [2023-11-23T02:11:35.168+0000] {dag.py:2941} INFO - Sync 1 DAGs
[2023-11-23T02:11:35.185+0000] {logging_mixin.py:154} INFO - [2023-11-23T02:11:35.184+0000] {dag.py:3722} INFO - Setting next_dagrun for example_task_group_decorator to 2023-11-22T02:11:35.184719+00:00, run_after=2023-11-23T02:11:35.184719+00:00
[2023-11-23T02:11:35.228+0000] {processor.py:179} INFO - Processing /home/airflow/.local/lib/python3.8/site-packages/airflow/example_dags/example_task_group_decorator.py took 0.106 seconds
[2023-11-23T02:12:05.747+0000] {processor.py:157} INFO - Started process (PID=216) to work on /home/airflow/.local/lib/python3.8/site-packages/airflow/example_dags/example_task_group_decorator.py
[2023-11-23T02:12:05.748+0000] {processor.py:829} INFO - Processing file /home/airflow/.local/lib/python3.8/site-packages/airflow/example_dags/example_task_group_decorator.py for tasks to queue
[2023-11-23T02:12:05.749+0000] {logging_mixin.py:154} INFO - [2023-11-23T02:12:05.749+0000] {dagbag.py:536} INFO - Filling up the DagBag from /home/airflow/.local/lib/python3.8/site-packages/airflow/example_dags/example_task_group_decorator.py
[2023-11-23T02:12:05.759+0000] {processor.py:839} INFO - DAG(s) dict_keys(['example_task_group_decorator']) retrieved from /home/airflow/.local/lib/python3.8/site-packages/airflow/example_dags/example_task_group_decorator.py
[2023-11-23T02:12:05.775+0000] {logging_mixin.py:154} INFO - [2023-11-23T02:12:05.775+0000] {dag.py:2941} INFO - Sync 1 DAGs
[2023-11-23T02:12:05.790+0000] {logging_mixin.py:154} INFO - [2023-11-23T02:12:05.790+0000] {dag.py:3722} INFO - Setting next_dagrun for example_task_group_decorator to 2023-11-22T02:12:05.790508+00:00, run_after=2023-11-23T02:12:05.790508+00:00
[2023-11-23T02:12:05.884+0000] {processor.py:179} INFO - Processing /home/airflow/.local/lib/python3.8/site-packages/airflow/example_dags/example_task_group_decorator.py took 0.138 seconds
[2023-11-23T02:12:36.413+0000] {processor.py:157} INFO - Started process (PID=270) to work on /home/airflow/.local/lib/python3.8/site-packages/airflow/example_dags/example_task_group_decorator.py
[2023-11-23T02:12:36.415+0000] {processor.py:829} INFO - Processing file /home/airflow/.local/lib/python3.8/site-packages/airflow/example_dags/example_task_group_decorator.py for tasks to queue
[2023-11-23T02:12:36.417+0000] {logging_mixin.py:154} INFO - [2023-11-23T02:12:36.416+0000] {dagbag.py:536} INFO - Filling up the DagBag from /home/airflow/.local/lib/python3.8/site-packages/airflow/example_dags/example_task_group_decorator.py
[2023-11-23T02:12:36.428+0000] {processor.py:839} INFO - DAG(s) dict_keys(['example_task_group_decorator']) retrieved from /home/airflow/.local/lib/python3.8/site-packages/airflow/example_dags/example_task_group_decorator.py
[2023-11-23T02:12:36.448+0000] {logging_mixin.py:154} INFO - [2023-11-23T02:12:36.448+0000] {dag.py:2941} INFO - Sync 1 DAGs
[2023-11-23T02:12:36.474+0000] {logging_mixin.py:154} INFO - [2023-11-23T02:12:36.473+0000] {dag.py:3722} INFO - Setting next_dagrun for example_task_group_decorator to 2023-11-22T02:12:36.473771+00:00, run_after=2023-11-23T02:12:36.473771+00:00
[2023-11-23T02:12:36.611+0000] {processor.py:179} INFO - Processing /home/airflow/.local/lib/python3.8/site-packages/airflow/example_dags/example_task_group_decorator.py took 0.200 seconds
[2023-11-23T02:13:07.596+0000] {processor.py:157} INFO - Started process (PID=324) to work on /home/airflow/.local/lib/python3.8/site-packages/airflow/example_dags/example_task_group_decorator.py
[2023-11-23T02:13:07.596+0000] {processor.py:829} INFO - Processing file /home/airflow/.local/lib/python3.8/site-packages/airflow/example_dags/example_task_group_decorator.py for tasks to queue
[2023-11-23T02:13:07.598+0000] {logging_mixin.py:154} INFO - [2023-11-23T02:13:07.598+0000] {dagbag.py:536} INFO - Filling up the DagBag from /home/airflow/.local/lib/python3.8/site-packages/airflow/example_dags/example_task_group_decorator.py
[2023-11-23T02:13:07.606+0000] {processor.py:839} INFO - DAG(s) dict_keys(['example_task_group_decorator']) retrieved from /home/airflow/.local/lib/python3.8/site-packages/airflow/example_dags/example_task_group_decorator.py
[2023-11-23T02:13:07.636+0000] {logging_mixin.py:154} INFO - [2023-11-23T02:13:07.636+0000] {dag.py:2941} INFO - Sync 1 DAGs
[2023-11-23T02:13:07.657+0000] {logging_mixin.py:154} INFO - [2023-11-23T02:13:07.657+0000] {dag.py:3722} INFO - Setting next_dagrun for example_task_group_decorator to 2023-11-22T02:13:07.657077+00:00, run_after=2023-11-23T02:13:07.657077+00:00
[2023-11-23T02:13:07.789+0000] {processor.py:179} INFO - Processing /home/airflow/.local/lib/python3.8/site-packages/airflow/example_dags/example_task_group_decorator.py took 0.195 seconds
[2023-11-23T02:13:38.037+0000] {processor.py:157} INFO - Started process (PID=378) to work on /home/airflow/.local/lib/python3.8/site-packages/airflow/example_dags/example_task_group_decorator.py
[2023-11-23T02:13:38.038+0000] {processor.py:829} INFO - Processing file /home/airflow/.local/lib/python3.8/site-packages/airflow/example_dags/example_task_group_decorator.py for tasks to queue
[2023-11-23T02:13:38.039+0000] {logging_mixin.py:154} INFO - [2023-11-23T02:13:38.039+0000] {dagbag.py:536} INFO - Filling up the DagBag from /home/airflow/.local/lib/python3.8/site-packages/airflow/example_dags/example_task_group_decorator.py
[2023-11-23T02:13:38.048+0000] {processor.py:839} INFO - DAG(s) dict_keys(['example_task_group_decorator']) retrieved from /home/airflow/.local/lib/python3.8/site-packages/airflow/example_dags/example_task_group_decorator.py
[2023-11-23T02:13:38.068+0000] {logging_mixin.py:154} INFO - [2023-11-23T02:13:38.068+0000] {dag.py:2941} INFO - Sync 1 DAGs
[2023-11-23T02:13:38.090+0000] {logging_mixin.py:154} INFO - [2023-11-23T02:13:38.090+0000] {dag.py:3722} INFO - Setting next_dagrun for example_task_group_decorator to 2023-11-22T02:13:38.089804+00:00, run_after=2023-11-23T02:13:38.089804+00:00
[2023-11-23T02:13:38.145+0000] {processor.py:179} INFO - Processing /home/airflow/.local/lib/python3.8/site-packages/airflow/example_dags/example_task_group_decorator.py took 0.110 seconds
