[2023-11-23T02:10:33.999+0000] {processor.py:157} INFO - Started process (PID=50) to work on /home/airflow/.local/lib/python3.8/site-packages/airflow/example_dags/example_dag_decorator.py
[2023-11-23T02:10:33.999+0000] {processor.py:829} INFO - Processing file /home/airflow/.local/lib/python3.8/site-packages/airflow/example_dags/example_dag_decorator.py for tasks to queue
[2023-11-23T02:10:34.000+0000] {logging_mixin.py:154} INFO - [2023-11-23T02:10:34.000+0000] {dagbag.py:536} INFO - Filling up the DagBag from /home/airflow/.local/lib/python3.8/site-packages/airflow/example_dags/example_dag_decorator.py
[2023-11-23T02:10:34.146+0000] {processor.py:839} INFO - DAG(s) dict_keys(['example_dag_decorator']) retrieved from /home/airflow/.local/lib/python3.8/site-packages/airflow/example_dags/example_dag_decorator.py
[2023-11-23T02:10:34.155+0000] {logging_mixin.py:154} INFO - [2023-11-23T02:10:34.155+0000] {dag.py:2941} INFO - Sync 1 DAGs
[2023-11-23T02:10:34.165+0000] {logging_mixin.py:154} INFO - [2023-11-23T02:10:34.165+0000] {dag.py:3722} INFO - Setting next_dagrun for example_dag_decorator to None, run_after=None
[2023-11-23T02:10:34.224+0000] {processor.py:179} INFO - Processing /home/airflow/.local/lib/python3.8/site-packages/airflow/example_dags/example_dag_decorator.py took 0.227 seconds
[2023-11-23T02:11:04.259+0000] {processor.py:157} INFO - Started process (PID=105) to work on /home/airflow/.local/lib/python3.8/site-packages/airflow/example_dags/example_dag_decorator.py
[2023-11-23T02:11:04.259+0000] {processor.py:829} INFO - Processing file /home/airflow/.local/lib/python3.8/site-packages/airflow/example_dags/example_dag_decorator.py for tasks to queue
[2023-11-23T02:11:04.261+0000] {logging_mixin.py:154} INFO - [2023-11-23T02:11:04.260+0000] {dagbag.py:536} INFO - Filling up the DagBag from /home/airflow/.local/lib/python3.8/site-packages/airflow/example_dags/example_dag_decorator.py
[2023-11-23T02:11:04.308+0000] {processor.py:839} INFO - DAG(s) dict_keys(['example_dag_decorator']) retrieved from /home/airflow/.local/lib/python3.8/site-packages/airflow/example_dags/example_dag_decorator.py
[2023-11-23T02:11:04.382+0000] {logging_mixin.py:154} INFO - [2023-11-23T02:11:04.382+0000] {dag.py:2941} INFO - Sync 1 DAGs
[2023-11-23T02:11:04.492+0000] {logging_mixin.py:154} INFO - [2023-11-23T02:11:04.492+0000] {dag.py:3722} INFO - Setting next_dagrun for example_dag_decorator to None, run_after=None
[2023-11-23T02:11:04.742+0000] {processor.py:179} INFO - Processing /home/airflow/.local/lib/python3.8/site-packages/airflow/example_dags/example_dag_decorator.py took 0.485 seconds
[2023-11-23T02:11:34.918+0000] {processor.py:157} INFO - Started process (PID=159) to work on /home/airflow/.local/lib/python3.8/site-packages/airflow/example_dags/example_dag_decorator.py
[2023-11-23T02:11:34.928+0000] {processor.py:829} INFO - Processing file /home/airflow/.local/lib/python3.8/site-packages/airflow/example_dags/example_dag_decorator.py for tasks to queue
[2023-11-23T02:11:34.930+0000] {logging_mixin.py:154} INFO - [2023-11-23T02:11:34.929+0000] {dagbag.py:536} INFO - Filling up the DagBag from /home/airflow/.local/lib/python3.8/site-packages/airflow/example_dags/example_dag_decorator.py
[2023-11-23T02:11:34.984+0000] {processor.py:839} INFO - DAG(s) dict_keys(['example_dag_decorator']) retrieved from /home/airflow/.local/lib/python3.8/site-packages/airflow/example_dags/example_dag_decorator.py
[2023-11-23T02:11:35.054+0000] {logging_mixin.py:154} INFO - [2023-11-23T02:11:35.053+0000] {dag.py:2941} INFO - Sync 1 DAGs
[2023-11-23T02:11:35.061+0000] {logging_mixin.py:154} INFO - [2023-11-23T02:11:35.061+0000] {dag.py:3722} INFO - Setting next_dagrun for example_dag_decorator to None, run_after=None
[2023-11-23T02:11:35.103+0000] {processor.py:179} INFO - Processing /home/airflow/.local/lib/python3.8/site-packages/airflow/example_dags/example_dag_decorator.py took 0.188 seconds
[2023-11-23T02:12:05.442+0000] {processor.py:157} INFO - Started process (PID=213) to work on /home/airflow/.local/lib/python3.8/site-packages/airflow/example_dags/example_dag_decorator.py
[2023-11-23T02:12:05.443+0000] {processor.py:829} INFO - Processing file /home/airflow/.local/lib/python3.8/site-packages/airflow/example_dags/example_dag_decorator.py for tasks to queue
[2023-11-23T02:12:05.445+0000] {logging_mixin.py:154} INFO - [2023-11-23T02:12:05.444+0000] {dagbag.py:536} INFO - Filling up the DagBag from /home/airflow/.local/lib/python3.8/site-packages/airflow/example_dags/example_dag_decorator.py
[2023-11-23T02:12:05.525+0000] {processor.py:839} INFO - DAG(s) dict_keys(['example_dag_decorator']) retrieved from /home/airflow/.local/lib/python3.8/site-packages/airflow/example_dags/example_dag_decorator.py
[2023-11-23T02:12:05.721+0000] {logging_mixin.py:154} INFO - [2023-11-23T02:12:05.721+0000] {dag.py:2941} INFO - Sync 1 DAGs
[2023-11-23T02:12:05.729+0000] {logging_mixin.py:154} INFO - [2023-11-23T02:12:05.729+0000] {dag.py:3722} INFO - Setting next_dagrun for example_dag_decorator to None, run_after=None
[2023-11-23T02:12:05.838+0000] {processor.py:179} INFO - Processing /home/airflow/.local/lib/python3.8/site-packages/airflow/example_dags/example_dag_decorator.py took 0.399 seconds
[2023-11-23T02:12:36.319+0000] {processor.py:157} INFO - Started process (PID=269) to work on /home/airflow/.local/lib/python3.8/site-packages/airflow/example_dags/example_dag_decorator.py
[2023-11-23T02:12:36.341+0000] {processor.py:829} INFO - Processing file /home/airflow/.local/lib/python3.8/site-packages/airflow/example_dags/example_dag_decorator.py for tasks to queue
[2023-11-23T02:12:36.343+0000] {logging_mixin.py:154} INFO - [2023-11-23T02:12:36.343+0000] {dagbag.py:536} INFO - Filling up the DagBag from /home/airflow/.local/lib/python3.8/site-packages/airflow/example_dags/example_dag_decorator.py
[2023-11-23T02:12:36.391+0000] {processor.py:839} INFO - DAG(s) dict_keys(['example_dag_decorator']) retrieved from /home/airflow/.local/lib/python3.8/site-packages/airflow/example_dags/example_dag_decorator.py
[2023-11-23T02:12:36.618+0000] {logging_mixin.py:154} INFO - [2023-11-23T02:12:36.618+0000] {dag.py:2941} INFO - Sync 1 DAGs
[2023-11-23T02:12:36.724+0000] {logging_mixin.py:154} INFO - [2023-11-23T02:12:36.724+0000] {dag.py:3722} INFO - Setting next_dagrun for example_dag_decorator to None, run_after=None
[2023-11-23T02:12:37.034+0000] {processor.py:179} INFO - Processing /home/airflow/.local/lib/python3.8/site-packages/airflow/example_dags/example_dag_decorator.py took 0.717 seconds
[2023-11-23T02:13:07.591+0000] {processor.py:157} INFO - Started process (PID=323) to work on /home/airflow/.local/lib/python3.8/site-packages/airflow/example_dags/example_dag_decorator.py
[2023-11-23T02:13:07.591+0000] {processor.py:829} INFO - Processing file /home/airflow/.local/lib/python3.8/site-packages/airflow/example_dags/example_dag_decorator.py for tasks to queue
[2023-11-23T02:13:07.593+0000] {logging_mixin.py:154} INFO - [2023-11-23T02:13:07.593+0000] {dagbag.py:536} INFO - Filling up the DagBag from /home/airflow/.local/lib/python3.8/site-packages/airflow/example_dags/example_dag_decorator.py
[2023-11-23T02:13:07.647+0000] {processor.py:839} INFO - DAG(s) dict_keys(['example_dag_decorator']) retrieved from /home/airflow/.local/lib/python3.8/site-packages/airflow/example_dags/example_dag_decorator.py
[2023-11-23T02:13:07.712+0000] {logging_mixin.py:154} INFO - [2023-11-23T02:13:07.712+0000] {dag.py:2941} INFO - Sync 1 DAGs
[2023-11-23T02:13:07.817+0000] {logging_mixin.py:154} INFO - [2023-11-23T02:13:07.816+0000] {dag.py:3722} INFO - Setting next_dagrun for example_dag_decorator to None, run_after=None
[2023-11-23T02:13:07.901+0000] {processor.py:179} INFO - Processing /home/airflow/.local/lib/python3.8/site-packages/airflow/example_dags/example_dag_decorator.py took 0.312 seconds
[2023-11-23T02:13:38.032+0000] {processor.py:157} INFO - Started process (PID=377) to work on /home/airflow/.local/lib/python3.8/site-packages/airflow/example_dags/example_dag_decorator.py
[2023-11-23T02:13:38.033+0000] {processor.py:829} INFO - Processing file /home/airflow/.local/lib/python3.8/site-packages/airflow/example_dags/example_dag_decorator.py for tasks to queue
[2023-11-23T02:13:38.035+0000] {logging_mixin.py:154} INFO - [2023-11-23T02:13:38.035+0000] {dagbag.py:536} INFO - Filling up the DagBag from /home/airflow/.local/lib/python3.8/site-packages/airflow/example_dags/example_dag_decorator.py
[2023-11-23T02:13:38.092+0000] {processor.py:839} INFO - DAG(s) dict_keys(['example_dag_decorator']) retrieved from /home/airflow/.local/lib/python3.8/site-packages/airflow/example_dags/example_dag_decorator.py
[2023-11-23T02:13:38.156+0000] {logging_mixin.py:154} INFO - [2023-11-23T02:13:38.156+0000] {dag.py:2941} INFO - Sync 1 DAGs
[2023-11-23T02:13:38.163+0000] {logging_mixin.py:154} INFO - [2023-11-23T02:13:38.163+0000] {dag.py:3722} INFO - Setting next_dagrun for example_dag_decorator to None, run_after=None
[2023-11-23T02:13:38.298+0000] {processor.py:179} INFO - Processing /home/airflow/.local/lib/python3.8/site-packages/airflow/example_dags/example_dag_decorator.py took 0.269 seconds
