[2023-11-23T02:10:31.473+0000] {processor.py:157} INFO - Started process (PID=33) to work on /home/airflow/.local/lib/python3.8/site-packages/airflow/example_dags/example_python_operator.py
[2023-11-23T02:10:31.474+0000] {processor.py:829} INFO - Processing file /home/airflow/.local/lib/python3.8/site-packages/airflow/example_dags/example_python_operator.py for tasks to queue
[2023-11-23T02:10:31.476+0000] {logging_mixin.py:154} INFO - [2023-11-23T02:10:31.475+0000] {dagbag.py:536} INFO - Filling up the DagBag from /home/airflow/.local/lib/python3.8/site-packages/airflow/example_dags/example_python_operator.py
[2023-11-23T02:10:31.492+0000] {processor.py:839} INFO - DAG(s) dict_keys(['example_python_operator']) retrieved from /home/airflow/.local/lib/python3.8/site-packages/airflow/example_dags/example_python_operator.py
[2023-11-23T02:10:32.655+0000] {logging_mixin.py:154} INFO - [2023-11-23T02:10:32.655+0000] {dag.py:2941} INFO - Sync 1 DAGs
[2023-11-23T02:10:32.664+0000] {logging_mixin.py:154} INFO - [2023-11-23T02:10:32.663+0000] {dag.py:3722} INFO - Setting next_dagrun for example_python_operator to None, run_after=None
[2023-11-23T02:10:32.908+0000] {processor.py:179} INFO - Processing /home/airflow/.local/lib/python3.8/site-packages/airflow/example_dags/example_python_operator.py took 1.438 seconds
[2023-11-23T02:11:03.014+0000] {processor.py:157} INFO - Started process (PID=87) to work on /home/airflow/.local/lib/python3.8/site-packages/airflow/example_dags/example_python_operator.py
[2023-11-23T02:11:03.014+0000] {processor.py:829} INFO - Processing file /home/airflow/.local/lib/python3.8/site-packages/airflow/example_dags/example_python_operator.py for tasks to queue
[2023-11-23T02:11:03.016+0000] {logging_mixin.py:154} INFO - [2023-11-23T02:11:03.015+0000] {dagbag.py:536} INFO - Filling up the DagBag from /home/airflow/.local/lib/python3.8/site-packages/airflow/example_dags/example_python_operator.py
[2023-11-23T02:11:03.022+0000] {processor.py:839} INFO - DAG(s) dict_keys(['example_python_operator']) retrieved from /home/airflow/.local/lib/python3.8/site-packages/airflow/example_dags/example_python_operator.py
[2023-11-23T02:11:03.037+0000] {logging_mixin.py:154} INFO - [2023-11-23T02:11:03.036+0000] {dag.py:2941} INFO - Sync 1 DAGs
[2023-11-23T02:11:03.045+0000] {logging_mixin.py:154} INFO - [2023-11-23T02:11:03.044+0000] {dag.py:3722} INFO - Setting next_dagrun for example_python_operator to None, run_after=None
[2023-11-23T02:11:03.104+0000] {processor.py:179} INFO - Processing /home/airflow/.local/lib/python3.8/site-packages/airflow/example_dags/example_python_operator.py took 0.092 seconds
[2023-11-23T02:11:33.249+0000] {processor.py:157} INFO - Started process (PID=141) to work on /home/airflow/.local/lib/python3.8/site-packages/airflow/example_dags/example_python_operator.py
[2023-11-23T02:11:33.280+0000] {processor.py:829} INFO - Processing file /home/airflow/.local/lib/python3.8/site-packages/airflow/example_dags/example_python_operator.py for tasks to queue
[2023-11-23T02:11:33.284+0000] {logging_mixin.py:154} INFO - [2023-11-23T02:11:33.283+0000] {dagbag.py:536} INFO - Filling up the DagBag from /home/airflow/.local/lib/python3.8/site-packages/airflow/example_dags/example_python_operator.py
[2023-11-23T02:11:33.297+0000] {processor.py:839} INFO - DAG(s) dict_keys(['example_python_operator']) retrieved from /home/airflow/.local/lib/python3.8/site-packages/airflow/example_dags/example_python_operator.py
[2023-11-23T02:11:33.312+0000] {logging_mixin.py:154} INFO - [2023-11-23T02:11:33.312+0000] {dag.py:2941} INFO - Sync 1 DAGs
[2023-11-23T02:11:33.322+0000] {logging_mixin.py:154} INFO - [2023-11-23T02:11:33.321+0000] {dag.py:3722} INFO - Setting next_dagrun for example_python_operator to None, run_after=None
[2023-11-23T02:11:33.385+0000] {processor.py:179} INFO - Processing /home/airflow/.local/lib/python3.8/site-packages/airflow/example_dags/example_python_operator.py took 0.137 seconds
[2023-11-23T02:12:03.852+0000] {processor.py:157} INFO - Started process (PID=195) to work on /home/airflow/.local/lib/python3.8/site-packages/airflow/example_dags/example_python_operator.py
[2023-11-23T02:12:03.852+0000] {processor.py:829} INFO - Processing file /home/airflow/.local/lib/python3.8/site-packages/airflow/example_dags/example_python_operator.py for tasks to queue
[2023-11-23T02:12:03.853+0000] {logging_mixin.py:154} INFO - [2023-11-23T02:12:03.853+0000] {dagbag.py:536} INFO - Filling up the DagBag from /home/airflow/.local/lib/python3.8/site-packages/airflow/example_dags/example_python_operator.py
[2023-11-23T02:12:03.861+0000] {processor.py:839} INFO - DAG(s) dict_keys(['example_python_operator']) retrieved from /home/airflow/.local/lib/python3.8/site-packages/airflow/example_dags/example_python_operator.py
[2023-11-23T02:12:03.876+0000] {logging_mixin.py:154} INFO - [2023-11-23T02:12:03.876+0000] {dag.py:2941} INFO - Sync 1 DAGs
[2023-11-23T02:12:03.884+0000] {logging_mixin.py:154} INFO - [2023-11-23T02:12:03.884+0000] {dag.py:3722} INFO - Setting next_dagrun for example_python_operator to None, run_after=None
[2023-11-23T02:12:03.931+0000] {processor.py:179} INFO - Processing /home/airflow/.local/lib/python3.8/site-packages/airflow/example_dags/example_python_operator.py took 0.081 seconds
[2023-11-23T02:12:34.454+0000] {processor.py:157} INFO - Started process (PID=249) to work on /home/airflow/.local/lib/python3.8/site-packages/airflow/example_dags/example_python_operator.py
[2023-11-23T02:12:34.610+0000] {processor.py:829} INFO - Processing file /home/airflow/.local/lib/python3.8/site-packages/airflow/example_dags/example_python_operator.py for tasks to queue
[2023-11-23T02:12:34.613+0000] {logging_mixin.py:154} INFO - [2023-11-23T02:12:34.613+0000] {dagbag.py:536} INFO - Filling up the DagBag from /home/airflow/.local/lib/python3.8/site-packages/airflow/example_dags/example_python_operator.py
[2023-11-23T02:12:34.628+0000] {processor.py:839} INFO - DAG(s) dict_keys(['example_python_operator']) retrieved from /home/airflow/.local/lib/python3.8/site-packages/airflow/example_dags/example_python_operator.py
[2023-11-23T02:12:34.644+0000] {logging_mixin.py:154} INFO - [2023-11-23T02:12:34.644+0000] {dag.py:2941} INFO - Sync 1 DAGs
[2023-11-23T02:12:34.653+0000] {logging_mixin.py:154} INFO - [2023-11-23T02:12:34.653+0000] {dag.py:3722} INFO - Setting next_dagrun for example_python_operator to None, run_after=None
[2023-11-23T02:12:34.780+0000] {processor.py:179} INFO - Processing /home/airflow/.local/lib/python3.8/site-packages/airflow/example_dags/example_python_operator.py took 0.328 seconds
[2023-11-23T02:13:04.866+0000] {processor.py:157} INFO - Started process (PID=303) to work on /home/airflow/.local/lib/python3.8/site-packages/airflow/example_dags/example_python_operator.py
[2023-11-23T02:13:04.867+0000] {processor.py:829} INFO - Processing file /home/airflow/.local/lib/python3.8/site-packages/airflow/example_dags/example_python_operator.py for tasks to queue
[2023-11-23T02:13:04.868+0000] {logging_mixin.py:154} INFO - [2023-11-23T02:13:04.868+0000] {dagbag.py:536} INFO - Filling up the DagBag from /home/airflow/.local/lib/python3.8/site-packages/airflow/example_dags/example_python_operator.py
[2023-11-23T02:13:04.875+0000] {processor.py:839} INFO - DAG(s) dict_keys(['example_python_operator']) retrieved from /home/airflow/.local/lib/python3.8/site-packages/airflow/example_dags/example_python_operator.py
[2023-11-23T02:13:04.891+0000] {logging_mixin.py:154} INFO - [2023-11-23T02:13:04.890+0000] {dag.py:2941} INFO - Sync 1 DAGs
[2023-11-23T02:13:04.900+0000] {logging_mixin.py:154} INFO - [2023-11-23T02:13:04.900+0000] {dag.py:3722} INFO - Setting next_dagrun for example_python_operator to None, run_after=None
[2023-11-23T02:13:05.025+0000] {processor.py:179} INFO - Processing /home/airflow/.local/lib/python3.8/site-packages/airflow/example_dags/example_python_operator.py took 0.161 seconds
[2023-11-23T02:13:35.207+0000] {processor.py:157} INFO - Started process (PID=357) to work on /home/airflow/.local/lib/python3.8/site-packages/airflow/example_dags/example_python_operator.py
[2023-11-23T02:13:35.208+0000] {processor.py:829} INFO - Processing file /home/airflow/.local/lib/python3.8/site-packages/airflow/example_dags/example_python_operator.py for tasks to queue
[2023-11-23T02:13:35.209+0000] {logging_mixin.py:154} INFO - [2023-11-23T02:13:35.209+0000] {dagbag.py:536} INFO - Filling up the DagBag from /home/airflow/.local/lib/python3.8/site-packages/airflow/example_dags/example_python_operator.py
[2023-11-23T02:13:35.216+0000] {processor.py:839} INFO - DAG(s) dict_keys(['example_python_operator']) retrieved from /home/airflow/.local/lib/python3.8/site-packages/airflow/example_dags/example_python_operator.py
[2023-11-23T02:13:35.236+0000] {logging_mixin.py:154} INFO - [2023-11-23T02:13:35.235+0000] {dag.py:2941} INFO - Sync 1 DAGs
[2023-11-23T02:13:35.246+0000] {logging_mixin.py:154} INFO - [2023-11-23T02:13:35.246+0000] {dag.py:3722} INFO - Setting next_dagrun for example_python_operator to None, run_after=None
[2023-11-23T02:13:35.370+0000] {processor.py:179} INFO - Processing /home/airflow/.local/lib/python3.8/site-packages/airflow/example_dags/example_python_operator.py took 0.164 seconds
