[2023-11-23T02:10:35.538+0000] {processor.py:157} INFO - Started process (PID=71) to work on /home/airflow/.local/lib/python3.8/site-packages/airflow/example_dags/example_sensors.py
[2023-11-23T02:10:35.539+0000] {processor.py:829} INFO - Processing file /home/airflow/.local/lib/python3.8/site-packages/airflow/example_dags/example_sensors.py for tasks to queue
[2023-11-23T02:10:35.540+0000] {logging_mixin.py:154} INFO - [2023-11-23T02:10:35.540+0000] {dagbag.py:536} INFO - Filling up the DagBag from /home/airflow/.local/lib/python3.8/site-packages/airflow/example_dags/example_sensors.py
[2023-11-23T02:10:35.547+0000] {processor.py:839} INFO - DAG(s) dict_keys(['example_sensors']) retrieved from /home/airflow/.local/lib/python3.8/site-packages/airflow/example_dags/example_sensors.py
[2023-11-23T02:10:35.555+0000] {logging_mixin.py:154} INFO - [2023-11-23T02:10:35.555+0000] {dag.py:2941} INFO - Sync 1 DAGs
[2023-11-23T02:10:35.563+0000] {logging_mixin.py:154} INFO - [2023-11-23T02:10:35.563+0000] {dag.py:3722} INFO - Setting next_dagrun for example_sensors to None, run_after=None
[2023-11-23T02:10:35.605+0000] {processor.py:179} INFO - Processing /home/airflow/.local/lib/python3.8/site-packages/airflow/example_dags/example_sensors.py took 0.069 seconds
[2023-11-23T02:11:05.674+0000] {processor.py:157} INFO - Started process (PID=125) to work on /home/airflow/.local/lib/python3.8/site-packages/airflow/example_dags/example_sensors.py
[2023-11-23T02:11:05.680+0000] {processor.py:829} INFO - Processing file /home/airflow/.local/lib/python3.8/site-packages/airflow/example_dags/example_sensors.py for tasks to queue
[2023-11-23T02:11:05.682+0000] {logging_mixin.py:154} INFO - [2023-11-23T02:11:05.681+0000] {dagbag.py:536} INFO - Filling up the DagBag from /home/airflow/.local/lib/python3.8/site-packages/airflow/example_dags/example_sensors.py
[2023-11-23T02:11:05.689+0000] {processor.py:839} INFO - DAG(s) dict_keys(['example_sensors']) retrieved from /home/airflow/.local/lib/python3.8/site-packages/airflow/example_dags/example_sensors.py
[2023-11-23T02:11:05.706+0000] {logging_mixin.py:154} INFO - [2023-11-23T02:11:05.706+0000] {dag.py:2941} INFO - Sync 1 DAGs
[2023-11-23T02:11:05.714+0000] {logging_mixin.py:154} INFO - [2023-11-23T02:11:05.714+0000] {dag.py:3722} INFO - Setting next_dagrun for example_sensors to None, run_after=None
[2023-11-23T02:11:05.754+0000] {processor.py:179} INFO - Processing /home/airflow/.local/lib/python3.8/site-packages/airflow/example_dags/example_sensors.py took 0.082 seconds
[2023-11-23T02:11:36.320+0000] {processor.py:157} INFO - Started process (PID=179) to work on /home/airflow/.local/lib/python3.8/site-packages/airflow/example_dags/example_sensors.py
[2023-11-23T02:11:36.367+0000] {processor.py:829} INFO - Processing file /home/airflow/.local/lib/python3.8/site-packages/airflow/example_dags/example_sensors.py for tasks to queue
[2023-11-23T02:11:36.369+0000] {logging_mixin.py:154} INFO - [2023-11-23T02:11:36.369+0000] {dagbag.py:536} INFO - Filling up the DagBag from /home/airflow/.local/lib/python3.8/site-packages/airflow/example_dags/example_sensors.py
[2023-11-23T02:11:36.377+0000] {processor.py:839} INFO - DAG(s) dict_keys(['example_sensors']) retrieved from /home/airflow/.local/lib/python3.8/site-packages/airflow/example_dags/example_sensors.py
[2023-11-23T02:11:36.397+0000] {logging_mixin.py:154} INFO - [2023-11-23T02:11:36.396+0000] {dag.py:2941} INFO - Sync 1 DAGs
[2023-11-23T02:11:36.406+0000] {logging_mixin.py:154} INFO - [2023-11-23T02:11:36.406+0000] {dag.py:3722} INFO - Setting next_dagrun for example_sensors to None, run_after=None
[2023-11-23T02:11:36.443+0000] {processor.py:179} INFO - Processing /home/airflow/.local/lib/python3.8/site-packages/airflow/example_dags/example_sensors.py took 0.125 seconds
[2023-11-23T02:12:07.004+0000] {processor.py:157} INFO - Started process (PID=233) to work on /home/airflow/.local/lib/python3.8/site-packages/airflow/example_dags/example_sensors.py
[2023-11-23T02:12:07.005+0000] {processor.py:829} INFO - Processing file /home/airflow/.local/lib/python3.8/site-packages/airflow/example_dags/example_sensors.py for tasks to queue
[2023-11-23T02:12:07.006+0000] {logging_mixin.py:154} INFO - [2023-11-23T02:12:07.006+0000] {dagbag.py:536} INFO - Filling up the DagBag from /home/airflow/.local/lib/python3.8/site-packages/airflow/example_dags/example_sensors.py
[2023-11-23T02:12:07.017+0000] {processor.py:839} INFO - DAG(s) dict_keys(['example_sensors']) retrieved from /home/airflow/.local/lib/python3.8/site-packages/airflow/example_dags/example_sensors.py
[2023-11-23T02:12:07.039+0000] {logging_mixin.py:154} INFO - [2023-11-23T02:12:07.038+0000] {dag.py:2941} INFO - Sync 1 DAGs
[2023-11-23T02:12:07.053+0000] {logging_mixin.py:154} INFO - [2023-11-23T02:12:07.053+0000] {dag.py:3722} INFO - Setting next_dagrun for example_sensors to None, run_after=None
[2023-11-23T02:12:07.108+0000] {processor.py:179} INFO - Processing /home/airflow/.local/lib/python3.8/site-packages/airflow/example_dags/example_sensors.py took 0.107 seconds
[2023-11-23T02:12:38.220+0000] {processor.py:157} INFO - Started process (PID=287) to work on /home/airflow/.local/lib/python3.8/site-packages/airflow/example_dags/example_sensors.py
[2023-11-23T02:12:38.284+0000] {processor.py:829} INFO - Processing file /home/airflow/.local/lib/python3.8/site-packages/airflow/example_dags/example_sensors.py for tasks to queue
[2023-11-23T02:12:38.285+0000] {logging_mixin.py:154} INFO - [2023-11-23T02:12:38.285+0000] {dagbag.py:536} INFO - Filling up the DagBag from /home/airflow/.local/lib/python3.8/site-packages/airflow/example_dags/example_sensors.py
[2023-11-23T02:12:38.291+0000] {processor.py:839} INFO - DAG(s) dict_keys(['example_sensors']) retrieved from /home/airflow/.local/lib/python3.8/site-packages/airflow/example_dags/example_sensors.py
[2023-11-23T02:12:38.310+0000] {logging_mixin.py:154} INFO - [2023-11-23T02:12:38.309+0000] {dag.py:2941} INFO - Sync 1 DAGs
[2023-11-23T02:12:38.318+0000] {logging_mixin.py:154} INFO - [2023-11-23T02:12:38.318+0000] {dag.py:3722} INFO - Setting next_dagrun for example_sensors to None, run_after=None
[2023-11-23T02:12:38.364+0000] {processor.py:179} INFO - Processing /home/airflow/.local/lib/python3.8/site-packages/airflow/example_dags/example_sensors.py took 0.147 seconds
[2023-11-23T02:13:08.793+0000] {processor.py:157} INFO - Started process (PID=341) to work on /home/airflow/.local/lib/python3.8/site-packages/airflow/example_dags/example_sensors.py
[2023-11-23T02:13:08.793+0000] {processor.py:829} INFO - Processing file /home/airflow/.local/lib/python3.8/site-packages/airflow/example_dags/example_sensors.py for tasks to queue
[2023-11-23T02:13:08.794+0000] {logging_mixin.py:154} INFO - [2023-11-23T02:13:08.794+0000] {dagbag.py:536} INFO - Filling up the DagBag from /home/airflow/.local/lib/python3.8/site-packages/airflow/example_dags/example_sensors.py
[2023-11-23T02:13:08.800+0000] {processor.py:839} INFO - DAG(s) dict_keys(['example_sensors']) retrieved from /home/airflow/.local/lib/python3.8/site-packages/airflow/example_dags/example_sensors.py
[2023-11-23T02:13:08.816+0000] {logging_mixin.py:154} INFO - [2023-11-23T02:13:08.816+0000] {dag.py:2941} INFO - Sync 1 DAGs
[2023-11-23T02:13:08.823+0000] {logging_mixin.py:154} INFO - [2023-11-23T02:13:08.823+0000] {dag.py:3722} INFO - Setting next_dagrun for example_sensors to None, run_after=None
[2023-11-23T02:13:08.873+0000] {processor.py:179} INFO - Processing /home/airflow/.local/lib/python3.8/site-packages/airflow/example_dags/example_sensors.py took 0.082 seconds
[2023-11-23T02:13:39.265+0000] {processor.py:157} INFO - Started process (PID=395) to work on /home/airflow/.local/lib/python3.8/site-packages/airflow/example_dags/example_sensors.py
[2023-11-23T02:13:39.271+0000] {processor.py:829} INFO - Processing file /home/airflow/.local/lib/python3.8/site-packages/airflow/example_dags/example_sensors.py for tasks to queue
[2023-11-23T02:13:39.273+0000] {logging_mixin.py:154} INFO - [2023-11-23T02:13:39.272+0000] {dagbag.py:536} INFO - Filling up the DagBag from /home/airflow/.local/lib/python3.8/site-packages/airflow/example_dags/example_sensors.py
[2023-11-23T02:13:39.280+0000] {processor.py:839} INFO - DAG(s) dict_keys(['example_sensors']) retrieved from /home/airflow/.local/lib/python3.8/site-packages/airflow/example_dags/example_sensors.py
[2023-11-23T02:13:39.299+0000] {logging_mixin.py:154} INFO - [2023-11-23T02:13:39.299+0000] {dag.py:2941} INFO - Sync 1 DAGs
[2023-11-23T02:13:39.307+0000] {logging_mixin.py:154} INFO - [2023-11-23T02:13:39.307+0000] {dag.py:3722} INFO - Setting next_dagrun for example_sensors to None, run_after=None
[2023-11-23T02:13:39.345+0000] {processor.py:179} INFO - Processing /home/airflow/.local/lib/python3.8/site-packages/airflow/example_dags/example_sensors.py took 0.081 seconds
