[2023-11-23T02:10:33.554+0000] {processor.py:157} INFO - Started process (PID=42) to work on /home/airflow/.local/lib/python3.8/site-packages/airflow/example_dags/example_dynamic_task_mapping_with_no_taskflow_operators.py
[2023-11-23T02:10:33.555+0000] {processor.py:829} INFO - Processing file /home/airflow/.local/lib/python3.8/site-packages/airflow/example_dags/example_dynamic_task_mapping_with_no_taskflow_operators.py for tasks to queue
[2023-11-23T02:10:33.557+0000] {logging_mixin.py:154} INFO - [2023-11-23T02:10:33.557+0000] {dagbag.py:536} INFO - Filling up the DagBag from /home/airflow/.local/lib/python3.8/site-packages/airflow/example_dags/example_dynamic_task_mapping_with_no_taskflow_operators.py
[2023-11-23T02:10:33.566+0000] {processor.py:839} INFO - DAG(s) dict_keys(['example_dynamic_task_mapping_with_no_taskflow_operators']) retrieved from /home/airflow/.local/lib/python3.8/site-packages/airflow/example_dags/example_dynamic_task_mapping_with_no_taskflow_operators.py
[2023-11-23T02:10:33.589+0000] {logging_mixin.py:154} INFO - [2023-11-23T02:10:33.588+0000] {dag.py:2941} INFO - Sync 1 DAGs
[2023-11-23T02:10:33.611+0000] {logging_mixin.py:154} INFO - [2023-11-23T02:10:33.611+0000] {dag.py:3722} INFO - Setting next_dagrun for example_dynamic_task_mapping_with_no_taskflow_operators to 2023-11-22T02:10:33.611539+00:00, run_after=2023-11-23T02:10:33.611539+00:00
[2023-11-23T02:10:33.657+0000] {processor.py:179} INFO - Processing /home/airflow/.local/lib/python3.8/site-packages/airflow/example_dags/example_dynamic_task_mapping_with_no_taskflow_operators.py took 0.107 seconds
[2023-11-23T02:11:03.719+0000] {processor.py:157} INFO - Started process (PID=96) to work on /home/airflow/.local/lib/python3.8/site-packages/airflow/example_dags/example_dynamic_task_mapping_with_no_taskflow_operators.py
[2023-11-23T02:11:03.719+0000] {processor.py:829} INFO - Processing file /home/airflow/.local/lib/python3.8/site-packages/airflow/example_dags/example_dynamic_task_mapping_with_no_taskflow_operators.py for tasks to queue
[2023-11-23T02:11:03.721+0000] {logging_mixin.py:154} INFO - [2023-11-23T02:11:03.720+0000] {dagbag.py:536} INFO - Filling up the DagBag from /home/airflow/.local/lib/python3.8/site-packages/airflow/example_dags/example_dynamic_task_mapping_with_no_taskflow_operators.py
[2023-11-23T02:11:03.724+0000] {processor.py:839} INFO - DAG(s) dict_keys(['example_dynamic_task_mapping_with_no_taskflow_operators']) retrieved from /home/airflow/.local/lib/python3.8/site-packages/airflow/example_dags/example_dynamic_task_mapping_with_no_taskflow_operators.py
[2023-11-23T02:11:03.737+0000] {logging_mixin.py:154} INFO - [2023-11-23T02:11:03.737+0000] {dag.py:2941} INFO - Sync 1 DAGs
[2023-11-23T02:11:03.754+0000] {logging_mixin.py:154} INFO - [2023-11-23T02:11:03.754+0000] {dag.py:3722} INFO - Setting next_dagrun for example_dynamic_task_mapping_with_no_taskflow_operators to 2023-11-22T02:11:03.754278+00:00, run_after=2023-11-23T02:11:03.754278+00:00
[2023-11-23T02:11:03.798+0000] {processor.py:179} INFO - Processing /home/airflow/.local/lib/python3.8/site-packages/airflow/example_dags/example_dynamic_task_mapping_with_no_taskflow_operators.py took 0.081 seconds
[2023-11-23T02:11:33.930+0000] {processor.py:157} INFO - Started process (PID=150) to work on /home/airflow/.local/lib/python3.8/site-packages/airflow/example_dags/example_dynamic_task_mapping_with_no_taskflow_operators.py
[2023-11-23T02:11:33.942+0000] {processor.py:829} INFO - Processing file /home/airflow/.local/lib/python3.8/site-packages/airflow/example_dags/example_dynamic_task_mapping_with_no_taskflow_operators.py for tasks to queue
[2023-11-23T02:11:33.944+0000] {logging_mixin.py:154} INFO - [2023-11-23T02:11:33.944+0000] {dagbag.py:536} INFO - Filling up the DagBag from /home/airflow/.local/lib/python3.8/site-packages/airflow/example_dags/example_dynamic_task_mapping_with_no_taskflow_operators.py
[2023-11-23T02:11:33.948+0000] {processor.py:839} INFO - DAG(s) dict_keys(['example_dynamic_task_mapping_with_no_taskflow_operators']) retrieved from /home/airflow/.local/lib/python3.8/site-packages/airflow/example_dags/example_dynamic_task_mapping_with_no_taskflow_operators.py
[2023-11-23T02:11:33.962+0000] {logging_mixin.py:154} INFO - [2023-11-23T02:11:33.962+0000] {dag.py:2941} INFO - Sync 1 DAGs
[2023-11-23T02:11:33.982+0000] {logging_mixin.py:154} INFO - [2023-11-23T02:11:33.981+0000] {dag.py:3722} INFO - Setting next_dagrun for example_dynamic_task_mapping_with_no_taskflow_operators to 2023-11-22T02:11:33.981708+00:00, run_after=2023-11-23T02:11:33.981708+00:00
[2023-11-23T02:11:34.039+0000] {processor.py:179} INFO - Processing /home/airflow/.local/lib/python3.8/site-packages/airflow/example_dags/example_dynamic_task_mapping_with_no_taskflow_operators.py took 0.112 seconds
[2023-11-23T02:12:04.586+0000] {processor.py:157} INFO - Started process (PID=204) to work on /home/airflow/.local/lib/python3.8/site-packages/airflow/example_dags/example_dynamic_task_mapping_with_no_taskflow_operators.py
[2023-11-23T02:12:04.590+0000] {processor.py:829} INFO - Processing file /home/airflow/.local/lib/python3.8/site-packages/airflow/example_dags/example_dynamic_task_mapping_with_no_taskflow_operators.py for tasks to queue
[2023-11-23T02:12:04.591+0000] {logging_mixin.py:154} INFO - [2023-11-23T02:12:04.591+0000] {dagbag.py:536} INFO - Filling up the DagBag from /home/airflow/.local/lib/python3.8/site-packages/airflow/example_dags/example_dynamic_task_mapping_with_no_taskflow_operators.py
[2023-11-23T02:12:04.598+0000] {processor.py:839} INFO - DAG(s) dict_keys(['example_dynamic_task_mapping_with_no_taskflow_operators']) retrieved from /home/airflow/.local/lib/python3.8/site-packages/airflow/example_dags/example_dynamic_task_mapping_with_no_taskflow_operators.py
[2023-11-23T02:12:04.627+0000] {logging_mixin.py:154} INFO - [2023-11-23T02:12:04.626+0000] {dag.py:2941} INFO - Sync 1 DAGs
[2023-11-23T02:12:04.651+0000] {logging_mixin.py:154} INFO - [2023-11-23T02:12:04.651+0000] {dag.py:3722} INFO - Setting next_dagrun for example_dynamic_task_mapping_with_no_taskflow_operators to 2023-11-22T02:12:04.651313+00:00, run_after=2023-11-23T02:12:04.651313+00:00
[2023-11-23T02:12:04.689+0000] {processor.py:179} INFO - Processing /home/airflow/.local/lib/python3.8/site-packages/airflow/example_dags/example_dynamic_task_mapping_with_no_taskflow_operators.py took 0.110 seconds
[2023-11-23T02:12:35.245+0000] {processor.py:157} INFO - Started process (PID=258) to work on /home/airflow/.local/lib/python3.8/site-packages/airflow/example_dags/example_dynamic_task_mapping_with_no_taskflow_operators.py
[2023-11-23T02:12:35.282+0000] {processor.py:829} INFO - Processing file /home/airflow/.local/lib/python3.8/site-packages/airflow/example_dags/example_dynamic_task_mapping_with_no_taskflow_operators.py for tasks to queue
[2023-11-23T02:12:35.285+0000] {logging_mixin.py:154} INFO - [2023-11-23T02:12:35.285+0000] {dagbag.py:536} INFO - Filling up the DagBag from /home/airflow/.local/lib/python3.8/site-packages/airflow/example_dags/example_dynamic_task_mapping_with_no_taskflow_operators.py
[2023-11-23T02:12:35.294+0000] {processor.py:839} INFO - DAG(s) dict_keys(['example_dynamic_task_mapping_with_no_taskflow_operators']) retrieved from /home/airflow/.local/lib/python3.8/site-packages/airflow/example_dags/example_dynamic_task_mapping_with_no_taskflow_operators.py
[2023-11-23T02:12:35.327+0000] {logging_mixin.py:154} INFO - [2023-11-23T02:12:35.326+0000] {dag.py:2941} INFO - Sync 1 DAGs
[2023-11-23T02:12:35.347+0000] {logging_mixin.py:154} INFO - [2023-11-23T02:12:35.346+0000] {dag.py:3722} INFO - Setting next_dagrun for example_dynamic_task_mapping_with_no_taskflow_operators to 2023-11-22T02:12:35.346723+00:00, run_after=2023-11-23T02:12:35.346723+00:00
[2023-11-23T02:12:35.458+0000] {processor.py:179} INFO - Processing /home/airflow/.local/lib/python3.8/site-packages/airflow/example_dags/example_dynamic_task_mapping_with_no_taskflow_operators.py took 0.217 seconds
[2023-11-23T02:13:05.880+0000] {processor.py:157} INFO - Started process (PID=312) to work on /home/airflow/.local/lib/python3.8/site-packages/airflow/example_dags/example_dynamic_task_mapping_with_no_taskflow_operators.py
[2023-11-23T02:13:05.904+0000] {processor.py:829} INFO - Processing file /home/airflow/.local/lib/python3.8/site-packages/airflow/example_dags/example_dynamic_task_mapping_with_no_taskflow_operators.py for tasks to queue
[2023-11-23T02:13:05.907+0000] {logging_mixin.py:154} INFO - [2023-11-23T02:13:05.907+0000] {dagbag.py:536} INFO - Filling up the DagBag from /home/airflow/.local/lib/python3.8/site-packages/airflow/example_dags/example_dynamic_task_mapping_with_no_taskflow_operators.py
[2023-11-23T02:13:05.918+0000] {processor.py:839} INFO - DAG(s) dict_keys(['example_dynamic_task_mapping_with_no_taskflow_operators']) retrieved from /home/airflow/.local/lib/python3.8/site-packages/airflow/example_dags/example_dynamic_task_mapping_with_no_taskflow_operators.py
[2023-11-23T02:13:05.935+0000] {logging_mixin.py:154} INFO - [2023-11-23T02:13:05.934+0000] {dag.py:2941} INFO - Sync 1 DAGs
[2023-11-23T02:13:05.948+0000] {logging_mixin.py:154} INFO - [2023-11-23T02:13:05.948+0000] {dag.py:3722} INFO - Setting next_dagrun for example_dynamic_task_mapping_with_no_taskflow_operators to 2023-11-22T02:13:05.948539+00:00, run_after=2023-11-23T02:13:05.948539+00:00
[2023-11-23T02:13:05.999+0000] {processor.py:179} INFO - Processing /home/airflow/.local/lib/python3.8/site-packages/airflow/example_dags/example_dynamic_task_mapping_with_no_taskflow_operators.py took 0.123 seconds
[2023-11-23T02:13:36.285+0000] {processor.py:157} INFO - Started process (PID=366) to work on /home/airflow/.local/lib/python3.8/site-packages/airflow/example_dags/example_dynamic_task_mapping_with_no_taskflow_operators.py
[2023-11-23T02:13:36.300+0000] {processor.py:829} INFO - Processing file /home/airflow/.local/lib/python3.8/site-packages/airflow/example_dags/example_dynamic_task_mapping_with_no_taskflow_operators.py for tasks to queue
[2023-11-23T02:13:36.304+0000] {logging_mixin.py:154} INFO - [2023-11-23T02:13:36.304+0000] {dagbag.py:536} INFO - Filling up the DagBag from /home/airflow/.local/lib/python3.8/site-packages/airflow/example_dags/example_dynamic_task_mapping_with_no_taskflow_operators.py
[2023-11-23T02:13:36.317+0000] {processor.py:839} INFO - DAG(s) dict_keys(['example_dynamic_task_mapping_with_no_taskflow_operators']) retrieved from /home/airflow/.local/lib/python3.8/site-packages/airflow/example_dags/example_dynamic_task_mapping_with_no_taskflow_operators.py
[2023-11-23T02:13:36.335+0000] {logging_mixin.py:154} INFO - [2023-11-23T02:13:36.335+0000] {dag.py:2941} INFO - Sync 1 DAGs
[2023-11-23T02:13:36.355+0000] {logging_mixin.py:154} INFO - [2023-11-23T02:13:36.355+0000] {dag.py:3722} INFO - Setting next_dagrun for example_dynamic_task_mapping_with_no_taskflow_operators to 2023-11-22T02:13:36.354879+00:00, run_after=2023-11-23T02:13:36.354879+00:00
[2023-11-23T02:13:36.413+0000] {processor.py:179} INFO - Processing /home/airflow/.local/lib/python3.8/site-packages/airflow/example_dags/example_dynamic_task_mapping_with_no_taskflow_operators.py took 0.134 seconds
