[2023-11-23T02:10:33.673+0000] {processor.py:157} INFO - Started process (PID=44) to work on /home/airflow/.local/lib/python3.8/site-packages/airflow/example_dags/example_short_circuit_operator.py
[2023-11-23T02:10:33.673+0000] {processor.py:829} INFO - Processing file /home/airflow/.local/lib/python3.8/site-packages/airflow/example_dags/example_short_circuit_operator.py for tasks to queue
[2023-11-23T02:10:33.674+0000] {logging_mixin.py:154} INFO - [2023-11-23T02:10:33.674+0000] {dagbag.py:536} INFO - Filling up the DagBag from /home/airflow/.local/lib/python3.8/site-packages/airflow/example_dags/example_short_circuit_operator.py
[2023-11-23T02:10:33.684+0000] {processor.py:839} INFO - DAG(s) dict_keys(['example_short_circuit_operator']) retrieved from /home/airflow/.local/lib/python3.8/site-packages/airflow/example_dags/example_short_circuit_operator.py
[2023-11-23T02:10:33.708+0000] {logging_mixin.py:154} INFO - [2023-11-23T02:10:33.708+0000] {dag.py:2941} INFO - Sync 1 DAGs
[2023-11-23T02:10:33.729+0000] {logging_mixin.py:154} INFO - [2023-11-23T02:10:33.729+0000] {dag.py:3722} INFO - Setting next_dagrun for example_short_circuit_operator to 2023-11-22T02:10:33.729344+00:00, run_after=2023-11-23T02:10:33.729344+00:00
[2023-11-23T02:10:33.777+0000] {processor.py:179} INFO - Processing /home/airflow/.local/lib/python3.8/site-packages/airflow/example_dags/example_short_circuit_operator.py took 0.106 seconds
[2023-11-23T02:11:03.813+0000] {processor.py:157} INFO - Started process (PID=98) to work on /home/airflow/.local/lib/python3.8/site-packages/airflow/example_dags/example_short_circuit_operator.py
[2023-11-23T02:11:03.813+0000] {processor.py:829} INFO - Processing file /home/airflow/.local/lib/python3.8/site-packages/airflow/example_dags/example_short_circuit_operator.py for tasks to queue
[2023-11-23T02:11:03.814+0000] {logging_mixin.py:154} INFO - [2023-11-23T02:11:03.814+0000] {dagbag.py:536} INFO - Filling up the DagBag from /home/airflow/.local/lib/python3.8/site-packages/airflow/example_dags/example_short_circuit_operator.py
[2023-11-23T02:11:03.819+0000] {processor.py:839} INFO - DAG(s) dict_keys(['example_short_circuit_operator']) retrieved from /home/airflow/.local/lib/python3.8/site-packages/airflow/example_dags/example_short_circuit_operator.py
[2023-11-23T02:11:03.835+0000] {logging_mixin.py:154} INFO - [2023-11-23T02:11:03.835+0000] {dag.py:2941} INFO - Sync 1 DAGs
[2023-11-23T02:11:03.851+0000] {logging_mixin.py:154} INFO - [2023-11-23T02:11:03.851+0000] {dag.py:3722} INFO - Setting next_dagrun for example_short_circuit_operator to 2023-11-22T02:11:03.851357+00:00, run_after=2023-11-23T02:11:03.851357+00:00
[2023-11-23T02:11:03.927+0000] {processor.py:179} INFO - Processing /home/airflow/.local/lib/python3.8/site-packages/airflow/example_dags/example_short_circuit_operator.py took 0.116 seconds
[2023-11-23T02:11:34.057+0000] {processor.py:157} INFO - Started process (PID=152) to work on /home/airflow/.local/lib/python3.8/site-packages/airflow/example_dags/example_short_circuit_operator.py
[2023-11-23T02:11:34.076+0000] {processor.py:829} INFO - Processing file /home/airflow/.local/lib/python3.8/site-packages/airflow/example_dags/example_short_circuit_operator.py for tasks to queue
[2023-11-23T02:11:34.077+0000] {logging_mixin.py:154} INFO - [2023-11-23T02:11:34.077+0000] {dagbag.py:536} INFO - Filling up the DagBag from /home/airflow/.local/lib/python3.8/site-packages/airflow/example_dags/example_short_circuit_operator.py
[2023-11-23T02:11:34.082+0000] {processor.py:839} INFO - DAG(s) dict_keys(['example_short_circuit_operator']) retrieved from /home/airflow/.local/lib/python3.8/site-packages/airflow/example_dags/example_short_circuit_operator.py
[2023-11-23T02:11:34.097+0000] {logging_mixin.py:154} INFO - [2023-11-23T02:11:34.097+0000] {dag.py:2941} INFO - Sync 1 DAGs
[2023-11-23T02:11:34.114+0000] {logging_mixin.py:154} INFO - [2023-11-23T02:11:34.114+0000] {dag.py:3722} INFO - Setting next_dagrun for example_short_circuit_operator to 2023-11-22T02:11:34.114507+00:00, run_after=2023-11-23T02:11:34.114507+00:00
[2023-11-23T02:11:34.186+0000] {processor.py:179} INFO - Processing /home/airflow/.local/lib/python3.8/site-packages/airflow/example_dags/example_short_circuit_operator.py took 0.132 seconds
[2023-11-23T02:12:04.705+0000] {processor.py:157} INFO - Started process (PID=206) to work on /home/airflow/.local/lib/python3.8/site-packages/airflow/example_dags/example_short_circuit_operator.py
[2023-11-23T02:12:04.706+0000] {processor.py:829} INFO - Processing file /home/airflow/.local/lib/python3.8/site-packages/airflow/example_dags/example_short_circuit_operator.py for tasks to queue
[2023-11-23T02:12:04.708+0000] {logging_mixin.py:154} INFO - [2023-11-23T02:12:04.707+0000] {dagbag.py:536} INFO - Filling up the DagBag from /home/airflow/.local/lib/python3.8/site-packages/airflow/example_dags/example_short_circuit_operator.py
[2023-11-23T02:12:04.713+0000] {processor.py:839} INFO - DAG(s) dict_keys(['example_short_circuit_operator']) retrieved from /home/airflow/.local/lib/python3.8/site-packages/airflow/example_dags/example_short_circuit_operator.py
[2023-11-23T02:12:04.730+0000] {logging_mixin.py:154} INFO - [2023-11-23T02:12:04.730+0000] {dag.py:2941} INFO - Sync 1 DAGs
[2023-11-23T02:12:04.747+0000] {logging_mixin.py:154} INFO - [2023-11-23T02:12:04.747+0000] {dag.py:3722} INFO - Setting next_dagrun for example_short_circuit_operator to 2023-11-22T02:12:04.747319+00:00, run_after=2023-11-23T02:12:04.747319+00:00
[2023-11-23T02:12:04.877+0000] {processor.py:179} INFO - Processing /home/airflow/.local/lib/python3.8/site-packages/airflow/example_dags/example_short_circuit_operator.py took 0.173 seconds
[2023-11-23T02:12:35.479+0000] {processor.py:157} INFO - Started process (PID=260) to work on /home/airflow/.local/lib/python3.8/site-packages/airflow/example_dags/example_short_circuit_operator.py
[2023-11-23T02:12:35.498+0000] {processor.py:829} INFO - Processing file /home/airflow/.local/lib/python3.8/site-packages/airflow/example_dags/example_short_circuit_operator.py for tasks to queue
[2023-11-23T02:12:35.500+0000] {logging_mixin.py:154} INFO - [2023-11-23T02:12:35.500+0000] {dagbag.py:536} INFO - Filling up the DagBag from /home/airflow/.local/lib/python3.8/site-packages/airflow/example_dags/example_short_circuit_operator.py
[2023-11-23T02:12:35.509+0000] {processor.py:839} INFO - DAG(s) dict_keys(['example_short_circuit_operator']) retrieved from /home/airflow/.local/lib/python3.8/site-packages/airflow/example_dags/example_short_circuit_operator.py
[2023-11-23T02:12:35.531+0000] {logging_mixin.py:154} INFO - [2023-11-23T02:12:35.531+0000] {dag.py:2941} INFO - Sync 1 DAGs
[2023-11-23T02:12:35.551+0000] {logging_mixin.py:154} INFO - [2023-11-23T02:12:35.551+0000] {dag.py:3722} INFO - Setting next_dagrun for example_short_circuit_operator to 2023-11-22T02:12:35.550859+00:00, run_after=2023-11-23T02:12:35.550859+00:00
[2023-11-23T02:12:35.635+0000] {processor.py:179} INFO - Processing /home/airflow/.local/lib/python3.8/site-packages/airflow/example_dags/example_short_circuit_operator.py took 0.159 seconds
[2023-11-23T02:13:06.020+0000] {processor.py:157} INFO - Started process (PID=314) to work on /home/airflow/.local/lib/python3.8/site-packages/airflow/example_dags/example_short_circuit_operator.py
[2023-11-23T02:13:06.020+0000] {processor.py:829} INFO - Processing file /home/airflow/.local/lib/python3.8/site-packages/airflow/example_dags/example_short_circuit_operator.py for tasks to queue
[2023-11-23T02:13:06.022+0000] {logging_mixin.py:154} INFO - [2023-11-23T02:13:06.021+0000] {dagbag.py:536} INFO - Filling up the DagBag from /home/airflow/.local/lib/python3.8/site-packages/airflow/example_dags/example_short_circuit_operator.py
[2023-11-23T02:13:06.026+0000] {processor.py:839} INFO - DAG(s) dict_keys(['example_short_circuit_operator']) retrieved from /home/airflow/.local/lib/python3.8/site-packages/airflow/example_dags/example_short_circuit_operator.py
[2023-11-23T02:13:06.041+0000] {logging_mixin.py:154} INFO - [2023-11-23T02:13:06.040+0000] {dag.py:2941} INFO - Sync 1 DAGs
[2023-11-23T02:13:06.060+0000] {logging_mixin.py:154} INFO - [2023-11-23T02:13:06.060+0000] {dag.py:3722} INFO - Setting next_dagrun for example_short_circuit_operator to 2023-11-22T02:13:06.059809+00:00, run_after=2023-11-23T02:13:06.059809+00:00
[2023-11-23T02:13:06.110+0000] {processor.py:179} INFO - Processing /home/airflow/.local/lib/python3.8/site-packages/airflow/example_dags/example_short_circuit_operator.py took 0.092 seconds
[2023-11-23T02:13:36.452+0000] {processor.py:157} INFO - Started process (PID=368) to work on /home/airflow/.local/lib/python3.8/site-packages/airflow/example_dags/example_short_circuit_operator.py
[2023-11-23T02:13:36.498+0000] {processor.py:829} INFO - Processing file /home/airflow/.local/lib/python3.8/site-packages/airflow/example_dags/example_short_circuit_operator.py for tasks to queue
[2023-11-23T02:13:36.500+0000] {logging_mixin.py:154} INFO - [2023-11-23T02:13:36.500+0000] {dagbag.py:536} INFO - Filling up the DagBag from /home/airflow/.local/lib/python3.8/site-packages/airflow/example_dags/example_short_circuit_operator.py
[2023-11-23T02:13:36.504+0000] {processor.py:839} INFO - DAG(s) dict_keys(['example_short_circuit_operator']) retrieved from /home/airflow/.local/lib/python3.8/site-packages/airflow/example_dags/example_short_circuit_operator.py
[2023-11-23T02:13:36.521+0000] {logging_mixin.py:154} INFO - [2023-11-23T02:13:36.521+0000] {dag.py:2941} INFO - Sync 1 DAGs
[2023-11-23T02:13:36.537+0000] {logging_mixin.py:154} INFO - [2023-11-23T02:13:36.537+0000] {dag.py:3722} INFO - Setting next_dagrun for example_short_circuit_operator to 2023-11-22T02:13:36.537177+00:00, run_after=2023-11-23T02:13:36.537177+00:00
[2023-11-23T02:13:36.585+0000] {processor.py:179} INFO - Processing /home/airflow/.local/lib/python3.8/site-packages/airflow/example_dags/example_short_circuit_operator.py took 0.135 seconds
