[2023-11-23T02:10:35.194+0000] {processor.py:157} INFO - Started process (PID=66) to work on /home/airflow/.local/lib/python3.8/site-packages/airflow/example_dags/example_short_circuit_decorator.py
[2023-11-23T02:10:35.195+0000] {processor.py:829} INFO - Processing file /home/airflow/.local/lib/python3.8/site-packages/airflow/example_dags/example_short_circuit_decorator.py for tasks to queue
[2023-11-23T02:10:35.196+0000] {logging_mixin.py:154} INFO - [2023-11-23T02:10:35.196+0000] {dagbag.py:536} INFO - Filling up the DagBag from /home/airflow/.local/lib/python3.8/site-packages/airflow/example_dags/example_short_circuit_decorator.py
[2023-11-23T02:10:35.204+0000] {processor.py:839} INFO - DAG(s) dict_keys(['example_short_circuit_decorator']) retrieved from /home/airflow/.local/lib/python3.8/site-packages/airflow/example_dags/example_short_circuit_decorator.py
[2023-11-23T02:10:35.212+0000] {logging_mixin.py:154} INFO - [2023-11-23T02:10:35.212+0000] {dag.py:2941} INFO - Sync 1 DAGs
[2023-11-23T02:10:35.229+0000] {logging_mixin.py:154} INFO - [2023-11-23T02:10:35.229+0000] {dag.py:3722} INFO - Setting next_dagrun for example_short_circuit_decorator to 2023-11-22T02:10:35.229026+00:00, run_after=2023-11-23T02:10:35.229026+00:00
[2023-11-23T02:10:35.290+0000] {processor.py:179} INFO - Processing /home/airflow/.local/lib/python3.8/site-packages/airflow/example_dags/example_short_circuit_decorator.py took 0.098 seconds
[2023-11-23T02:11:05.403+0000] {processor.py:157} INFO - Started process (PID=120) to work on /home/airflow/.local/lib/python3.8/site-packages/airflow/example_dags/example_short_circuit_decorator.py
[2023-11-23T02:11:05.404+0000] {processor.py:829} INFO - Processing file /home/airflow/.local/lib/python3.8/site-packages/airflow/example_dags/example_short_circuit_decorator.py for tasks to queue
[2023-11-23T02:11:05.405+0000] {logging_mixin.py:154} INFO - [2023-11-23T02:11:05.405+0000] {dagbag.py:536} INFO - Filling up the DagBag from /home/airflow/.local/lib/python3.8/site-packages/airflow/example_dags/example_short_circuit_decorator.py
[2023-11-23T02:11:05.411+0000] {processor.py:839} INFO - DAG(s) dict_keys(['example_short_circuit_decorator']) retrieved from /home/airflow/.local/lib/python3.8/site-packages/airflow/example_dags/example_short_circuit_decorator.py
[2023-11-23T02:11:05.426+0000] {logging_mixin.py:154} INFO - [2023-11-23T02:11:05.426+0000] {dag.py:2941} INFO - Sync 1 DAGs
[2023-11-23T02:11:05.440+0000] {logging_mixin.py:154} INFO - [2023-11-23T02:11:05.440+0000] {dag.py:3722} INFO - Setting next_dagrun for example_short_circuit_decorator to 2023-11-22T02:11:05.440209+00:00, run_after=2023-11-23T02:11:05.440209+00:00
[2023-11-23T02:11:05.485+0000] {processor.py:179} INFO - Processing /home/airflow/.local/lib/python3.8/site-packages/airflow/example_dags/example_short_circuit_decorator.py took 0.084 seconds
[2023-11-23T02:11:36.022+0000] {processor.py:157} INFO - Started process (PID=174) to work on /home/airflow/.local/lib/python3.8/site-packages/airflow/example_dags/example_short_circuit_decorator.py
[2023-11-23T02:11:36.034+0000] {processor.py:829} INFO - Processing file /home/airflow/.local/lib/python3.8/site-packages/airflow/example_dags/example_short_circuit_decorator.py for tasks to queue
[2023-11-23T02:11:36.035+0000] {logging_mixin.py:154} INFO - [2023-11-23T02:11:36.035+0000] {dagbag.py:536} INFO - Filling up the DagBag from /home/airflow/.local/lib/python3.8/site-packages/airflow/example_dags/example_short_circuit_decorator.py
[2023-11-23T02:11:36.043+0000] {processor.py:839} INFO - DAG(s) dict_keys(['example_short_circuit_decorator']) retrieved from /home/airflow/.local/lib/python3.8/site-packages/airflow/example_dags/example_short_circuit_decorator.py
[2023-11-23T02:11:36.062+0000] {logging_mixin.py:154} INFO - [2023-11-23T02:11:36.062+0000] {dag.py:2941} INFO - Sync 1 DAGs
[2023-11-23T02:11:36.084+0000] {logging_mixin.py:154} INFO - [2023-11-23T02:11:36.084+0000] {dag.py:3722} INFO - Setting next_dagrun for example_short_circuit_decorator to 2023-11-22T02:11:36.084031+00:00, run_after=2023-11-23T02:11:36.084031+00:00
[2023-11-23T02:11:36.138+0000] {processor.py:179} INFO - Processing /home/airflow/.local/lib/python3.8/site-packages/airflow/example_dags/example_short_circuit_decorator.py took 0.118 seconds
[2023-11-23T02:12:06.590+0000] {processor.py:157} INFO - Started process (PID=228) to work on /home/airflow/.local/lib/python3.8/site-packages/airflow/example_dags/example_short_circuit_decorator.py
[2023-11-23T02:12:06.591+0000] {processor.py:829} INFO - Processing file /home/airflow/.local/lib/python3.8/site-packages/airflow/example_dags/example_short_circuit_decorator.py for tasks to queue
[2023-11-23T02:12:06.593+0000] {logging_mixin.py:154} INFO - [2023-11-23T02:12:06.593+0000] {dagbag.py:536} INFO - Filling up the DagBag from /home/airflow/.local/lib/python3.8/site-packages/airflow/example_dags/example_short_circuit_decorator.py
[2023-11-23T02:12:06.602+0000] {processor.py:839} INFO - DAG(s) dict_keys(['example_short_circuit_decorator']) retrieved from /home/airflow/.local/lib/python3.8/site-packages/airflow/example_dags/example_short_circuit_decorator.py
[2023-11-23T02:12:06.620+0000] {logging_mixin.py:154} INFO - [2023-11-23T02:12:06.620+0000] {dag.py:2941} INFO - Sync 1 DAGs
[2023-11-23T02:12:06.639+0000] {logging_mixin.py:154} INFO - [2023-11-23T02:12:06.639+0000] {dag.py:3722} INFO - Setting next_dagrun for example_short_circuit_decorator to 2023-11-22T02:12:06.639140+00:00, run_after=2023-11-23T02:12:06.639140+00:00
[2023-11-23T02:12:06.696+0000] {processor.py:179} INFO - Processing /home/airflow/.local/lib/python3.8/site-packages/airflow/example_dags/example_short_circuit_decorator.py took 0.109 seconds
[2023-11-23T02:12:37.880+0000] {processor.py:157} INFO - Started process (PID=282) to work on /home/airflow/.local/lib/python3.8/site-packages/airflow/example_dags/example_short_circuit_decorator.py
[2023-11-23T02:12:37.881+0000] {processor.py:829} INFO - Processing file /home/airflow/.local/lib/python3.8/site-packages/airflow/example_dags/example_short_circuit_decorator.py for tasks to queue
[2023-11-23T02:12:37.883+0000] {logging_mixin.py:154} INFO - [2023-11-23T02:12:37.883+0000] {dagbag.py:536} INFO - Filling up the DagBag from /home/airflow/.local/lib/python3.8/site-packages/airflow/example_dags/example_short_circuit_decorator.py
[2023-11-23T02:12:37.892+0000] {processor.py:839} INFO - DAG(s) dict_keys(['example_short_circuit_decorator']) retrieved from /home/airflow/.local/lib/python3.8/site-packages/airflow/example_dags/example_short_circuit_decorator.py
[2023-11-23T02:12:37.912+0000] {logging_mixin.py:154} INFO - [2023-11-23T02:12:37.912+0000] {dag.py:2941} INFO - Sync 1 DAGs
[2023-11-23T02:12:37.934+0000] {logging_mixin.py:154} INFO - [2023-11-23T02:12:37.934+0000] {dag.py:3722} INFO - Setting next_dagrun for example_short_circuit_decorator to 2023-11-22T02:12:37.934310+00:00, run_after=2023-11-23T02:12:37.934310+00:00
[2023-11-23T02:12:37.975+0000] {processor.py:179} INFO - Processing /home/airflow/.local/lib/python3.8/site-packages/airflow/example_dags/example_short_circuit_decorator.py took 0.098 seconds
[2023-11-23T02:13:08.572+0000] {processor.py:157} INFO - Started process (PID=336) to work on /home/airflow/.local/lib/python3.8/site-packages/airflow/example_dags/example_short_circuit_decorator.py
[2023-11-23T02:13:08.572+0000] {processor.py:829} INFO - Processing file /home/airflow/.local/lib/python3.8/site-packages/airflow/example_dags/example_short_circuit_decorator.py for tasks to queue
[2023-11-23T02:13:08.573+0000] {logging_mixin.py:154} INFO - [2023-11-23T02:13:08.573+0000] {dagbag.py:536} INFO - Filling up the DagBag from /home/airflow/.local/lib/python3.8/site-packages/airflow/example_dags/example_short_circuit_decorator.py
[2023-11-23T02:13:08.580+0000] {processor.py:839} INFO - DAG(s) dict_keys(['example_short_circuit_decorator']) retrieved from /home/airflow/.local/lib/python3.8/site-packages/airflow/example_dags/example_short_circuit_decorator.py
[2023-11-23T02:13:08.594+0000] {logging_mixin.py:154} INFO - [2023-11-23T02:13:08.593+0000] {dag.py:2941} INFO - Sync 1 DAGs
[2023-11-23T02:13:08.610+0000] {logging_mixin.py:154} INFO - [2023-11-23T02:13:08.610+0000] {dag.py:3722} INFO - Setting next_dagrun for example_short_circuit_decorator to 2023-11-22T02:13:08.610138+00:00, run_after=2023-11-23T02:13:08.610138+00:00
[2023-11-23T02:13:08.654+0000] {processor.py:179} INFO - Processing /home/airflow/.local/lib/python3.8/site-packages/airflow/example_dags/example_short_circuit_decorator.py took 0.084 seconds
[2023-11-23T02:13:38.997+0000] {processor.py:157} INFO - Started process (PID=390) to work on /home/airflow/.local/lib/python3.8/site-packages/airflow/example_dags/example_short_circuit_decorator.py
[2023-11-23T02:13:38.998+0000] {processor.py:829} INFO - Processing file /home/airflow/.local/lib/python3.8/site-packages/airflow/example_dags/example_short_circuit_decorator.py for tasks to queue
[2023-11-23T02:13:38.999+0000] {logging_mixin.py:154} INFO - [2023-11-23T02:13:38.999+0000] {dagbag.py:536} INFO - Filling up the DagBag from /home/airflow/.local/lib/python3.8/site-packages/airflow/example_dags/example_short_circuit_decorator.py
[2023-11-23T02:13:39.005+0000] {processor.py:839} INFO - DAG(s) dict_keys(['example_short_circuit_decorator']) retrieved from /home/airflow/.local/lib/python3.8/site-packages/airflow/example_dags/example_short_circuit_decorator.py
[2023-11-23T02:13:39.022+0000] {logging_mixin.py:154} INFO - [2023-11-23T02:13:39.022+0000] {dag.py:2941} INFO - Sync 1 DAGs
[2023-11-23T02:13:39.035+0000] {logging_mixin.py:154} INFO - [2023-11-23T02:13:39.035+0000] {dag.py:3722} INFO - Setting next_dagrun for example_short_circuit_decorator to 2023-11-22T02:13:39.035158+00:00, run_after=2023-11-23T02:13:39.035158+00:00
[2023-11-23T02:13:39.078+0000] {processor.py:179} INFO - Processing /home/airflow/.local/lib/python3.8/site-packages/airflow/example_dags/example_short_circuit_decorator.py took 0.083 seconds
