[2023-11-23T02:10:33.237+0000] {processor.py:157} INFO - Started process (PID=38) to work on /home/airflow/.local/lib/python3.8/site-packages/airflow/example_dags/example_datasets.py
[2023-11-23T02:10:33.238+0000] {processor.py:829} INFO - Processing file /home/airflow/.local/lib/python3.8/site-packages/airflow/example_dags/example_datasets.py for tasks to queue
[2023-11-23T02:10:33.240+0000] {logging_mixin.py:154} INFO - [2023-11-23T02:10:33.239+0000] {dagbag.py:536} INFO - Filling up the DagBag from /home/airflow/.local/lib/python3.8/site-packages/airflow/example_dags/example_datasets.py
[2023-11-23T02:10:33.259+0000] {processor.py:839} INFO - DAG(s) dict_keys(['dataset_consumes_1', 'dataset_produces_2', 'dataset_produces_1', 'dataset_consumes_1_and_2', 'dataset_consumes_1_never_scheduled', 'dataset_consumes_unknown_never_scheduled']) retrieved from /home/airflow/.local/lib/python3.8/site-packages/airflow/example_dags/example_datasets.py
[2023-11-23T02:10:33.323+0000] {logging_mixin.py:154} INFO - [2023-11-23T02:10:33.323+0000] {dag.py:2941} INFO - Sync 6 DAGs
[2023-11-23T02:10:33.345+0000] {logging_mixin.py:154} INFO - [2023-11-23T02:10:33.344+0000] {dag.py:3722} INFO - Setting next_dagrun for dataset_consumes_1 to None, run_after=None
[2023-11-23T02:10:33.348+0000] {logging_mixin.py:154} INFO - [2023-11-23T02:10:33.348+0000] {dag.py:3722} INFO - Setting next_dagrun for dataset_consumes_1_and_2 to None, run_after=None
[2023-11-23T02:10:33.349+0000] {logging_mixin.py:154} INFO - [2023-11-23T02:10:33.349+0000] {dag.py:3722} INFO - Setting next_dagrun for dataset_consumes_1_never_scheduled to None, run_after=None
[2023-11-23T02:10:33.350+0000] {logging_mixin.py:154} INFO - [2023-11-23T02:10:33.350+0000] {dag.py:3722} INFO - Setting next_dagrun for dataset_consumes_unknown_never_scheduled to None, run_after=None
[2023-11-23T02:10:33.354+0000] {logging_mixin.py:154} INFO - [2023-11-23T02:10:33.354+0000] {dag.py:3722} INFO - Setting next_dagrun for dataset_produces_1 to 2023-11-22T00:00:00+00:00, run_after=2023-11-23T00:00:00+00:00
[2023-11-23T02:10:33.355+0000] {logging_mixin.py:154} INFO - [2023-11-23T02:10:33.355+0000] {dag.py:3722} INFO - Setting next_dagrun for dataset_produces_2 to None, run_after=None
[2023-11-23T02:10:33.415+0000] {processor.py:179} INFO - Processing /home/airflow/.local/lib/python3.8/site-packages/airflow/example_dags/example_datasets.py took 0.180 seconds
[2023-11-23T02:11:03.500+0000] {processor.py:157} INFO - Started process (PID=92) to work on /home/airflow/.local/lib/python3.8/site-packages/airflow/example_dags/example_datasets.py
[2023-11-23T02:11:03.500+0000] {processor.py:829} INFO - Processing file /home/airflow/.local/lib/python3.8/site-packages/airflow/example_dags/example_datasets.py for tasks to queue
[2023-11-23T02:11:03.502+0000] {logging_mixin.py:154} INFO - [2023-11-23T02:11:03.501+0000] {dagbag.py:536} INFO - Filling up the DagBag from /home/airflow/.local/lib/python3.8/site-packages/airflow/example_dags/example_datasets.py
[2023-11-23T02:11:03.509+0000] {processor.py:839} INFO - DAG(s) dict_keys(['dataset_produces_2', 'dataset_consumes_unknown_never_scheduled', 'dataset_consumes_1_never_scheduled', 'dataset_consumes_1_and_2', 'dataset_produces_1', 'dataset_consumes_1']) retrieved from /home/airflow/.local/lib/python3.8/site-packages/airflow/example_dags/example_datasets.py
[2023-11-23T02:11:03.533+0000] {logging_mixin.py:154} INFO - [2023-11-23T02:11:03.532+0000] {dag.py:2941} INFO - Sync 6 DAGs
[2023-11-23T02:11:03.551+0000] {logging_mixin.py:154} INFO - [2023-11-23T02:11:03.550+0000] {dag.py:3722} INFO - Setting next_dagrun for dataset_consumes_1 to None, run_after=None
[2023-11-23T02:11:03.554+0000] {logging_mixin.py:154} INFO - [2023-11-23T02:11:03.554+0000] {dag.py:3722} INFO - Setting next_dagrun for dataset_consumes_1_and_2 to None, run_after=None
[2023-11-23T02:11:03.555+0000] {logging_mixin.py:154} INFO - [2023-11-23T02:11:03.555+0000] {dag.py:3722} INFO - Setting next_dagrun for dataset_consumes_1_never_scheduled to None, run_after=None
[2023-11-23T02:11:03.556+0000] {logging_mixin.py:154} INFO - [2023-11-23T02:11:03.556+0000] {dag.py:3722} INFO - Setting next_dagrun for dataset_consumes_unknown_never_scheduled to None, run_after=None
[2023-11-23T02:11:03.559+0000] {logging_mixin.py:154} INFO - [2023-11-23T02:11:03.559+0000] {dag.py:3722} INFO - Setting next_dagrun for dataset_produces_1 to 2023-11-22T00:00:00+00:00, run_after=2023-11-23T00:00:00+00:00
[2023-11-23T02:11:03.560+0000] {logging_mixin.py:154} INFO - [2023-11-23T02:11:03.560+0000] {dag.py:3722} INFO - Setting next_dagrun for dataset_produces_2 to None, run_after=None
[2023-11-23T02:11:03.608+0000] {processor.py:179} INFO - Processing /home/airflow/.local/lib/python3.8/site-packages/airflow/example_dags/example_datasets.py took 0.111 seconds
[2023-11-23T02:11:33.669+0000] {processor.py:157} INFO - Started process (PID=146) to work on /home/airflow/.local/lib/python3.8/site-packages/airflow/example_dags/example_datasets.py
[2023-11-23T02:11:33.685+0000] {processor.py:829} INFO - Processing file /home/airflow/.local/lib/python3.8/site-packages/airflow/example_dags/example_datasets.py for tasks to queue
[2023-11-23T02:11:33.687+0000] {logging_mixin.py:154} INFO - [2023-11-23T02:11:33.686+0000] {dagbag.py:536} INFO - Filling up the DagBag from /home/airflow/.local/lib/python3.8/site-packages/airflow/example_dags/example_datasets.py
[2023-11-23T02:11:33.692+0000] {processor.py:839} INFO - DAG(s) dict_keys(['dataset_consumes_1_never_scheduled', 'dataset_consumes_1', 'dataset_consumes_unknown_never_scheduled', 'dataset_consumes_1_and_2', 'dataset_produces_2', 'dataset_produces_1']) retrieved from /home/airflow/.local/lib/python3.8/site-packages/airflow/example_dags/example_datasets.py
[2023-11-23T02:11:33.715+0000] {logging_mixin.py:154} INFO - [2023-11-23T02:11:33.714+0000] {dag.py:2941} INFO - Sync 6 DAGs
[2023-11-23T02:11:33.731+0000] {logging_mixin.py:154} INFO - [2023-11-23T02:11:33.731+0000] {dag.py:3722} INFO - Setting next_dagrun for dataset_consumes_1 to None, run_after=None
[2023-11-23T02:11:33.735+0000] {logging_mixin.py:154} INFO - [2023-11-23T02:11:33.735+0000] {dag.py:3722} INFO - Setting next_dagrun for dataset_consumes_1_and_2 to None, run_after=None
[2023-11-23T02:11:33.736+0000] {logging_mixin.py:154} INFO - [2023-11-23T02:11:33.736+0000] {dag.py:3722} INFO - Setting next_dagrun for dataset_consumes_1_never_scheduled to None, run_after=None
[2023-11-23T02:11:33.737+0000] {logging_mixin.py:154} INFO - [2023-11-23T02:11:33.737+0000] {dag.py:3722} INFO - Setting next_dagrun for dataset_consumes_unknown_never_scheduled to None, run_after=None
[2023-11-23T02:11:33.739+0000] {logging_mixin.py:154} INFO - [2023-11-23T02:11:33.739+0000] {dag.py:3722} INFO - Setting next_dagrun for dataset_produces_1 to 2023-11-22T00:00:00+00:00, run_after=2023-11-23T00:00:00+00:00
[2023-11-23T02:11:33.739+0000] {logging_mixin.py:154} INFO - [2023-11-23T02:11:33.739+0000] {dag.py:3722} INFO - Setting next_dagrun for dataset_produces_2 to None, run_after=None
[2023-11-23T02:11:33.788+0000] {processor.py:179} INFO - Processing /home/airflow/.local/lib/python3.8/site-packages/airflow/example_dags/example_datasets.py took 0.121 seconds
[2023-11-23T02:12:04.254+0000] {processor.py:157} INFO - Started process (PID=200) to work on /home/airflow/.local/lib/python3.8/site-packages/airflow/example_dags/example_datasets.py
[2023-11-23T02:12:04.260+0000] {processor.py:829} INFO - Processing file /home/airflow/.local/lib/python3.8/site-packages/airflow/example_dags/example_datasets.py for tasks to queue
[2023-11-23T02:12:04.262+0000] {logging_mixin.py:154} INFO - [2023-11-23T02:12:04.261+0000] {dagbag.py:536} INFO - Filling up the DagBag from /home/airflow/.local/lib/python3.8/site-packages/airflow/example_dags/example_datasets.py
[2023-11-23T02:12:04.268+0000] {processor.py:839} INFO - DAG(s) dict_keys(['dataset_consumes_unknown_never_scheduled', 'dataset_consumes_1_and_2', 'dataset_produces_1', 'dataset_produces_2', 'dataset_consumes_1_never_scheduled', 'dataset_consumes_1']) retrieved from /home/airflow/.local/lib/python3.8/site-packages/airflow/example_dags/example_datasets.py
[2023-11-23T02:12:04.306+0000] {logging_mixin.py:154} INFO - [2023-11-23T02:12:04.306+0000] {dag.py:2941} INFO - Sync 6 DAGs
[2023-11-23T02:12:04.329+0000] {logging_mixin.py:154} INFO - [2023-11-23T02:12:04.329+0000] {dag.py:3722} INFO - Setting next_dagrun for dataset_consumes_1 to None, run_after=None
[2023-11-23T02:12:04.334+0000] {logging_mixin.py:154} INFO - [2023-11-23T02:12:04.334+0000] {dag.py:3722} INFO - Setting next_dagrun for dataset_consumes_1_and_2 to None, run_after=None
[2023-11-23T02:12:04.335+0000] {logging_mixin.py:154} INFO - [2023-11-23T02:12:04.335+0000] {dag.py:3722} INFO - Setting next_dagrun for dataset_consumes_1_never_scheduled to None, run_after=None
[2023-11-23T02:12:04.336+0000] {logging_mixin.py:154} INFO - [2023-11-23T02:12:04.336+0000] {dag.py:3722} INFO - Setting next_dagrun for dataset_consumes_unknown_never_scheduled to None, run_after=None
[2023-11-23T02:12:04.339+0000] {logging_mixin.py:154} INFO - [2023-11-23T02:12:04.339+0000] {dag.py:3722} INFO - Setting next_dagrun for dataset_produces_1 to 2023-11-22T00:00:00+00:00, run_after=2023-11-23T00:00:00+00:00
[2023-11-23T02:12:04.340+0000] {logging_mixin.py:154} INFO - [2023-11-23T02:12:04.340+0000] {dag.py:3722} INFO - Setting next_dagrun for dataset_produces_2 to None, run_after=None
[2023-11-23T02:12:04.415+0000] {processor.py:179} INFO - Processing /home/airflow/.local/lib/python3.8/site-packages/airflow/example_dags/example_datasets.py took 0.162 seconds
[2023-11-23T02:12:35.012+0000] {processor.py:157} INFO - Started process (PID=254) to work on /home/airflow/.local/lib/python3.8/site-packages/airflow/example_dags/example_datasets.py
[2023-11-23T02:12:35.013+0000] {processor.py:829} INFO - Processing file /home/airflow/.local/lib/python3.8/site-packages/airflow/example_dags/example_datasets.py for tasks to queue
[2023-11-23T02:12:35.014+0000] {logging_mixin.py:154} INFO - [2023-11-23T02:12:35.014+0000] {dagbag.py:536} INFO - Filling up the DagBag from /home/airflow/.local/lib/python3.8/site-packages/airflow/example_dags/example_datasets.py
[2023-11-23T02:12:35.023+0000] {processor.py:839} INFO - DAG(s) dict_keys(['dataset_produces_2', 'dataset_consumes_1_and_2', 'dataset_produces_1', 'dataset_consumes_1_never_scheduled', 'dataset_consumes_unknown_never_scheduled', 'dataset_consumes_1']) retrieved from /home/airflow/.local/lib/python3.8/site-packages/airflow/example_dags/example_datasets.py
[2023-11-23T02:12:35.050+0000] {logging_mixin.py:154} INFO - [2023-11-23T02:12:35.050+0000] {dag.py:2941} INFO - Sync 6 DAGs
[2023-11-23T02:12:35.065+0000] {logging_mixin.py:154} INFO - [2023-11-23T02:12:35.065+0000] {dag.py:3722} INFO - Setting next_dagrun for dataset_consumes_1 to None, run_after=None
[2023-11-23T02:12:35.067+0000] {logging_mixin.py:154} INFO - [2023-11-23T02:12:35.067+0000] {dag.py:3722} INFO - Setting next_dagrun for dataset_consumes_1_and_2 to None, run_after=None
[2023-11-23T02:12:35.068+0000] {logging_mixin.py:154} INFO - [2023-11-23T02:12:35.068+0000] {dag.py:3722} INFO - Setting next_dagrun for dataset_consumes_1_never_scheduled to None, run_after=None
[2023-11-23T02:12:35.069+0000] {logging_mixin.py:154} INFO - [2023-11-23T02:12:35.069+0000] {dag.py:3722} INFO - Setting next_dagrun for dataset_consumes_unknown_never_scheduled to None, run_after=None
[2023-11-23T02:12:35.071+0000] {logging_mixin.py:154} INFO - [2023-11-23T02:12:35.071+0000] {dag.py:3722} INFO - Setting next_dagrun for dataset_produces_1 to 2023-11-22T00:00:00+00:00, run_after=2023-11-23T00:00:00+00:00
[2023-11-23T02:12:35.072+0000] {logging_mixin.py:154} INFO - [2023-11-23T02:12:35.072+0000] {dag.py:3722} INFO - Setting next_dagrun for dataset_produces_2 to None, run_after=None
[2023-11-23T02:12:35.120+0000] {processor.py:179} INFO - Processing /home/airflow/.local/lib/python3.8/site-packages/airflow/example_dags/example_datasets.py took 0.110 seconds
[2023-11-23T02:13:05.569+0000] {processor.py:157} INFO - Started process (PID=308) to work on /home/airflow/.local/lib/python3.8/site-packages/airflow/example_dags/example_datasets.py
[2023-11-23T02:13:05.578+0000] {processor.py:829} INFO - Processing file /home/airflow/.local/lib/python3.8/site-packages/airflow/example_dags/example_datasets.py for tasks to queue
[2023-11-23T02:13:05.579+0000] {logging_mixin.py:154} INFO - [2023-11-23T02:13:05.579+0000] {dagbag.py:536} INFO - Filling up the DagBag from /home/airflow/.local/lib/python3.8/site-packages/airflow/example_dags/example_datasets.py
[2023-11-23T02:13:05.585+0000] {processor.py:839} INFO - DAG(s) dict_keys(['dataset_consumes_1_and_2', 'dataset_produces_2', 'dataset_consumes_1', 'dataset_consumes_1_never_scheduled', 'dataset_consumes_unknown_never_scheduled', 'dataset_produces_1']) retrieved from /home/airflow/.local/lib/python3.8/site-packages/airflow/example_dags/example_datasets.py
[2023-11-23T02:13:05.612+0000] {logging_mixin.py:154} INFO - [2023-11-23T02:13:05.612+0000] {dag.py:2941} INFO - Sync 6 DAGs
[2023-11-23T02:13:05.627+0000] {logging_mixin.py:154} INFO - [2023-11-23T02:13:05.627+0000] {dag.py:3722} INFO - Setting next_dagrun for dataset_consumes_1 to None, run_after=None
[2023-11-23T02:13:05.630+0000] {logging_mixin.py:154} INFO - [2023-11-23T02:13:05.630+0000] {dag.py:3722} INFO - Setting next_dagrun for dataset_consumes_1_and_2 to None, run_after=None
[2023-11-23T02:13:05.631+0000] {logging_mixin.py:154} INFO - [2023-11-23T02:13:05.630+0000] {dag.py:3722} INFO - Setting next_dagrun for dataset_consumes_1_never_scheduled to None, run_after=None
[2023-11-23T02:13:05.631+0000] {logging_mixin.py:154} INFO - [2023-11-23T02:13:05.631+0000] {dag.py:3722} INFO - Setting next_dagrun for dataset_consumes_unknown_never_scheduled to None, run_after=None
[2023-11-23T02:13:05.633+0000] {logging_mixin.py:154} INFO - [2023-11-23T02:13:05.633+0000] {dag.py:3722} INFO - Setting next_dagrun for dataset_produces_1 to 2023-11-22T00:00:00+00:00, run_after=2023-11-23T00:00:00+00:00
[2023-11-23T02:13:05.634+0000] {logging_mixin.py:154} INFO - [2023-11-23T02:13:05.634+0000] {dag.py:3722} INFO - Setting next_dagrun for dataset_produces_2 to None, run_after=None
[2023-11-23T02:13:05.694+0000] {processor.py:179} INFO - Processing /home/airflow/.local/lib/python3.8/site-packages/airflow/example_dags/example_datasets.py took 0.127 seconds
[2023-11-23T02:13:35.809+0000] {processor.py:157} INFO - Started process (PID=362) to work on /home/airflow/.local/lib/python3.8/site-packages/airflow/example_dags/example_datasets.py
[2023-11-23T02:13:35.810+0000] {processor.py:829} INFO - Processing file /home/airflow/.local/lib/python3.8/site-packages/airflow/example_dags/example_datasets.py for tasks to queue
[2023-11-23T02:13:35.811+0000] {logging_mixin.py:154} INFO - [2023-11-23T02:13:35.811+0000] {dagbag.py:536} INFO - Filling up the DagBag from /home/airflow/.local/lib/python3.8/site-packages/airflow/example_dags/example_datasets.py
[2023-11-23T02:13:35.817+0000] {processor.py:839} INFO - DAG(s) dict_keys(['dataset_consumes_1_never_scheduled', 'dataset_produces_2', 'dataset_produces_1', 'dataset_consumes_unknown_never_scheduled', 'dataset_consumes_1_and_2', 'dataset_consumes_1']) retrieved from /home/airflow/.local/lib/python3.8/site-packages/airflow/example_dags/example_datasets.py
[2023-11-23T02:13:35.848+0000] {logging_mixin.py:154} INFO - [2023-11-23T02:13:35.847+0000] {dag.py:2941} INFO - Sync 6 DAGs
[2023-11-23T02:13:35.868+0000] {logging_mixin.py:154} INFO - [2023-11-23T02:13:35.868+0000] {dag.py:3722} INFO - Setting next_dagrun for dataset_consumes_1 to None, run_after=None
[2023-11-23T02:13:35.870+0000] {logging_mixin.py:154} INFO - [2023-11-23T02:13:35.870+0000] {dag.py:3722} INFO - Setting next_dagrun for dataset_consumes_1_and_2 to None, run_after=None
[2023-11-23T02:13:35.871+0000] {logging_mixin.py:154} INFO - [2023-11-23T02:13:35.871+0000] {dag.py:3722} INFO - Setting next_dagrun for dataset_consumes_1_never_scheduled to None, run_after=None
[2023-11-23T02:13:35.872+0000] {logging_mixin.py:154} INFO - [2023-11-23T02:13:35.872+0000] {dag.py:3722} INFO - Setting next_dagrun for dataset_consumes_unknown_never_scheduled to None, run_after=None
[2023-11-23T02:13:35.873+0000] {logging_mixin.py:154} INFO - [2023-11-23T02:13:35.873+0000] {dag.py:3722} INFO - Setting next_dagrun for dataset_produces_1 to 2023-11-22T00:00:00+00:00, run_after=2023-11-23T00:00:00+00:00
[2023-11-23T02:13:35.874+0000] {logging_mixin.py:154} INFO - [2023-11-23T02:13:35.874+0000] {dag.py:3722} INFO - Setting next_dagrun for dataset_produces_2 to None, run_after=None
[2023-11-23T02:13:35.958+0000] {processor.py:179} INFO - Processing /home/airflow/.local/lib/python3.8/site-packages/airflow/example_dags/example_datasets.py took 0.151 seconds
