[2023-11-23T02:10:33.076+0000] {processor.py:157} INFO - Started process (PID=36) to work on /home/airflow/.local/lib/python3.8/site-packages/airflow/example_dags/example_branch_python_dop_operator_3.py
[2023-11-23T02:10:33.077+0000] {processor.py:829} INFO - Processing file /home/airflow/.local/lib/python3.8/site-packages/airflow/example_dags/example_branch_python_dop_operator_3.py for tasks to queue
[2023-11-23T02:10:33.079+0000] {logging_mixin.py:154} INFO - [2023-11-23T02:10:33.079+0000] {dagbag.py:536} INFO - Filling up the DagBag from /home/airflow/.local/lib/python3.8/site-packages/airflow/example_dags/example_branch_python_dop_operator_3.py
[2023-11-23T02:10:33.088+0000] {processor.py:839} INFO - DAG(s) dict_keys(['example_branch_dop_operator_v3']) retrieved from /home/airflow/.local/lib/python3.8/site-packages/airflow/example_dags/example_branch_python_dop_operator_3.py
[2023-11-23T02:10:33.108+0000] {logging_mixin.py:154} INFO - [2023-11-23T02:10:33.108+0000] {dag.py:2941} INFO - Sync 1 DAGs
[2023-11-23T02:10:33.147+0000] {logging_mixin.py:154} INFO - [2023-11-23T02:10:33.147+0000] {dag.py:3722} INFO - Setting next_dagrun for example_branch_dop_operator_v3 to 2023-11-23T02:09:00+00:00, run_after=2023-11-23T02:10:00+00:00
[2023-11-23T02:10:33.215+0000] {processor.py:179} INFO - Processing /home/airflow/.local/lib/python3.8/site-packages/airflow/example_dags/example_branch_python_dop_operator_3.py took 0.141 seconds
[2023-11-23T02:11:03.334+0000] {processor.py:157} INFO - Started process (PID=90) to work on /home/airflow/.local/lib/python3.8/site-packages/airflow/example_dags/example_branch_python_dop_operator_3.py
[2023-11-23T02:11:03.334+0000] {processor.py:829} INFO - Processing file /home/airflow/.local/lib/python3.8/site-packages/airflow/example_dags/example_branch_python_dop_operator_3.py for tasks to queue
[2023-11-23T02:11:03.336+0000] {logging_mixin.py:154} INFO - [2023-11-23T02:11:03.335+0000] {dagbag.py:536} INFO - Filling up the DagBag from /home/airflow/.local/lib/python3.8/site-packages/airflow/example_dags/example_branch_python_dop_operator_3.py
[2023-11-23T02:11:03.342+0000] {processor.py:839} INFO - DAG(s) dict_keys(['example_branch_dop_operator_v3']) retrieved from /home/airflow/.local/lib/python3.8/site-packages/airflow/example_dags/example_branch_python_dop_operator_3.py
[2023-11-23T02:11:03.355+0000] {logging_mixin.py:154} INFO - [2023-11-23T02:11:03.355+0000] {dag.py:2941} INFO - Sync 1 DAGs
[2023-11-23T02:11:03.373+0000] {logging_mixin.py:154} INFO - [2023-11-23T02:11:03.373+0000] {dag.py:3722} INFO - Setting next_dagrun for example_branch_dop_operator_v3 to 2023-11-23T02:10:00+00:00, run_after=2023-11-23T02:11:00+00:00
[2023-11-23T02:11:03.480+0000] {processor.py:179} INFO - Processing /home/airflow/.local/lib/python3.8/site-packages/airflow/example_dags/example_branch_python_dop_operator_3.py took 0.149 seconds
[2023-11-23T02:11:33.565+0000] {processor.py:157} INFO - Started process (PID=144) to work on /home/airflow/.local/lib/python3.8/site-packages/airflow/example_dags/example_branch_python_dop_operator_3.py
[2023-11-23T02:11:33.581+0000] {processor.py:829} INFO - Processing file /home/airflow/.local/lib/python3.8/site-packages/airflow/example_dags/example_branch_python_dop_operator_3.py for tasks to queue
[2023-11-23T02:11:33.582+0000] {logging_mixin.py:154} INFO - [2023-11-23T02:11:33.582+0000] {dagbag.py:536} INFO - Filling up the DagBag from /home/airflow/.local/lib/python3.8/site-packages/airflow/example_dags/example_branch_python_dop_operator_3.py
[2023-11-23T02:11:33.587+0000] {processor.py:839} INFO - DAG(s) dict_keys(['example_branch_dop_operator_v3']) retrieved from /home/airflow/.local/lib/python3.8/site-packages/airflow/example_dags/example_branch_python_dop_operator_3.py
[2023-11-23T02:11:33.600+0000] {logging_mixin.py:154} INFO - [2023-11-23T02:11:33.600+0000] {dag.py:2941} INFO - Sync 1 DAGs
[2023-11-23T02:11:33.618+0000] {logging_mixin.py:154} INFO - [2023-11-23T02:11:33.618+0000] {dag.py:3722} INFO - Setting next_dagrun for example_branch_dop_operator_v3 to 2023-11-23T02:10:00+00:00, run_after=2023-11-23T02:11:00+00:00
[2023-11-23T02:11:33.676+0000] {processor.py:179} INFO - Processing /home/airflow/.local/lib/python3.8/site-packages/airflow/example_dags/example_branch_python_dop_operator_3.py took 0.113 seconds
[2023-11-23T02:12:04.151+0000] {processor.py:157} INFO - Started process (PID=198) to work on /home/airflow/.local/lib/python3.8/site-packages/airflow/example_dags/example_branch_python_dop_operator_3.py
[2023-11-23T02:12:04.161+0000] {processor.py:829} INFO - Processing file /home/airflow/.local/lib/python3.8/site-packages/airflow/example_dags/example_branch_python_dop_operator_3.py for tasks to queue
[2023-11-23T02:12:04.163+0000] {logging_mixin.py:154} INFO - [2023-11-23T02:12:04.162+0000] {dagbag.py:536} INFO - Filling up the DagBag from /home/airflow/.local/lib/python3.8/site-packages/airflow/example_dags/example_branch_python_dop_operator_3.py
[2023-11-23T02:12:04.171+0000] {processor.py:839} INFO - DAG(s) dict_keys(['example_branch_dop_operator_v3']) retrieved from /home/airflow/.local/lib/python3.8/site-packages/airflow/example_dags/example_branch_python_dop_operator_3.py
[2023-11-23T02:12:04.187+0000] {logging_mixin.py:154} INFO - [2023-11-23T02:12:04.186+0000] {dag.py:2941} INFO - Sync 1 DAGs
[2023-11-23T02:12:04.208+0000] {logging_mixin.py:154} INFO - [2023-11-23T02:12:04.208+0000] {dag.py:3722} INFO - Setting next_dagrun for example_branch_dop_operator_v3 to 2023-11-23T02:11:00+00:00, run_after=2023-11-23T02:12:00+00:00
[2023-11-23T02:12:04.263+0000] {processor.py:179} INFO - Processing /home/airflow/.local/lib/python3.8/site-packages/airflow/example_dags/example_branch_python_dop_operator_3.py took 0.116 seconds
[2023-11-23T02:12:34.890+0000] {processor.py:157} INFO - Started process (PID=252) to work on /home/airflow/.local/lib/python3.8/site-packages/airflow/example_dags/example_branch_python_dop_operator_3.py
[2023-11-23T02:12:34.904+0000] {processor.py:829} INFO - Processing file /home/airflow/.local/lib/python3.8/site-packages/airflow/example_dags/example_branch_python_dop_operator_3.py for tasks to queue
[2023-11-23T02:12:34.906+0000] {logging_mixin.py:154} INFO - [2023-11-23T02:12:34.906+0000] {dagbag.py:536} INFO - Filling up the DagBag from /home/airflow/.local/lib/python3.8/site-packages/airflow/example_dags/example_branch_python_dop_operator_3.py
[2023-11-23T02:12:34.913+0000] {processor.py:839} INFO - DAG(s) dict_keys(['example_branch_dop_operator_v3']) retrieved from /home/airflow/.local/lib/python3.8/site-packages/airflow/example_dags/example_branch_python_dop_operator_3.py
[2023-11-23T02:12:34.930+0000] {logging_mixin.py:154} INFO - [2023-11-23T02:12:34.929+0000] {dag.py:2941} INFO - Sync 1 DAGs
[2023-11-23T02:12:34.953+0000] {logging_mixin.py:154} INFO - [2023-11-23T02:12:34.953+0000] {dag.py:3722} INFO - Setting next_dagrun for example_branch_dop_operator_v3 to 2023-11-23T02:11:00+00:00, run_after=2023-11-23T02:12:00+00:00
[2023-11-23T02:12:34.994+0000] {processor.py:179} INFO - Processing /home/airflow/.local/lib/python3.8/site-packages/airflow/example_dags/example_branch_python_dop_operator_3.py took 0.106 seconds
[2023-11-23T02:13:05.242+0000] {processor.py:157} INFO - Started process (PID=306) to work on /home/airflow/.local/lib/python3.8/site-packages/airflow/example_dags/example_branch_python_dop_operator_3.py
[2023-11-23T02:13:05.242+0000] {processor.py:829} INFO - Processing file /home/airflow/.local/lib/python3.8/site-packages/airflow/example_dags/example_branch_python_dop_operator_3.py for tasks to queue
[2023-11-23T02:13:05.243+0000] {logging_mixin.py:154} INFO - [2023-11-23T02:13:05.243+0000] {dagbag.py:536} INFO - Filling up the DagBag from /home/airflow/.local/lib/python3.8/site-packages/airflow/example_dags/example_branch_python_dop_operator_3.py
[2023-11-23T02:13:05.250+0000] {processor.py:839} INFO - DAG(s) dict_keys(['example_branch_dop_operator_v3']) retrieved from /home/airflow/.local/lib/python3.8/site-packages/airflow/example_dags/example_branch_python_dop_operator_3.py
[2023-11-23T02:13:05.266+0000] {logging_mixin.py:154} INFO - [2023-11-23T02:13:05.266+0000] {dag.py:2941} INFO - Sync 1 DAGs
[2023-11-23T02:13:05.289+0000] {logging_mixin.py:154} INFO - [2023-11-23T02:13:05.288+0000] {dag.py:3722} INFO - Setting next_dagrun for example_branch_dop_operator_v3 to 2023-11-23T02:12:00+00:00, run_after=2023-11-23T02:13:00+00:00
[2023-11-23T02:13:05.401+0000] {processor.py:179} INFO - Processing /home/airflow/.local/lib/python3.8/site-packages/airflow/example_dags/example_branch_python_dop_operator_3.py took 0.162 seconds
[2023-11-23T02:13:35.478+0000] {processor.py:157} INFO - Started process (PID=360) to work on /home/airflow/.local/lib/python3.8/site-packages/airflow/example_dags/example_branch_python_dop_operator_3.py
[2023-11-23T02:13:35.479+0000] {processor.py:829} INFO - Processing file /home/airflow/.local/lib/python3.8/site-packages/airflow/example_dags/example_branch_python_dop_operator_3.py for tasks to queue
[2023-11-23T02:13:35.480+0000] {logging_mixin.py:154} INFO - [2023-11-23T02:13:35.480+0000] {dagbag.py:536} INFO - Filling up the DagBag from /home/airflow/.local/lib/python3.8/site-packages/airflow/example_dags/example_branch_python_dop_operator_3.py
[2023-11-23T02:13:35.486+0000] {processor.py:839} INFO - DAG(s) dict_keys(['example_branch_dop_operator_v3']) retrieved from /home/airflow/.local/lib/python3.8/site-packages/airflow/example_dags/example_branch_python_dop_operator_3.py
[2023-11-23T02:13:35.501+0000] {logging_mixin.py:154} INFO - [2023-11-23T02:13:35.501+0000] {dag.py:2941} INFO - Sync 1 DAGs
[2023-11-23T02:13:35.525+0000] {logging_mixin.py:154} INFO - [2023-11-23T02:13:35.525+0000] {dag.py:3722} INFO - Setting next_dagrun for example_branch_dop_operator_v3 to 2023-11-23T02:12:00+00:00, run_after=2023-11-23T02:13:00+00:00
[2023-11-23T02:13:35.667+0000] {processor.py:179} INFO - Processing /home/airflow/.local/lib/python3.8/site-packages/airflow/example_dags/example_branch_python_dop_operator_3.py took 0.190 seconds
