[2023-11-23T02:10:33.947+0000] {processor.py:157} INFO - Started process (PID=49) to work on /home/airflow/.local/lib/python3.8/site-packages/airflow/example_dags/example_sensor_decorator.py
[2023-11-23T02:10:33.948+0000] {processor.py:829} INFO - Processing file /home/airflow/.local/lib/python3.8/site-packages/airflow/example_dags/example_sensor_decorator.py for tasks to queue
[2023-11-23T02:10:33.949+0000] {logging_mixin.py:154} INFO - [2023-11-23T02:10:33.949+0000] {dagbag.py:536} INFO - Filling up the DagBag from /home/airflow/.local/lib/python3.8/site-packages/airflow/example_dags/example_sensor_decorator.py
[2023-11-23T02:10:33.956+0000] {processor.py:839} INFO - DAG(s) dict_keys(['example_sensor_decorator']) retrieved from /home/airflow/.local/lib/python3.8/site-packages/airflow/example_dags/example_sensor_decorator.py
[2023-11-23T02:10:33.964+0000] {logging_mixin.py:154} INFO - [2023-11-23T02:10:33.964+0000] {dag.py:2941} INFO - Sync 1 DAGs
[2023-11-23T02:10:33.972+0000] {logging_mixin.py:154} INFO - [2023-11-23T02:10:33.972+0000] {dag.py:3722} INFO - Setting next_dagrun for example_sensor_decorator to None, run_after=None
[2023-11-23T02:10:34.034+0000] {processor.py:179} INFO - Processing /home/airflow/.local/lib/python3.8/site-packages/airflow/example_dags/example_sensor_decorator.py took 0.089 seconds
[2023-11-23T02:11:04.157+0000] {processor.py:157} INFO - Started process (PID=103) to work on /home/airflow/.local/lib/python3.8/site-packages/airflow/example_dags/example_sensor_decorator.py
[2023-11-23T02:11:04.157+0000] {processor.py:829} INFO - Processing file /home/airflow/.local/lib/python3.8/site-packages/airflow/example_dags/example_sensor_decorator.py for tasks to queue
[2023-11-23T02:11:04.159+0000] {logging_mixin.py:154} INFO - [2023-11-23T02:11:04.158+0000] {dagbag.py:536} INFO - Filling up the DagBag from /home/airflow/.local/lib/python3.8/site-packages/airflow/example_dags/example_sensor_decorator.py
[2023-11-23T02:11:04.163+0000] {processor.py:839} INFO - DAG(s) dict_keys(['example_sensor_decorator']) retrieved from /home/airflow/.local/lib/python3.8/site-packages/airflow/example_dags/example_sensor_decorator.py
[2023-11-23T02:11:04.177+0000] {logging_mixin.py:154} INFO - [2023-11-23T02:11:04.177+0000] {dag.py:2941} INFO - Sync 1 DAGs
[2023-11-23T02:11:04.186+0000] {logging_mixin.py:154} INFO - [2023-11-23T02:11:04.186+0000] {dag.py:3722} INFO - Setting next_dagrun for example_sensor_decorator to None, run_after=None
[2023-11-23T02:11:04.242+0000] {processor.py:179} INFO - Processing /home/airflow/.local/lib/python3.8/site-packages/airflow/example_dags/example_sensor_decorator.py took 0.087 seconds
[2023-11-23T02:11:34.784+0000] {processor.py:157} INFO - Started process (PID=157) to work on /home/airflow/.local/lib/python3.8/site-packages/airflow/example_dags/example_sensor_decorator.py
[2023-11-23T02:11:34.805+0000] {processor.py:829} INFO - Processing file /home/airflow/.local/lib/python3.8/site-packages/airflow/example_dags/example_sensor_decorator.py for tasks to queue
[2023-11-23T02:11:34.807+0000] {logging_mixin.py:154} INFO - [2023-11-23T02:11:34.807+0000] {dagbag.py:536} INFO - Filling up the DagBag from /home/airflow/.local/lib/python3.8/site-packages/airflow/example_dags/example_sensor_decorator.py
[2023-11-23T02:11:34.813+0000] {processor.py:839} INFO - DAG(s) dict_keys(['example_sensor_decorator']) retrieved from /home/airflow/.local/lib/python3.8/site-packages/airflow/example_dags/example_sensor_decorator.py
[2023-11-23T02:11:34.830+0000] {logging_mixin.py:154} INFO - [2023-11-23T02:11:34.830+0000] {dag.py:2941} INFO - Sync 1 DAGs
[2023-11-23T02:11:34.842+0000] {logging_mixin.py:154} INFO - [2023-11-23T02:11:34.842+0000] {dag.py:3722} INFO - Setting next_dagrun for example_sensor_decorator to None, run_after=None
[2023-11-23T02:11:34.899+0000] {processor.py:179} INFO - Processing /home/airflow/.local/lib/python3.8/site-packages/airflow/example_dags/example_sensor_decorator.py took 0.117 seconds
[2023-11-23T02:12:05.141+0000] {processor.py:157} INFO - Started process (PID=211) to work on /home/airflow/.local/lib/python3.8/site-packages/airflow/example_dags/example_sensor_decorator.py
[2023-11-23T02:12:05.142+0000] {processor.py:829} INFO - Processing file /home/airflow/.local/lib/python3.8/site-packages/airflow/example_dags/example_sensor_decorator.py for tasks to queue
[2023-11-23T02:12:05.143+0000] {logging_mixin.py:154} INFO - [2023-11-23T02:12:05.143+0000] {dagbag.py:536} INFO - Filling up the DagBag from /home/airflow/.local/lib/python3.8/site-packages/airflow/example_dags/example_sensor_decorator.py
[2023-11-23T02:12:05.150+0000] {processor.py:839} INFO - DAG(s) dict_keys(['example_sensor_decorator']) retrieved from /home/airflow/.local/lib/python3.8/site-packages/airflow/example_dags/example_sensor_decorator.py
[2023-11-23T02:12:05.168+0000] {logging_mixin.py:154} INFO - [2023-11-23T02:12:05.168+0000] {dag.py:2941} INFO - Sync 1 DAGs
[2023-11-23T02:12:05.181+0000] {logging_mixin.py:154} INFO - [2023-11-23T02:12:05.181+0000] {dag.py:3722} INFO - Setting next_dagrun for example_sensor_decorator to None, run_after=None
[2023-11-23T02:12:05.255+0000] {processor.py:179} INFO - Processing /home/airflow/.local/lib/python3.8/site-packages/airflow/example_dags/example_sensor_decorator.py took 0.115 seconds
[2023-11-23T02:12:36.004+0000] {processor.py:157} INFO - Started process (PID=265) to work on /home/airflow/.local/lib/python3.8/site-packages/airflow/example_dags/example_sensor_decorator.py
[2023-11-23T02:12:36.027+0000] {processor.py:829} INFO - Processing file /home/airflow/.local/lib/python3.8/site-packages/airflow/example_dags/example_sensor_decorator.py for tasks to queue
[2023-11-23T02:12:36.033+0000] {logging_mixin.py:154} INFO - [2023-11-23T02:12:36.032+0000] {dagbag.py:536} INFO - Filling up the DagBag from /home/airflow/.local/lib/python3.8/site-packages/airflow/example_dags/example_sensor_decorator.py
[2023-11-23T02:12:36.047+0000] {processor.py:839} INFO - DAG(s) dict_keys(['example_sensor_decorator']) retrieved from /home/airflow/.local/lib/python3.8/site-packages/airflow/example_dags/example_sensor_decorator.py
[2023-11-23T02:12:36.072+0000] {logging_mixin.py:154} INFO - [2023-11-23T02:12:36.071+0000] {dag.py:2941} INFO - Sync 1 DAGs
[2023-11-23T02:12:36.083+0000] {logging_mixin.py:154} INFO - [2023-11-23T02:12:36.083+0000] {dag.py:3722} INFO - Setting next_dagrun for example_sensor_decorator to None, run_after=None
[2023-11-23T02:12:36.138+0000] {processor.py:179} INFO - Processing /home/airflow/.local/lib/python3.8/site-packages/airflow/example_dags/example_sensor_decorator.py took 0.136 seconds
[2023-11-23T02:13:06.326+0000] {processor.py:157} INFO - Started process (PID=319) to work on /home/airflow/.local/lib/python3.8/site-packages/airflow/example_dags/example_sensor_decorator.py
[2023-11-23T02:13:06.327+0000] {processor.py:829} INFO - Processing file /home/airflow/.local/lib/python3.8/site-packages/airflow/example_dags/example_sensor_decorator.py for tasks to queue
[2023-11-23T02:13:06.329+0000] {logging_mixin.py:154} INFO - [2023-11-23T02:13:06.328+0000] {dagbag.py:536} INFO - Filling up the DagBag from /home/airflow/.local/lib/python3.8/site-packages/airflow/example_dags/example_sensor_decorator.py
[2023-11-23T02:13:06.333+0000] {processor.py:839} INFO - DAG(s) dict_keys(['example_sensor_decorator']) retrieved from /home/airflow/.local/lib/python3.8/site-packages/airflow/example_dags/example_sensor_decorator.py
[2023-11-23T02:13:06.348+0000] {logging_mixin.py:154} INFO - [2023-11-23T02:13:06.348+0000] {dag.py:2941} INFO - Sync 1 DAGs
[2023-11-23T02:13:06.356+0000] {logging_mixin.py:154} INFO - [2023-11-23T02:13:06.356+0000] {dag.py:3722} INFO - Setting next_dagrun for example_sensor_decorator to None, run_after=None
[2023-11-23T02:13:06.401+0000] {processor.py:179} INFO - Processing /home/airflow/.local/lib/python3.8/site-packages/airflow/example_dags/example_sensor_decorator.py took 0.076 seconds
[2023-11-23T02:13:36.813+0000] {processor.py:157} INFO - Started process (PID=373) to work on /home/airflow/.local/lib/python3.8/site-packages/airflow/example_dags/example_sensor_decorator.py
[2023-11-23T02:13:36.816+0000] {processor.py:829} INFO - Processing file /home/airflow/.local/lib/python3.8/site-packages/airflow/example_dags/example_sensor_decorator.py for tasks to queue
[2023-11-23T02:13:36.817+0000] {logging_mixin.py:154} INFO - [2023-11-23T02:13:36.817+0000] {dagbag.py:536} INFO - Filling up the DagBag from /home/airflow/.local/lib/python3.8/site-packages/airflow/example_dags/example_sensor_decorator.py
[2023-11-23T02:13:36.822+0000] {processor.py:839} INFO - DAG(s) dict_keys(['example_sensor_decorator']) retrieved from /home/airflow/.local/lib/python3.8/site-packages/airflow/example_dags/example_sensor_decorator.py
[2023-11-23T02:13:36.837+0000] {logging_mixin.py:154} INFO - [2023-11-23T02:13:36.837+0000] {dag.py:2941} INFO - Sync 1 DAGs
[2023-11-23T02:13:36.845+0000] {logging_mixin.py:154} INFO - [2023-11-23T02:13:36.844+0000] {dag.py:3722} INFO - Setting next_dagrun for example_sensor_decorator to None, run_after=None
[2023-11-23T02:13:36.892+0000] {processor.py:179} INFO - Processing /home/airflow/.local/lib/python3.8/site-packages/airflow/example_dags/example_sensor_decorator.py took 0.081 seconds
