[2023-11-23T02:10:34.894+0000] {processor.py:157} INFO - Started process (PID=63) to work on /home/airflow/.local/lib/python3.8/site-packages/airflow/example_dags/tutorial_dag.py
[2023-11-23T02:10:34.894+0000] {processor.py:829} INFO - Processing file /home/airflow/.local/lib/python3.8/site-packages/airflow/example_dags/tutorial_dag.py for tasks to queue
[2023-11-23T02:10:34.897+0000] {logging_mixin.py:154} INFO - [2023-11-23T02:10:34.896+0000] {dagbag.py:536} INFO - Filling up the DagBag from /home/airflow/.local/lib/python3.8/site-packages/airflow/example_dags/tutorial_dag.py
[2023-11-23T02:10:34.904+0000] {processor.py:839} INFO - DAG(s) dict_keys(['tutorial_dag']) retrieved from /home/airflow/.local/lib/python3.8/site-packages/airflow/example_dags/tutorial_dag.py
[2023-11-23T02:10:34.920+0000] {logging_mixin.py:154} INFO - [2023-11-23T02:10:34.920+0000] {dag.py:2941} INFO - Sync 1 DAGs
[2023-11-23T02:10:34.934+0000] {logging_mixin.py:154} INFO - [2023-11-23T02:10:34.934+0000] {dag.py:3722} INFO - Setting next_dagrun for tutorial_dag to None, run_after=None
[2023-11-23T02:10:35.075+0000] {processor.py:179} INFO - Processing /home/airflow/.local/lib/python3.8/site-packages/airflow/example_dags/tutorial_dag.py took 0.186 seconds
[2023-11-23T02:11:05.260+0000] {processor.py:157} INFO - Started process (PID=117) to work on /home/airflow/.local/lib/python3.8/site-packages/airflow/example_dags/tutorial_dag.py
[2023-11-23T02:11:05.267+0000] {processor.py:829} INFO - Processing file /home/airflow/.local/lib/python3.8/site-packages/airflow/example_dags/tutorial_dag.py for tasks to queue
[2023-11-23T02:11:05.268+0000] {logging_mixin.py:154} INFO - [2023-11-23T02:11:05.268+0000] {dagbag.py:536} INFO - Filling up the DagBag from /home/airflow/.local/lib/python3.8/site-packages/airflow/example_dags/tutorial_dag.py
[2023-11-23T02:11:05.272+0000] {processor.py:839} INFO - DAG(s) dict_keys(['tutorial_dag']) retrieved from /home/airflow/.local/lib/python3.8/site-packages/airflow/example_dags/tutorial_dag.py
[2023-11-23T02:11:05.286+0000] {logging_mixin.py:154} INFO - [2023-11-23T02:11:05.286+0000] {dag.py:2941} INFO - Sync 1 DAGs
[2023-11-23T02:11:05.293+0000] {logging_mixin.py:154} INFO - [2023-11-23T02:11:05.293+0000] {dag.py:3722} INFO - Setting next_dagrun for tutorial_dag to None, run_after=None
[2023-11-23T02:11:05.334+0000] {processor.py:179} INFO - Processing /home/airflow/.local/lib/python3.8/site-packages/airflow/example_dags/tutorial_dag.py took 0.076 seconds
[2023-11-23T02:11:35.752+0000] {processor.py:157} INFO - Started process (PID=171) to work on /home/airflow/.local/lib/python3.8/site-packages/airflow/example_dags/tutorial_dag.py
[2023-11-23T02:11:35.768+0000] {processor.py:829} INFO - Processing file /home/airflow/.local/lib/python3.8/site-packages/airflow/example_dags/tutorial_dag.py for tasks to queue
[2023-11-23T02:11:35.769+0000] {logging_mixin.py:154} INFO - [2023-11-23T02:11:35.769+0000] {dagbag.py:536} INFO - Filling up the DagBag from /home/airflow/.local/lib/python3.8/site-packages/airflow/example_dags/tutorial_dag.py
[2023-11-23T02:11:35.773+0000] {processor.py:839} INFO - DAG(s) dict_keys(['tutorial_dag']) retrieved from /home/airflow/.local/lib/python3.8/site-packages/airflow/example_dags/tutorial_dag.py
[2023-11-23T02:11:35.790+0000] {logging_mixin.py:154} INFO - [2023-11-23T02:11:35.790+0000] {dag.py:2941} INFO - Sync 1 DAGs
[2023-11-23T02:11:35.801+0000] {logging_mixin.py:154} INFO - [2023-11-23T02:11:35.800+0000] {dag.py:3722} INFO - Setting next_dagrun for tutorial_dag to None, run_after=None
[2023-11-23T02:11:35.882+0000] {processor.py:179} INFO - Processing /home/airflow/.local/lib/python3.8/site-packages/airflow/example_dags/tutorial_dag.py took 0.132 seconds
[2023-11-23T02:12:06.385+0000] {processor.py:157} INFO - Started process (PID=225) to work on /home/airflow/.local/lib/python3.8/site-packages/airflow/example_dags/tutorial_dag.py
[2023-11-23T02:12:06.385+0000] {processor.py:829} INFO - Processing file /home/airflow/.local/lib/python3.8/site-packages/airflow/example_dags/tutorial_dag.py for tasks to queue
[2023-11-23T02:12:06.387+0000] {logging_mixin.py:154} INFO - [2023-11-23T02:12:06.386+0000] {dagbag.py:536} INFO - Filling up the DagBag from /home/airflow/.local/lib/python3.8/site-packages/airflow/example_dags/tutorial_dag.py
[2023-11-23T02:12:06.390+0000] {processor.py:839} INFO - DAG(s) dict_keys(['tutorial_dag']) retrieved from /home/airflow/.local/lib/python3.8/site-packages/airflow/example_dags/tutorial_dag.py
[2023-11-23T02:12:06.406+0000] {logging_mixin.py:154} INFO - [2023-11-23T02:12:06.405+0000] {dag.py:2941} INFO - Sync 1 DAGs
[2023-11-23T02:12:06.416+0000] {logging_mixin.py:154} INFO - [2023-11-23T02:12:06.416+0000] {dag.py:3722} INFO - Setting next_dagrun for tutorial_dag to None, run_after=None
[2023-11-23T02:12:06.540+0000] {processor.py:179} INFO - Processing /home/airflow/.local/lib/python3.8/site-packages/airflow/example_dags/tutorial_dag.py took 0.157 seconds
[2023-11-23T02:12:37.609+0000] {processor.py:157} INFO - Started process (PID=279) to work on /home/airflow/.local/lib/python3.8/site-packages/airflow/example_dags/tutorial_dag.py
[2023-11-23T02:12:37.621+0000] {processor.py:829} INFO - Processing file /home/airflow/.local/lib/python3.8/site-packages/airflow/example_dags/tutorial_dag.py for tasks to queue
[2023-11-23T02:12:37.624+0000] {logging_mixin.py:154} INFO - [2023-11-23T02:12:37.624+0000] {dagbag.py:536} INFO - Filling up the DagBag from /home/airflow/.local/lib/python3.8/site-packages/airflow/example_dags/tutorial_dag.py
[2023-11-23T02:12:37.632+0000] {processor.py:839} INFO - DAG(s) dict_keys(['tutorial_dag']) retrieved from /home/airflow/.local/lib/python3.8/site-packages/airflow/example_dags/tutorial_dag.py
[2023-11-23T02:12:37.668+0000] {logging_mixin.py:154} INFO - [2023-11-23T02:12:37.668+0000] {dag.py:2941} INFO - Sync 1 DAGs
[2023-11-23T02:12:37.684+0000] {logging_mixin.py:154} INFO - [2023-11-23T02:12:37.683+0000] {dag.py:3722} INFO - Setting next_dagrun for tutorial_dag to None, run_after=None
[2023-11-23T02:12:37.726+0000] {processor.py:179} INFO - Processing /home/airflow/.local/lib/python3.8/site-packages/airflow/example_dags/tutorial_dag.py took 0.120 seconds
[2023-11-23T02:13:08.368+0000] {processor.py:157} INFO - Started process (PID=333) to work on /home/airflow/.local/lib/python3.8/site-packages/airflow/example_dags/tutorial_dag.py
[2023-11-23T02:13:08.368+0000] {processor.py:829} INFO - Processing file /home/airflow/.local/lib/python3.8/site-packages/airflow/example_dags/tutorial_dag.py for tasks to queue
[2023-11-23T02:13:08.369+0000] {logging_mixin.py:154} INFO - [2023-11-23T02:13:08.369+0000] {dagbag.py:536} INFO - Filling up the DagBag from /home/airflow/.local/lib/python3.8/site-packages/airflow/example_dags/tutorial_dag.py
[2023-11-23T02:13:08.372+0000] {processor.py:839} INFO - DAG(s) dict_keys(['tutorial_dag']) retrieved from /home/airflow/.local/lib/python3.8/site-packages/airflow/example_dags/tutorial_dag.py
[2023-11-23T02:13:08.385+0000] {logging_mixin.py:154} INFO - [2023-11-23T02:13:08.385+0000] {dag.py:2941} INFO - Sync 1 DAGs
[2023-11-23T02:13:08.393+0000] {logging_mixin.py:154} INFO - [2023-11-23T02:13:08.392+0000] {dag.py:3722} INFO - Setting next_dagrun for tutorial_dag to None, run_after=None
[2023-11-23T02:13:08.434+0000] {processor.py:179} INFO - Processing /home/airflow/.local/lib/python3.8/site-packages/airflow/example_dags/tutorial_dag.py took 0.068 seconds
[2023-11-23T02:13:38.891+0000] {processor.py:157} INFO - Started process (PID=387) to work on /home/airflow/.local/lib/python3.8/site-packages/airflow/example_dags/tutorial_dag.py
[2023-11-23T02:13:38.892+0000] {processor.py:829} INFO - Processing file /home/airflow/.local/lib/python3.8/site-packages/airflow/example_dags/tutorial_dag.py for tasks to queue
[2023-11-23T02:13:38.894+0000] {logging_mixin.py:154} INFO - [2023-11-23T02:13:38.894+0000] {dagbag.py:536} INFO - Filling up the DagBag from /home/airflow/.local/lib/python3.8/site-packages/airflow/example_dags/tutorial_dag.py
[2023-11-23T02:13:38.898+0000] {processor.py:839} INFO - DAG(s) dict_keys(['tutorial_dag']) retrieved from /home/airflow/.local/lib/python3.8/site-packages/airflow/example_dags/tutorial_dag.py
[2023-11-23T02:13:38.911+0000] {logging_mixin.py:154} INFO - [2023-11-23T02:13:38.911+0000] {dag.py:2941} INFO - Sync 1 DAGs
[2023-11-23T02:13:38.920+0000] {logging_mixin.py:154} INFO - [2023-11-23T02:13:38.919+0000] {dag.py:3722} INFO - Setting next_dagrun for tutorial_dag to None, run_after=None
[2023-11-23T02:13:38.956+0000] {processor.py:179} INFO - Processing /home/airflow/.local/lib/python3.8/site-packages/airflow/example_dags/tutorial_dag.py took 0.067 seconds
