[2023-12-11T18:07:30.909+0000] {taskinstance.py:1159} INFO - Dependencies all met for dep_context=non-requeueable deps ti=<TaskInstance: airbyte_mambu_data_processing_airflow_dag.airbyte_check_deposit_transactions manual__2023-12-11T18:06:59.972538+00:00 [queued]>
[2023-12-11T18:07:30.921+0000] {taskinstance.py:1159} INFO - Dependencies all met for dep_context=requeueable deps ti=<TaskInstance: airbyte_mambu_data_processing_airflow_dag.airbyte_check_deposit_transactions manual__2023-12-11T18:06:59.972538+00:00 [queued]>
[2023-12-11T18:07:30.922+0000] {taskinstance.py:1361} INFO - Starting attempt 1 of 1
[2023-12-11T18:07:30.937+0000] {taskinstance.py:1382} INFO - Executing <Task(AirbyteJobSensor): airbyte_check_deposit_transactions> on 2023-12-11 18:06:59.972538+00:00
[2023-12-11T18:07:30.947+0000] {standard_task_runner.py:57} INFO - Started process 329 to run task
[2023-12-11T18:07:30.956+0000] {standard_task_runner.py:84} INFO - Running: ['***', 'tasks', 'run', 'airbyte_mambu_data_processing_***_dag', 'airbyte_check_deposit_transactions', 'manual__2023-12-11T18:06:59.972538+00:00', '--job-id', '41', '--raw', '--subdir', 'DAGS_FOLDER/mambu_data_processing.py', '--cfg-path', '/tmp/tmpew06ekt3']
[2023-12-11T18:07:30.980+0000] {standard_task_runner.py:85} INFO - Job 41: Subtask airbyte_check_deposit_transactions
[2023-12-11T18:07:31.083+0000] {task_command.py:416} INFO - Running <TaskInstance: airbyte_mambu_data_processing_airflow_dag.airbyte_check_deposit_transactions manual__2023-12-11T18:06:59.972538+00:00 [running]> on host 012a6ed4c30b
[2023-12-11T18:07:31.780+0000] {taskinstance.py:1662} INFO - Exporting env vars: AIRFLOW_CTX_DAG_OWNER='***' AIRFLOW_CTX_DAG_ID='airbyte_mambu_data_processing_***_dag' AIRFLOW_CTX_TASK_ID='airbyte_check_deposit_transactions' AIRFLOW_CTX_EXECUTION_DATE='2023-12-11T18:06:59.972538+00:00' AIRFLOW_CTX_TRY_NUMBER='1' AIRFLOW_CTX_DAG_RUN_ID='manual__2023-12-11T18:06:59.972538+00:00'
[2023-12-11T18:07:31.795+0000] {base.py:73} INFO - Using connection ID '***-call-to-airbyte' for task execution.
[2023-12-11T18:07:31.924+0000] {airbyte.py:80} INFO - Waiting for job 9 to complete.
[2023-12-11T18:10:22.602+0000] {base.py:73} INFO - Using connection ID '***-call-to-airbyte' for task execution.
[2023-12-11T18:10:25.925+0000] {airbyte.py:80} INFO - Waiting for job 9 to complete.
[2023-12-11T18:11:29.367+0000] {base.py:73} INFO - Using connection ID '***-call-to-airbyte' for task execution.
[2023-12-11T18:11:29.874+0000] {airbyte.py:80} INFO - Waiting for job 9 to complete.
[2023-12-11T18:12:29.861+0000] {base.py:73} INFO - Using connection ID '***-call-to-airbyte' for task execution.
[2023-12-11T18:12:29.880+0000] {airbyte.py:80} INFO - Waiting for job 9 to complete.
[2023-12-11T18:13:29.944+0000] {base.py:73} INFO - Using connection ID '***-call-to-airbyte' for task execution.
[2023-12-11T18:13:30.044+0000] {airbyte.py:80} INFO - Waiting for job 9 to complete.
[2023-12-11T18:14:30.078+0000] {base.py:73} INFO - Using connection ID '***-call-to-airbyte' for task execution.
[2023-12-11T18:14:30.147+0000] {airbyte.py:80} INFO - Waiting for job 9 to complete.
[2023-12-11T18:15:30.196+0000] {base.py:73} INFO - Using connection ID '***-call-to-airbyte' for task execution.
[2023-12-11T18:15:30.273+0000] {airbyte.py:75} INFO - Job 9 completed successfully.
[2023-12-11T18:15:30.274+0000] {base.py:287} INFO - Success criteria met. Exiting.
[2023-12-11T18:15:30.289+0000] {taskinstance.py:1400} INFO - Marking task as SUCCESS. dag_id=airbyte_mambu_data_processing_***_dag, task_id=airbyte_check_deposit_transactions, execution_date=20231211T180659, start_date=20231211T180730, end_date=20231211T181530
[2023-12-11T18:15:30.352+0000] {local_task_job_runner.py:228} INFO - Task exited with return code 0
[2023-12-11T18:15:30.427+0000] {taskinstance.py:2778} INFO - 1 downstream tasks scheduled from follow-on schedule check
