[2023-11-27T13:04:45.896+0000] {taskinstance.py:1159} INFO - Dependencies all met for dep_context=non-requeueable deps ti=<TaskInstance: airbyte_example_airflow_dag.move_raw_products_file __airflow_temporary_run_2023-11-27T13:03:38.414449+00:00__ [queued]>
[2023-11-27T13:04:45.903+0000] {taskinstance.py:1159} INFO - Dependencies all met for dep_context=requeueable deps ti=<TaskInstance: airbyte_example_airflow_dag.move_raw_products_file __airflow_temporary_run_2023-11-27T13:03:38.414449+00:00__ [queued]>
[2023-11-27T13:04:45.904+0000] {taskinstance.py:1361} INFO - Starting attempt 1 of 1
[2023-11-27T13:04:45.942+0000] {taskinstance.py:1382} INFO - Executing <Task(BashOperator): move_raw_products_file> on 2023-11-27 13:03:38.414427+00:00
[2023-11-27T13:04:45.950+0000] {standard_task_runner.py:57} INFO - Started process 3215 to run task
[2023-11-27T13:04:45.953+0000] {standard_task_runner.py:84} INFO - Running: ['***', 'tasks', 'run', 'airbyte_example_***_dag', 'move_raw_products_file', '__***_temporary_run_2023-11-27T13:03:38.414449+00:00__', '--job-id', '157', '--raw', '--subdir', 'DAGS_FOLDER/example.py', '--cfg-path', '/tmp/tmpvr968ewc']
[2023-11-27T13:04:45.954+0000] {standard_task_runner.py:85} INFO - Job 157: Subtask move_raw_products_file
[2023-11-27T13:04:46.026+0000] {task_command.py:416} INFO - Running <TaskInstance: airbyte_example_airflow_dag.move_raw_products_file __airflow_temporary_run_2023-11-27T13:03:38.414449+00:00__ [running]> on host 471f0a6f2fee
[2023-11-27T13:04:46.163+0000] {taskinstance.py:1662} INFO - Exporting env vars: AIRFLOW_CTX_DAG_OWNER='***' AIRFLOW_CTX_DAG_ID='airbyte_example_***_dag' AIRFLOW_CTX_TASK_ID='move_raw_products_file' AIRFLOW_CTX_EXECUTION_DATE='2023-11-27T13:03:38.414427+00:00' AIRFLOW_CTX_TRY_NUMBER='1' AIRFLOW_CTX_DAG_RUN_ID='__***_temporary_run_2023-11-27T13:03:38.414449+00:00__'
[2023-11-27T13:04:46.165+0000] {subprocess.py:63} INFO - Tmp dir root location: /tmp
[2023-11-27T13:04:46.165+0000] {subprocess.py:75} INFO - Running command: ['/bin/bash', '-c', 'sudo mv /tmp/airbyte_local/json_from_faker/_airbyte_raw_products.jsonl /tmp/airbyte_local/json_from_faker/moved_raw_products.jsonl']
[2023-11-27T13:04:46.173+0000] {subprocess.py:86} INFO - Output:
[2023-11-27T13:04:46.177+0000] {subprocess.py:93} INFO - 
[2023-11-27T13:04:46.177+0000] {subprocess.py:93} INFO - We trust you have received the usual lecture from the local System
[2023-11-27T13:04:46.177+0000] {subprocess.py:93} INFO - Administrator. It usually boils down to these three things:
[2023-11-27T13:04:46.177+0000] {subprocess.py:93} INFO - 
[2023-11-27T13:04:46.177+0000] {subprocess.py:93} INFO -     #1) Respect the privacy of others.
[2023-11-27T13:04:46.177+0000] {subprocess.py:93} INFO -     #2) Think before you type.
[2023-11-27T13:04:46.177+0000] {subprocess.py:93} INFO -     #3) With great power comes great responsibility.
[2023-11-27T13:04:46.177+0000] {subprocess.py:93} INFO - 
[2023-11-27T13:04:46.178+0000] {subprocess.py:93} INFO - sudo: a terminal is required to read the password; either use the -S option to read from standard input or configure an askpass helper
[2023-11-27T13:04:46.178+0000] {subprocess.py:93} INFO - sudo: a password is required
[2023-11-27T13:04:46.178+0000] {subprocess.py:97} INFO - Command exited with return code 1
[2023-11-27T13:04:46.185+0000] {taskinstance.py:1937} ERROR - Task failed with exception
Traceback (most recent call last):
  File "/home/airflow/.local/lib/python3.8/site-packages/airflow/operators/bash.py", line 210, in execute
    raise AirflowException(
airflow.exceptions.AirflowException: Bash command failed. The command returned a non-zero exit code 1.
[2023-11-27T13:04:46.187+0000] {taskinstance.py:1400} INFO - Marking task as FAILED. dag_id=airbyte_example_***_dag, task_id=move_raw_products_file, execution_date=20231127T130338, start_date=20231127T130445, end_date=20231127T130446
[2023-11-27T13:04:46.219+0000] {standard_task_runner.py:104} ERROR - Failed to execute job 157 for task move_raw_products_file (Bash command failed. The command returned a non-zero exit code 1.; 3215)
[2023-11-27T13:04:46.246+0000] {local_task_job_runner.py:228} INFO - Task exited with return code 1
[2023-11-27T13:04:46.271+0000] {taskinstance.py:2778} INFO - 0 downstream tasks scheduled from follow-on schedule check
