[2023-12-11T18:25:48.898+0000] {taskinstance.py:1159} INFO - Dependencies all met for dep_context=non-requeueable deps ti=<TaskInstance: airbyte_mambu_data_processing_airflow_dag.airbyte_check_deposit_transactions manual__2023-12-11T18:24:33.871852+00:00 [queued]>
[2023-12-11T18:25:48.905+0000] {taskinstance.py:1159} INFO - Dependencies all met for dep_context=requeueable deps ti=<TaskInstance: airbyte_mambu_data_processing_airflow_dag.airbyte_check_deposit_transactions manual__2023-12-11T18:24:33.871852+00:00 [queued]>
[2023-12-11T18:25:48.905+0000] {taskinstance.py:1361} INFO - Starting attempt 1 of 1
[2023-12-11T18:25:48.912+0000] {taskinstance.py:1382} INFO - Executing <Task(AirbyteJobSensor): airbyte_check_deposit_transactions> on 2023-12-11 18:24:33.871852+00:00
[2023-12-11T18:25:48.920+0000] {standard_task_runner.py:57} INFO - Started process 608 to run task
[2023-12-11T18:25:48.925+0000] {standard_task_runner.py:84} INFO - Running: ['***', 'tasks', 'run', 'airbyte_mambu_data_processing_***_dag', 'airbyte_check_deposit_transactions', 'manual__2023-12-11T18:24:33.871852+00:00', '--job-id', '45', '--raw', '--subdir', 'DAGS_FOLDER/mambu_data_processing.py', '--cfg-path', '/tmp/tmpl6wfqalj']
[2023-12-11T18:25:48.928+0000] {standard_task_runner.py:85} INFO - Job 45: Subtask airbyte_check_deposit_transactions
[2023-12-11T18:25:48.963+0000] {task_command.py:416} INFO - Running <TaskInstance: airbyte_mambu_data_processing_airflow_dag.airbyte_check_deposit_transactions manual__2023-12-11T18:24:33.871852+00:00 [running]> on host 012a6ed4c30b
[2023-12-11T18:25:49.393+0000] {taskinstance.py:1662} INFO - Exporting env vars: AIRFLOW_CTX_DAG_OWNER='***' AIRFLOW_CTX_DAG_ID='airbyte_mambu_data_processing_***_dag' AIRFLOW_CTX_TASK_ID='airbyte_check_deposit_transactions' AIRFLOW_CTX_EXECUTION_DATE='2023-12-11T18:24:33.871852+00:00' AIRFLOW_CTX_TRY_NUMBER='1' AIRFLOW_CTX_DAG_RUN_ID='manual__2023-12-11T18:24:33.871852+00:00'
[2023-12-11T18:25:49.403+0000] {base.py:73} INFO - Using connection ID '***-call-to-airbyte' for task execution.
[2023-12-11T18:25:49.459+0000] {airbyte.py:80} INFO - Waiting for job 11 to complete.
[2023-12-11T18:26:49.532+0000] {base.py:73} INFO - Using connection ID '***-call-to-airbyte' for task execution.
[2023-12-11T18:26:49.634+0000] {airbyte.py:80} INFO - Waiting for job 11 to complete.
[2023-12-11T18:27:49.682+0000] {base.py:73} INFO - Using connection ID '***-call-to-airbyte' for task execution.
[2023-12-11T18:27:49.782+0000] {airbyte.py:80} INFO - Waiting for job 11 to complete.
[2023-12-11T18:28:49.829+0000] {base.py:73} INFO - Using connection ID '***-call-to-airbyte' for task execution.
[2023-12-11T18:28:49.903+0000] {airbyte.py:75} INFO - Job 11 completed successfully.
[2023-12-11T18:28:49.903+0000] {base.py:287} INFO - Success criteria met. Exiting.
[2023-12-11T18:28:49.923+0000] {taskinstance.py:1400} INFO - Marking task as SUCCESS. dag_id=airbyte_mambu_data_processing_***_dag, task_id=airbyte_check_deposit_transactions, execution_date=20231211T182433, start_date=20231211T182548, end_date=20231211T182849
[2023-12-11T18:28:50.009+0000] {local_task_job_runner.py:228} INFO - Task exited with return code 0
[2023-12-11T18:28:50.064+0000] {taskinstance.py:2778} INFO - 0 downstream tasks scheduled from follow-on schedule check
