[2023-12-11T18:28:54.461+0000] {taskinstance.py:1159} INFO - Dependencies all met for dep_context=non-requeueable deps ti=<TaskInstance: airbyte_mambu_data_processing_airflow_dag.mambu_data_transformation.journal_entries_clean.run manual__2023-12-11T18:24:33.871852+00:00 [queued]>
[2023-12-11T18:28:54.465+0000] {taskinstance.py:1159} INFO - Dependencies all met for dep_context=requeueable deps ti=<TaskInstance: airbyte_mambu_data_processing_airflow_dag.mambu_data_transformation.journal_entries_clean.run manual__2023-12-11T18:24:33.871852+00:00 [queued]>
[2023-12-11T18:28:54.466+0000] {taskinstance.py:1361} INFO - Starting attempt 1 of 1
[2023-12-11T18:28:54.471+0000] {taskinstance.py:1382} INFO - Executing <Task(DbtRunLocalOperator): mambu_data_transformation.journal_entries_clean.run> on 2023-12-11 18:24:33.871852+00:00
[2023-12-11T18:28:54.476+0000] {standard_task_runner.py:57} INFO - Started process 658 to run task
[2023-12-11T18:28:54.478+0000] {standard_task_runner.py:84} INFO - Running: ['***', 'tasks', 'run', 'airbyte_mambu_data_processing_***_dag', 'mambu_data_transformation.journal_entries_clean.run', 'manual__2023-12-11T18:24:33.871852+00:00', '--job-id', '47', '--raw', '--subdir', 'DAGS_FOLDER/mambu_data_processing.py', '--cfg-path', '/tmp/tmp291x_5hr']
[2023-12-11T18:28:54.481+0000] {standard_task_runner.py:85} INFO - Job 47: Subtask mambu_data_transformation.journal_entries_clean.run
[2023-12-11T18:28:54.502+0000] {task_command.py:416} INFO - Running <TaskInstance: airbyte_mambu_data_processing_airflow_dag.mambu_data_transformation.journal_entries_clean.run manual__2023-12-11T18:24:33.871852+00:00 [running]> on host 012a6ed4c30b
[2023-12-11T18:28:54.799+0000] {taskinstance.py:1662} INFO - Exporting env vars: AIRFLOW_CTX_DAG_OWNER='***' AIRFLOW_CTX_DAG_ID='airbyte_mambu_data_processing_***_dag' AIRFLOW_CTX_TASK_ID='mambu_data_transformation.journal_entries_clean.run' AIRFLOW_CTX_EXECUTION_DATE='2023-12-11T18:24:33.871852+00:00' AIRFLOW_CTX_TRY_NUMBER='1' AIRFLOW_CTX_DAG_RUN_ID='manual__2023-12-11T18:24:33.871852+00:00'
[2023-12-11T18:28:54.800+0000] {log.py:232} WARNING - [[34m2023-12-11T18:28:54.800+0000[0m] {[34mlocal.py:[0m194} INFO[0m - [35m(astronomer-cosmos)[0m - Cloning project to writable temp directory /tmp/tmphp7sbtl6 from /opt/***/dags/dbt/mambu[0m
[2023-12-11T18:28:54.800+0000] {local.py:194} INFO - Cloning project to writable temp directory /tmp/tmphp7sbtl6 from /opt/airflow/dags/dbt/mambu
[2023-12-11T18:28:54.802+0000] {log.py:232} WARNING - [[34m2023-12-11T18:28:54.802+0000[0m] {[34mconfig.py:[0m220} INFO[0m - [35m(astronomer-cosmos)[0m - Using user-supplied profiles.yml at /opt/***/dags/dbt/mambu/profiles.yml[0m
[2023-12-11T18:28:54.802+0000] {config.py:220} INFO - Using user-supplied profiles.yml at /opt/airflow/dags/dbt/mambu/profiles.yml
[2023-12-11T18:28:54.802+0000] {log.py:232} WARNING - [[34m2023-12-11T18:28:54.802+0000[0m] {[34mlocal.py:[0m227} INFO[0m - [35m(astronomer-cosmos)[0m - Trying to run the command:
 ['/home/***/.local/bin/dbt', 'run', '--models', 'journal_entries_clean', '--profiles-dir', '/opt/***/dags/dbt/mambu', '--profile', 'staging', '--target', 'dev']
From /tmp/tmphp7sbtl6[0m
[2023-12-11T18:28:54.802+0000] {local.py:227} INFO - Trying to run the command:
 ['/home/***/.local/bin/dbt', 'run', '--models', 'journal_entries_clean', '--profiles-dir', '/opt/***/dags/dbt/mambu', '--profile', 'staging', '--target', 'dev']
From /tmp/tmphp7sbtl6
[2023-12-11T18:28:54.802+0000] {log.py:232} WARNING - [[34m2023-12-11T18:28:54.802+0000[0m] {[34mlocal.py:[0m228} INFO[0m - [35m(astronomer-cosmos)[0m - Using environment variables keys: dict_keys(['AIRFLOW_CTX_DAG_OWNER', 'AIRFLOW_CTX_DAG_ID', 'AIRFLOW_CTX_TASK_ID', 'AIRFLOW_CTX_EXECUTION_DATE', 'AIRFLOW_CTX_TRY_NUMBER', 'AIRFLOW_CTX_DAG_RUN_ID'])[0m
[2023-12-11T18:28:54.802+0000] {local.py:228} INFO - Using environment variables keys: dict_keys(['AIRFLOW_CTX_DAG_OWNER', 'AIRFLOW_CTX_DAG_ID', 'AIRFLOW_CTX_TASK_ID', 'AIRFLOW_CTX_EXECUTION_DATE', 'AIRFLOW_CTX_TRY_NUMBER', 'AIRFLOW_CTX_DAG_RUN_ID'])
[2023-12-11T18:28:54.803+0000] {log.py:232} WARNING - [[34m2023-12-11T18:28:54.803+0000[0m] {[34msubprocess.py:[0m60} INFO[0m - [35m(astronomer-cosmos)[0m - Tmp dir root location: 
 /tmp[0m
[2023-12-11T18:28:54.803+0000] {subprocess.py:60} INFO - Tmp dir root location: 
 /tmp
[2023-12-11T18:28:54.803+0000] {log.py:232} WARNING - [[34m2023-12-11T18:28:54.803+0000[0m] {[34msubprocess.py:[0m73} INFO[0m - [35m(astronomer-cosmos)[0m - Running command: ['/home/***/.local/bin/dbt', 'run', '--models', 'journal_entries_clean', '--profiles-dir', '/opt/***/dags/dbt/mambu', '--profile', 'staging', '--target', 'dev'][0m
[2023-12-11T18:28:54.803+0000] {subprocess.py:73} INFO - Running command: ['/home/***/.local/bin/dbt', 'run', '--models', 'journal_entries_clean', '--profiles-dir', '/opt/***/dags/dbt/mambu', '--profile', 'staging', '--target', 'dev']
[2023-12-11T18:28:54.813+0000] {log.py:232} WARNING - [[34m2023-12-11T18:28:54.813+0000[0m] {[34msubprocess.py:[0m84} INFO[0m - [35m(astronomer-cosmos)[0m - Command output:[0m
[2023-12-11T18:28:54.813+0000] {subprocess.py:84} INFO - Command output:
[2023-12-11T18:28:55.915+0000] {log.py:232} WARNING - [[34m2023-12-11T18:28:55.914+0000[0m] {[34msubprocess.py:[0m94} INFO[0m - [35m(astronomer-cosmos)[0m - [0m18:28:55  Running with dbt=1.5.9[0m
[2023-12-11T18:28:55.914+0000] {subprocess.py:94} INFO - [0m18:28:55  Running with dbt=1.5.9
[2023-12-11T18:28:55.992+0000] {log.py:232} WARNING - [[34m2023-12-11T18:28:55.992+0000[0m] {[34msubprocess.py:[0m94} INFO[0m - [35m(astronomer-cosmos)[0m - [0m18:28:55  Registered adapter: mysql=1.5.0-a1[0m
[2023-12-11T18:28:55.992+0000] {subprocess.py:94} INFO - [0m18:28:55  Registered adapter: mysql=1.5.0-a1
[2023-12-11T18:28:55.999+0000] {log.py:232} WARNING - [[34m2023-12-11T18:28:55.999+0000[0m] {[34msubprocess.py:[0m94} INFO[0m - [35m(astronomer-cosmos)[0m - [0m18:28:55  Unable to do partial parsing because saved manifest not found. Starting full parse.[0m
[2023-12-11T18:28:55.999+0000] {subprocess.py:94} INFO - [0m18:28:55  Unable to do partial parsing because saved manifest not found. Starting full parse.
[2023-12-11T18:28:56.286+0000] {log.py:232} WARNING - [[34m2023-12-11T18:28:56.285+0000[0m] {[34msubprocess.py:[0m94} INFO[0m - [35m(astronomer-cosmos)[0m - [0m18:28:56  Found 1 model, 2 tests, 0 snapshots, 0 analyses, 300 macros, 0 operations, 0 seed files, 0 sources, 0 exposures, 0 metrics, 0 groups[0m
[2023-12-11T18:28:56.285+0000] {subprocess.py:94} INFO - [0m18:28:56  Found 1 model, 2 tests, 0 snapshots, 0 analyses, 300 macros, 0 operations, 0 seed files, 0 sources, 0 exposures, 0 metrics, 0 groups
[2023-12-11T18:28:56.286+0000] {log.py:232} WARNING - [[34m2023-12-11T18:28:56.286+0000[0m] {[34msubprocess.py:[0m94} INFO[0m - [35m(astronomer-cosmos)[0m - [0m18:28:56[0m
[2023-12-11T18:28:56.286+0000] {subprocess.py:94} INFO - [0m18:28:56
[2023-12-11T18:28:56.379+0000] {log.py:232} WARNING - [[34m2023-12-11T18:28:56.379+0000[0m] {[34msubprocess.py:[0m94} INFO[0m - [35m(astronomer-cosmos)[0m - [0m18:28:56  Concurrency: 1 threads (target='dev')[0m
[2023-12-11T18:28:56.379+0000] {subprocess.py:94} INFO - [0m18:28:56  Concurrency: 1 threads (target='dev')
[2023-12-11T18:28:56.379+0000] {log.py:232} WARNING - [[34m2023-12-11T18:28:56.379+0000[0m] {[34msubprocess.py:[0m94} INFO[0m - [35m(astronomer-cosmos)[0m - [0m18:28:56[0m
[2023-12-11T18:28:56.379+0000] {subprocess.py:94} INFO - [0m18:28:56
[2023-12-11T18:28:56.391+0000] {log.py:232} WARNING - [[34m2023-12-11T18:28:56.391+0000[0m] {[34msubprocess.py:[0m94} INFO[0m - [35m(astronomer-cosmos)[0m - [0m18:28:56  1 of 1 START sql view model staging.journal_entries_clean ...................... [RUN][0m
[2023-12-11T18:28:56.391+0000] {subprocess.py:94} INFO - [0m18:28:56  1 of 1 START sql view model staging.journal_entries_clean ...................... [RUN]
[2023-12-11T18:28:56.463+0000] {log.py:232} WARNING - [[34m2023-12-11T18:28:56.463+0000[0m] {[34msubprocess.py:[0m94} INFO[0m - [35m(astronomer-cosmos)[0m - [0m18:28:56  1 of 1 OK created sql view model staging.journal_entries_clean ................. [[32mSUCCESS 0[0m in 0.07s][0m
[2023-12-11T18:28:56.463+0000] {subprocess.py:94} INFO - [0m18:28:56  1 of 1 OK created sql view model staging.journal_entries_clean ................. [[32mSUCCESS 0[0m in 0.07s]
[2023-12-11T18:28:56.471+0000] {log.py:232} WARNING - [[34m2023-12-11T18:28:56.471+0000[0m] {[34msubprocess.py:[0m94} INFO[0m - [35m(astronomer-cosmos)[0m - [0m18:28:56[0m
[2023-12-11T18:28:56.471+0000] {subprocess.py:94} INFO - [0m18:28:56
[2023-12-11T18:28:56.471+0000] {log.py:232} WARNING - [[34m2023-12-11T18:28:56.471+0000[0m] {[34msubprocess.py:[0m94} INFO[0m - [35m(astronomer-cosmos)[0m - [0m18:28:56  Finished running 1 view model in 0 hours 0 minutes and 0.18 seconds (0.18s).[0m
[2023-12-11T18:28:56.471+0000] {subprocess.py:94} INFO - [0m18:28:56  Finished running 1 view model in 0 hours 0 minutes and 0.18 seconds (0.18s).
[2023-12-11T18:28:56.475+0000] {log.py:232} WARNING - [[34m2023-12-11T18:28:56.475+0000[0m] {[34msubprocess.py:[0m94} INFO[0m - [35m(astronomer-cosmos)[0m - [0m18:28:56[0m
[2023-12-11T18:28:56.475+0000] {subprocess.py:94} INFO - [0m18:28:56
[2023-12-11T18:28:56.475+0000] {log.py:232} WARNING - [[34m2023-12-11T18:28:56.475+0000[0m] {[34msubprocess.py:[0m94} INFO[0m - [35m(astronomer-cosmos)[0m - [0m18:28:56  [32mCompleted successfully[0m[0m
[2023-12-11T18:28:56.475+0000] {subprocess.py:94} INFO - [0m18:28:56  [32mCompleted successfully[0m
[2023-12-11T18:28:56.475+0000] {log.py:232} WARNING - [[34m2023-12-11T18:28:56.475+0000[0m] {[34msubprocess.py:[0m94} INFO[0m - [35m(astronomer-cosmos)[0m - [0m18:28:56[0m
[2023-12-11T18:28:56.475+0000] {subprocess.py:94} INFO - [0m18:28:56
[2023-12-11T18:28:56.476+0000] {log.py:232} WARNING - [[34m2023-12-11T18:28:56.476+0000[0m] {[34msubprocess.py:[0m94} INFO[0m - [35m(astronomer-cosmos)[0m - [0m18:28:56  Done. PASS=1 WARN=0 ERROR=0 SKIP=0 TOTAL=1[0m
[2023-12-11T18:28:56.476+0000] {subprocess.py:94} INFO - [0m18:28:56  Done. PASS=1 WARN=0 ERROR=0 SKIP=0 TOTAL=1
[2023-12-11T18:28:56.590+0000] {log.py:232} WARNING - [[34m2023-12-11T18:28:56.590+0000[0m] {[34msubprocess.py:[0m98} INFO[0m - [35m(astronomer-cosmos)[0m - Command exited with return code 0[0m
[2023-12-11T18:28:56.590+0000] {subprocess.py:98} INFO - Command exited with return code 0
[2023-12-11T18:28:56.605+0000] {local.py:110} WARNING - Artifact schema version: https://schemas.getdbt.com/dbt/manifest/v9.json is above dbt-ol supported version 7. This might cause errors.
[2023-12-11T18:28:56.607+0000] {log.py:232} WARNING - [[34m2023-12-11T18:28:56.607+0000[0m] {[34mlocal.py:[0m244} INFO[0m - [35m(astronomer-cosmos)[0m - Inlets: [][0m
[2023-12-11T18:28:56.607+0000] {local.py:244} INFO - Inlets: []
[2023-12-11T18:28:56.607+0000] {log.py:232} WARNING - [[34m2023-12-11T18:28:56.607+0000[0m] {[34mlocal.py:[0m245} INFO[0m - [35m(astronomer-cosmos)[0m - Outlets: [][0m
[2023-12-11T18:28:56.607+0000] {local.py:245} INFO - Outlets: []
[2023-12-11T18:28:56.608+0000] {dag.py:2941} INFO - Sync 1 DAGs
[2023-12-11T18:28:56.623+0000] {dag.py:3722} INFO - Setting next_dagrun for airbyte_mambu_data_processing_***_dag to 2023-12-11T00:00:00+00:00, run_after=2023-12-12T00:00:00+00:00
[2023-12-11T18:28:56.632+0000] {log.py:232} WARNING - [[34m2023-12-11T18:28:56.632+0000[0m] {[34mlocal.py:[0m363} INFO[0m - [35m(astronomer-cosmos)[0m - [0m18:28:56  Done. PASS=1 WARN=0 ERROR=0 SKIP=0 TOTAL=1[0m
[2023-12-11T18:28:56.632+0000] {local.py:363} INFO - [0m18:28:56  Done. PASS=1 WARN=0 ERROR=0 SKIP=0 TOTAL=1
[2023-12-11T18:28:56.636+0000] {taskinstance.py:1400} INFO - Marking task as SUCCESS. dag_id=airbyte_mambu_data_processing_***_dag, task_id=mambu_data_transformation.journal_entries_clean.run, execution_date=20231211T182433, start_date=20231211T182854, end_date=20231211T182856
[2023-12-11T18:28:56.665+0000] {local_task_job_runner.py:228} INFO - Task exited with return code 0
[2023-12-11T18:28:56.690+0000] {taskinstance.py:2778} INFO - 1 downstream tasks scheduled from follow-on schedule check
