[2023-12-12T11:03:11.729+0000] {taskinstance.py:1159} INFO - Dependencies all met for dep_context=non-requeueable deps ti=<TaskInstance: airbyte_rtgs_data_processing_airflow_dag.airbyte_check_rtgs_deposit_transactions manual__2023-12-12T11:02:34.741742+00:00 [queued]>
[2023-12-12T11:03:11.735+0000] {taskinstance.py:1159} INFO - Dependencies all met for dep_context=requeueable deps ti=<TaskInstance: airbyte_rtgs_data_processing_airflow_dag.airbyte_check_rtgs_deposit_transactions manual__2023-12-12T11:02:34.741742+00:00 [queued]>
[2023-12-12T11:03:11.735+0000] {taskinstance.py:1361} INFO - Starting attempt 1 of 1
[2023-12-12T11:03:11.742+0000] {taskinstance.py:1382} INFO - Executing <Task(AirbyteJobSensor): airbyte_check_rtgs_deposit_transactions> on 2023-12-12 11:02:34.741742+00:00
[2023-12-12T11:03:11.749+0000] {standard_task_runner.py:57} INFO - Started process 4611 to run task
[2023-12-12T11:03:11.752+0000] {standard_task_runner.py:84} INFO - Running: ['***', 'tasks', 'run', 'airbyte_rtgs_data_processing_***_dag', 'airbyte_check_rtgs_deposit_transactions', 'manual__2023-12-12T11:02:34.741742+00:00', '--job-id', '126', '--raw', '--subdir', 'DAGS_FOLDER/rtgs_data_processing.py', '--cfg-path', '/tmp/tmpvpi8kjm3']
[2023-12-12T11:03:11.764+0000] {standard_task_runner.py:85} INFO - Job 126: Subtask airbyte_check_rtgs_deposit_transactions
[2023-12-12T11:03:11.798+0000] {task_command.py:416} INFO - Running <TaskInstance: airbyte_rtgs_data_processing_airflow_dag.airbyte_check_rtgs_deposit_transactions manual__2023-12-12T11:02:34.741742+00:00 [running]> on host 86ddea81acd7
[2023-12-12T11:03:11.837+0000] {taskinstance.py:1662} INFO - Exporting env vars: AIRFLOW_CTX_DAG_OWNER='***' AIRFLOW_CTX_DAG_ID='airbyte_rtgs_data_processing_***_dag' AIRFLOW_CTX_TASK_ID='airbyte_check_rtgs_deposit_transactions' AIRFLOW_CTX_EXECUTION_DATE='2023-12-12T11:02:34.741742+00:00' AIRFLOW_CTX_TRY_NUMBER='1' AIRFLOW_CTX_DAG_RUN_ID='manual__2023-12-12T11:02:34.741742+00:00'
[2023-12-12T11:03:11.847+0000] {base.py:73} INFO - Using connection ID '***-call-to-airbyte' for task execution.
[2023-12-12T11:03:11.889+0000] {airbyte.py:80} INFO - Waiting for job 39 to complete.
[2023-12-12T11:04:11.587+0000] {base.py:73} INFO - Using connection ID '***-call-to-airbyte' for task execution.
[2023-12-12T11:04:11.611+0000] {airbyte.py:80} INFO - Waiting for job 39 to complete.
[2023-12-12T11:05:11.642+0000] {base.py:73} INFO - Using connection ID '***-call-to-airbyte' for task execution.
[2023-12-12T11:05:11.676+0000] {airbyte.py:80} INFO - Waiting for job 39 to complete.
[2023-12-12T11:06:11.724+0000] {base.py:73} INFO - Using connection ID '***-call-to-airbyte' for task execution.
[2023-12-12T11:06:11.781+0000] {airbyte.py:75} INFO - Job 39 completed successfully.
[2023-12-12T11:06:11.781+0000] {base.py:287} INFO - Success criteria met. Exiting.
[2023-12-12T11:06:11.794+0000] {taskinstance.py:1400} INFO - Marking task as SUCCESS. dag_id=airbyte_rtgs_data_processing_***_dag, task_id=airbyte_check_rtgs_deposit_transactions, execution_date=20231212T110234, start_date=20231212T110311, end_date=20231212T110611
[2023-12-12T11:06:11.856+0000] {local_task_job_runner.py:228} INFO - Task exited with return code 0
[2023-12-12T11:06:11.903+0000] {taskinstance.py:2778} INFO - 1 downstream tasks scheduled from follow-on schedule check
