[2023-11-27T12:48:37.751+0000] {taskinstance.py:1159} INFO - Dependencies all met for dep_context=non-requeueable deps ti=<TaskInstance: airbyte_example_airflow_dag.move_raw_products_file manual__2023-11-27T12:47:30.963514+00:00 [queued]>
[2023-11-27T12:48:37.759+0000] {taskinstance.py:1159} INFO - Dependencies all met for dep_context=requeueable deps ti=<TaskInstance: airbyte_example_airflow_dag.move_raw_products_file manual__2023-11-27T12:47:30.963514+00:00 [queued]>
[2023-11-27T12:48:37.760+0000] {taskinstance.py:1361} INFO - Starting attempt 1 of 1
[2023-11-27T12:48:37.813+0000] {taskinstance.py:1382} INFO - Executing <Task(BashOperator): move_raw_products_file> on 2023-11-27 12:47:30.963514+00:00
[2023-11-27T12:48:37.822+0000] {standard_task_runner.py:57} INFO - Started process 2887 to run task
[2023-11-27T12:48:37.825+0000] {standard_task_runner.py:84} INFO - Running: ['***', 'tasks', 'run', 'airbyte_example_***_dag', 'move_raw_products_file', 'manual__2023-11-27T12:47:30.963514+00:00', '--job-id', '127', '--raw', '--subdir', 'DAGS_FOLDER/example.py', '--cfg-path', '/tmp/tmphwdo8cze']
[2023-11-27T12:48:37.826+0000] {standard_task_runner.py:85} INFO - Job 127: Subtask move_raw_products_file
[2023-11-27T12:48:37.893+0000] {task_command.py:416} INFO - Running <TaskInstance: airbyte_example_airflow_dag.move_raw_products_file manual__2023-11-27T12:47:30.963514+00:00 [running]> on host 471f0a6f2fee
[2023-11-27T12:48:38.028+0000] {taskinstance.py:1662} INFO - Exporting env vars: AIRFLOW_CTX_DAG_OWNER='***' AIRFLOW_CTX_DAG_ID='airbyte_example_***_dag' AIRFLOW_CTX_TASK_ID='move_raw_products_file' AIRFLOW_CTX_EXECUTION_DATE='2023-11-27T12:47:30.963514+00:00' AIRFLOW_CTX_TRY_NUMBER='1' AIRFLOW_CTX_DAG_RUN_ID='manual__2023-11-27T12:47:30.963514+00:00'
[2023-11-27T12:48:38.029+0000] {subprocess.py:63} INFO - Tmp dir root location: /tmp
[2023-11-27T12:48:38.030+0000] {subprocess.py:75} INFO - Running command: ['/bin/bash', '-c', 'mv /tmp/airbyte_local/json_from_faker/_airbyte_raw_products.jsonl /tmp/airbyte_local/json_from_faker/moved_raw_products.jsonl']
[2023-11-27T12:48:38.039+0000] {subprocess.py:86} INFO - Output:
[2023-11-27T12:48:38.041+0000] {subprocess.py:93} INFO - mv: cannot move '/tmp/airbyte_local/json_from_faker/_airbyte_raw_products.jsonl' to '/tmp/airbyte_local/json_from_faker/moved_raw_products.jsonl': Permission denied
[2023-11-27T12:48:38.042+0000] {subprocess.py:97} INFO - Command exited with return code 1
[2023-11-27T12:48:38.049+0000] {taskinstance.py:1937} ERROR - Task failed with exception
Traceback (most recent call last):
  File "/home/airflow/.local/lib/python3.8/site-packages/airflow/operators/bash.py", line 210, in execute
    raise AirflowException(
airflow.exceptions.AirflowException: Bash command failed. The command returned a non-zero exit code 1.
[2023-11-27T12:48:38.051+0000] {taskinstance.py:1400} INFO - Marking task as FAILED. dag_id=airbyte_example_***_dag, task_id=move_raw_products_file, execution_date=20231127T124730, start_date=20231127T124837, end_date=20231127T124838
[2023-11-27T12:48:38.083+0000] {standard_task_runner.py:104} ERROR - Failed to execute job 127 for task move_raw_products_file (Bash command failed. The command returned a non-zero exit code 1.; 2887)
[2023-11-27T12:48:38.118+0000] {local_task_job_runner.py:228} INFO - Task exited with return code 1
[2023-11-27T12:48:38.138+0000] {taskinstance.py:2778} INFO - 0 downstream tasks scheduled from follow-on schedule check
