[2023-12-12T11:06:17.637+0000] {taskinstance.py:1159} INFO - Dependencies all met for dep_context=non-requeueable deps ti=<TaskInstance: airbyte_rtgs_data_processing_airflow_dag.rtgs_data_transformation.rtgs_journal_entries_clean.run manual__2023-12-12T11:02:34.741742+00:00 [queued]>
[2023-12-12T11:06:17.642+0000] {taskinstance.py:1159} INFO - Dependencies all met for dep_context=requeueable deps ti=<TaskInstance: airbyte_rtgs_data_processing_airflow_dag.rtgs_data_transformation.rtgs_journal_entries_clean.run manual__2023-12-12T11:02:34.741742+00:00 [queued]>
[2023-12-12T11:06:17.643+0000] {taskinstance.py:1361} INFO - Starting attempt 1 of 1
[2023-12-12T11:06:17.648+0000] {taskinstance.py:1382} INFO - Executing <Task(DbtRunLocalOperator): rtgs_data_transformation.rtgs_journal_entries_clean.run> on 2023-12-12 11:02:34.741742+00:00
[2023-12-12T11:06:17.654+0000] {standard_task_runner.py:57} INFO - Started process 4661 to run task
[2023-12-12T11:06:17.657+0000] {standard_task_runner.py:84} INFO - Running: ['***', 'tasks', 'run', 'airbyte_rtgs_data_processing_***_dag', 'rtgs_data_transformation.rtgs_journal_entries_clean.run', 'manual__2023-12-12T11:02:34.741742+00:00', '--job-id', '127', '--raw', '--subdir', 'DAGS_FOLDER/rtgs_data_processing.py', '--cfg-path', '/tmp/tmpa97tsnk_']
[2023-12-12T11:06:17.659+0000] {standard_task_runner.py:85} INFO - Job 127: Subtask rtgs_data_transformation.rtgs_journal_entries_clean.run
[2023-12-12T11:06:17.680+0000] {task_command.py:416} INFO - Running <TaskInstance: airbyte_rtgs_data_processing_airflow_dag.rtgs_data_transformation.rtgs_journal_entries_clean.run manual__2023-12-12T11:02:34.741742+00:00 [running]> on host 86ddea81acd7
[2023-12-12T11:06:17.710+0000] {taskinstance.py:1662} INFO - Exporting env vars: AIRFLOW_CTX_DAG_OWNER='***' AIRFLOW_CTX_DAG_ID='airbyte_rtgs_data_processing_***_dag' AIRFLOW_CTX_TASK_ID='rtgs_data_transformation.rtgs_journal_entries_clean.run' AIRFLOW_CTX_EXECUTION_DATE='2023-12-12T11:02:34.741742+00:00' AIRFLOW_CTX_TRY_NUMBER='1' AIRFLOW_CTX_DAG_RUN_ID='manual__2023-12-12T11:02:34.741742+00:00'
[2023-12-12T11:06:17.712+0000] {log.py:232} WARNING - [[34m2023-12-12T11:06:17.711+0000[0m] {[34mlocal.py:[0m194} INFO[0m - [35m(astronomer-cosmos)[0m - Cloning project to writable temp directory /tmp/tmp08ivte3x from /opt/***/dags/dbt/rtgs[0m
[2023-12-12T11:06:17.711+0000] {local.py:194} INFO - Cloning project to writable temp directory /tmp/tmp08ivte3x from /opt/airflow/dags/dbt/rtgs
[2023-12-12T11:06:17.713+0000] {log.py:232} WARNING - [[34m2023-12-12T11:06:17.713+0000[0m] {[34mconfig.py:[0m220} INFO[0m - [35m(astronomer-cosmos)[0m - Using user-supplied profiles.yml at /opt/***/dags/dbt/rtgs/profiles.yml[0m
[2023-12-12T11:06:17.713+0000] {config.py:220} INFO - Using user-supplied profiles.yml at /opt/airflow/dags/dbt/rtgs/profiles.yml
[2023-12-12T11:06:17.713+0000] {log.py:232} WARNING - [[34m2023-12-12T11:06:17.713+0000[0m] {[34mlocal.py:[0m227} INFO[0m - [35m(astronomer-cosmos)[0m - Trying to run the command:
 ['/home/***/.local/bin/dbt', 'run', '--models', 'rtgs_journal_entries_clean', '--profiles-dir', '/opt/***/dags/dbt/rtgs', '--profile', 'staging', '--target', 'dev']
From /tmp/tmp08ivte3x[0m
[2023-12-12T11:06:17.713+0000] {local.py:227} INFO - Trying to run the command:
 ['/home/***/.local/bin/dbt', 'run', '--models', 'rtgs_journal_entries_clean', '--profiles-dir', '/opt/***/dags/dbt/rtgs', '--profile', 'staging', '--target', 'dev']
From /tmp/tmp08ivte3x
[2023-12-12T11:06:17.714+0000] {log.py:232} WARNING - [[34m2023-12-12T11:06:17.714+0000[0m] {[34mlocal.py:[0m228} INFO[0m - [35m(astronomer-cosmos)[0m - Using environment variables keys: dict_keys(['AIRFLOW_CTX_DAG_OWNER', 'AIRFLOW_CTX_DAG_ID', 'AIRFLOW_CTX_TASK_ID', 'AIRFLOW_CTX_EXECUTION_DATE', 'AIRFLOW_CTX_TRY_NUMBER', 'AIRFLOW_CTX_DAG_RUN_ID'])[0m
[2023-12-12T11:06:17.714+0000] {local.py:228} INFO - Using environment variables keys: dict_keys(['AIRFLOW_CTX_DAG_OWNER', 'AIRFLOW_CTX_DAG_ID', 'AIRFLOW_CTX_TASK_ID', 'AIRFLOW_CTX_EXECUTION_DATE', 'AIRFLOW_CTX_TRY_NUMBER', 'AIRFLOW_CTX_DAG_RUN_ID'])
[2023-12-12T11:06:17.714+0000] {log.py:232} WARNING - [[34m2023-12-12T11:06:17.714+0000[0m] {[34msubprocess.py:[0m60} INFO[0m - [35m(astronomer-cosmos)[0m - Tmp dir root location: 
 /tmp[0m
[2023-12-12T11:06:17.714+0000] {subprocess.py:60} INFO - Tmp dir root location: 
 /tmp
[2023-12-12T11:06:17.714+0000] {log.py:232} WARNING - [[34m2023-12-12T11:06:17.714+0000[0m] {[34msubprocess.py:[0m73} INFO[0m - [35m(astronomer-cosmos)[0m - Running command: ['/home/***/.local/bin/dbt', 'run', '--models', 'rtgs_journal_entries_clean', '--profiles-dir', '/opt/***/dags/dbt/rtgs', '--profile', 'staging', '--target', 'dev'][0m
[2023-12-12T11:06:17.714+0000] {subprocess.py:73} INFO - Running command: ['/home/***/.local/bin/dbt', 'run', '--models', 'rtgs_journal_entries_clean', '--profiles-dir', '/opt/***/dags/dbt/rtgs', '--profile', 'staging', '--target', 'dev']
[2023-12-12T11:06:17.721+0000] {log.py:232} WARNING - [[34m2023-12-12T11:06:17.721+0000[0m] {[34msubprocess.py:[0m84} INFO[0m - [35m(astronomer-cosmos)[0m - Command output:[0m
[2023-12-12T11:06:17.721+0000] {subprocess.py:84} INFO - Command output:
[2023-12-12T11:06:18.818+0000] {log.py:232} WARNING - [[34m2023-12-12T11:06:18.818+0000[0m] {[34msubprocess.py:[0m94} INFO[0m - [35m(astronomer-cosmos)[0m - [0m11:06:18  Running with dbt=1.5.9[0m
[2023-12-12T11:06:18.818+0000] {subprocess.py:94} INFO - [0m11:06:18  Running with dbt=1.5.9
[2023-12-12T11:06:18.878+0000] {log.py:232} WARNING - [[34m2023-12-12T11:06:18.878+0000[0m] {[34msubprocess.py:[0m94} INFO[0m - [35m(astronomer-cosmos)[0m - [0m11:06:18  Registered adapter: mysql=1.5.0-a1[0m
[2023-12-12T11:06:18.878+0000] {subprocess.py:94} INFO - [0m11:06:18  Registered adapter: mysql=1.5.0-a1
[2023-12-12T11:06:18.883+0000] {log.py:232} WARNING - [[34m2023-12-12T11:06:18.883+0000[0m] {[34msubprocess.py:[0m94} INFO[0m - [35m(astronomer-cosmos)[0m - [0m11:06:18  Unable to do partial parsing because saved manifest not found. Starting full parse.[0m
[2023-12-12T11:06:18.883+0000] {subprocess.py:94} INFO - [0m11:06:18  Unable to do partial parsing because saved manifest not found. Starting full parse.
[2023-12-12T11:06:19.170+0000] {log.py:232} WARNING - [[34m2023-12-12T11:06:19.170+0000[0m] {[34msubprocess.py:[0m94} INFO[0m - [35m(astronomer-cosmos)[0m - [0m11:06:19  [[33mWARNING[0m]: Configuration paths exist in your dbt_project.yml file which do not apply to any resources.[0m
[2023-12-12T11:06:19.170+0000] {subprocess.py:94} INFO - [0m11:06:19  [[33mWARNING[0m]: Configuration paths exist in your dbt_project.yml file which do not apply to any resources.
[2023-12-12T11:06:19.171+0000] {log.py:232} WARNING - [[34m2023-12-12T11:06:19.171+0000[0m] {[34msubprocess.py:[0m94} INFO[0m - [35m(astronomer-cosmos)[0m - There are 1 unused configuration paths:[0m
[2023-12-12T11:06:19.171+0000] {subprocess.py:94} INFO - There are 1 unused configuration paths:
[2023-12-12T11:06:19.171+0000] {log.py:232} WARNING - [[34m2023-12-12T11:06:19.171+0000[0m] {[34msubprocess.py:[0m94} INFO[0m - [35m(astronomer-cosmos)[0m - - models.journal_entries[0m
[2023-12-12T11:06:19.171+0000] {subprocess.py:94} INFO - - models.journal_entries
[2023-12-12T11:06:19.176+0000] {log.py:232} WARNING - [[34m2023-12-12T11:06:19.176+0000[0m] {[34msubprocess.py:[0m94} INFO[0m - [35m(astronomer-cosmos)[0m - [0m11:06:19  Found 1 model, 2 tests, 0 snapshots, 0 analyses, 300 macros, 0 operations, 0 seed files, 0 sources, 0 exposures, 0 metrics, 0 groups[0m
[2023-12-12T11:06:19.176+0000] {subprocess.py:94} INFO - [0m11:06:19  Found 1 model, 2 tests, 0 snapshots, 0 analyses, 300 macros, 0 operations, 0 seed files, 0 sources, 0 exposures, 0 metrics, 0 groups
[2023-12-12T11:06:19.177+0000] {log.py:232} WARNING - [[34m2023-12-12T11:06:19.177+0000[0m] {[34msubprocess.py:[0m94} INFO[0m - [35m(astronomer-cosmos)[0m - [0m11:06:19[0m
[2023-12-12T11:06:19.177+0000] {subprocess.py:94} INFO - [0m11:06:19
[2023-12-12T11:06:19.324+0000] {log.py:232} WARNING - [[34m2023-12-12T11:06:19.324+0000[0m] {[34msubprocess.py:[0m94} INFO[0m - [35m(astronomer-cosmos)[0m - [0m11:06:19  Concurrency: 1 threads (target='dev')[0m
[2023-12-12T11:06:19.324+0000] {subprocess.py:94} INFO - [0m11:06:19  Concurrency: 1 threads (target='dev')
[2023-12-12T11:06:19.325+0000] {log.py:232} WARNING - [[34m2023-12-12T11:06:19.325+0000[0m] {[34msubprocess.py:[0m94} INFO[0m - [35m(astronomer-cosmos)[0m - [0m11:06:19[0m
[2023-12-12T11:06:19.325+0000] {subprocess.py:94} INFO - [0m11:06:19
[2023-12-12T11:06:19.334+0000] {log.py:232} WARNING - [[34m2023-12-12T11:06:19.334+0000[0m] {[34msubprocess.py:[0m94} INFO[0m - [35m(astronomer-cosmos)[0m - [0m11:06:19  1 of 1 START sql table model staging.rtgs_journal_entries_clean ................ [RUN][0m
[2023-12-12T11:06:19.334+0000] {subprocess.py:94} INFO - [0m11:06:19  1 of 1 START sql table model staging.rtgs_journal_entries_clean ................ [RUN]
[2023-12-12T11:06:19.494+0000] {log.py:232} WARNING - [[34m2023-12-12T11:06:19.494+0000[0m] {[34msubprocess.py:[0m94} INFO[0m - [35m(astronomer-cosmos)[0m - [0m11:06:19  1 of 1 OK created sql table model staging.rtgs_journal_entries_clean ........... [[32mSUCCESS 100[0m in 0.16s][0m
[2023-12-12T11:06:19.494+0000] {subprocess.py:94} INFO - [0m11:06:19  1 of 1 OK created sql table model staging.rtgs_journal_entries_clean ........... [[32mSUCCESS 100[0m in 0.16s]
[2023-12-12T11:06:19.504+0000] {log.py:232} WARNING - [[34m2023-12-12T11:06:19.504+0000[0m] {[34msubprocess.py:[0m94} INFO[0m - [35m(astronomer-cosmos)[0m - [0m11:06:19[0m
[2023-12-12T11:06:19.504+0000] {subprocess.py:94} INFO - [0m11:06:19
[2023-12-12T11:06:19.504+0000] {log.py:232} WARNING - [[34m2023-12-12T11:06:19.504+0000[0m] {[34msubprocess.py:[0m94} INFO[0m - [35m(astronomer-cosmos)[0m - [0m11:06:19  Finished running 1 table model in 0 hours 0 minutes and 0.33 seconds (0.33s).[0m
[2023-12-12T11:06:19.504+0000] {subprocess.py:94} INFO - [0m11:06:19  Finished running 1 table model in 0 hours 0 minutes and 0.33 seconds (0.33s).
[2023-12-12T11:06:19.508+0000] {log.py:232} WARNING - [[34m2023-12-12T11:06:19.508+0000[0m] {[34msubprocess.py:[0m94} INFO[0m - [35m(astronomer-cosmos)[0m - [0m11:06:19[0m
[2023-12-12T11:06:19.508+0000] {subprocess.py:94} INFO - [0m11:06:19
[2023-12-12T11:06:19.508+0000] {log.py:232} WARNING - [[34m2023-12-12T11:06:19.508+0000[0m] {[34msubprocess.py:[0m94} INFO[0m - [35m(astronomer-cosmos)[0m - [0m11:06:19  [32mCompleted successfully[0m[0m
[2023-12-12T11:06:19.508+0000] {subprocess.py:94} INFO - [0m11:06:19  [32mCompleted successfully[0m
[2023-12-12T11:06:19.508+0000] {log.py:232} WARNING - [[34m2023-12-12T11:06:19.508+0000[0m] {[34msubprocess.py:[0m94} INFO[0m - [35m(astronomer-cosmos)[0m - [0m11:06:19[0m
[2023-12-12T11:06:19.508+0000] {subprocess.py:94} INFO - [0m11:06:19
[2023-12-12T11:06:19.509+0000] {log.py:232} WARNING - [[34m2023-12-12T11:06:19.509+0000[0m] {[34msubprocess.py:[0m94} INFO[0m - [35m(astronomer-cosmos)[0m - [0m11:06:19  Done. PASS=1 WARN=0 ERROR=0 SKIP=0 TOTAL=1[0m
[2023-12-12T11:06:19.509+0000] {subprocess.py:94} INFO - [0m11:06:19  Done. PASS=1 WARN=0 ERROR=0 SKIP=0 TOTAL=1
[2023-12-12T11:06:20.087+0000] {log.py:232} WARNING - [[34m2023-12-12T11:06:20.086+0000[0m] {[34msubprocess.py:[0m98} INFO[0m - [35m(astronomer-cosmos)[0m - Command exited with return code 0[0m
[2023-12-12T11:06:20.086+0000] {subprocess.py:98} INFO - Command exited with return code 0
[2023-12-12T11:06:20.096+0000] {local.py:110} WARNING - Artifact schema version: https://schemas.getdbt.com/dbt/manifest/v9.json is above dbt-ol supported version 7. This might cause errors.
[2023-12-12T11:06:20.099+0000] {log.py:232} WARNING - [[34m2023-12-12T11:06:20.099+0000[0m] {[34mlocal.py:[0m244} INFO[0m - [35m(astronomer-cosmos)[0m - Inlets: [][0m
[2023-12-12T11:06:20.099+0000] {local.py:244} INFO - Inlets: []
[2023-12-12T11:06:20.099+0000] {log.py:232} WARNING - [[34m2023-12-12T11:06:20.099+0000[0m] {[34mlocal.py:[0m245} INFO[0m - [35m(astronomer-cosmos)[0m - Outlets: [][0m
[2023-12-12T11:06:20.099+0000] {local.py:245} INFO - Outlets: []
[2023-12-12T11:06:20.100+0000] {dag.py:2941} INFO - Sync 1 DAGs
[2023-12-12T11:06:20.135+0000] {dag.py:3722} INFO - Setting next_dagrun for airbyte_rtgs_data_processing_***_dag to 2023-12-12T00:00:00+00:00, run_after=2023-12-13T00:00:00+00:00
[2023-12-12T11:06:20.149+0000] {log.py:232} WARNING - [[34m2023-12-12T11:06:20.149+0000[0m] {[34mlocal.py:[0m363} INFO[0m - [35m(astronomer-cosmos)[0m - [0m11:06:19  Done. PASS=1 WARN=0 ERROR=0 SKIP=0 TOTAL=1[0m
[2023-12-12T11:06:20.149+0000] {local.py:363} INFO - [0m11:06:19  Done. PASS=1 WARN=0 ERROR=0 SKIP=0 TOTAL=1
[2023-12-12T11:06:20.155+0000] {taskinstance.py:1400} INFO - Marking task as SUCCESS. dag_id=airbyte_rtgs_data_processing_***_dag, task_id=rtgs_data_transformation.rtgs_journal_entries_clean.run, execution_date=20231212T110234, start_date=20231212T110617, end_date=20231212T110620
[2023-12-12T11:06:20.203+0000] {local_task_job_runner.py:228} INFO - Task exited with return code 0
[2023-12-12T11:06:20.225+0000] {taskinstance.py:2778} INFO - 1 downstream tasks scheduled from follow-on schedule check
