[2023-12-12T02:17:46.262+0000] {taskinstance.py:1159} INFO - Dependencies all met for dep_context=non-requeueable deps ti=<TaskInstance: airbyte_rtgs_data_processing_airflow_dag.rtgs_data_transformation.rtgs_journal_entries_clean.run manual__2023-12-12T02:14:29.582394+00:00 [queued]>
[2023-12-12T02:17:46.270+0000] {taskinstance.py:1159} INFO - Dependencies all met for dep_context=requeueable deps ti=<TaskInstance: airbyte_rtgs_data_processing_airflow_dag.rtgs_data_transformation.rtgs_journal_entries_clean.run manual__2023-12-12T02:14:29.582394+00:00 [queued]>
[2023-12-12T02:17:46.271+0000] {taskinstance.py:1361} INFO - Starting attempt 1 of 1
[2023-12-12T02:17:46.280+0000] {taskinstance.py:1382} INFO - Executing <Task(DbtRunLocalOperator): rtgs_data_transformation.rtgs_journal_entries_clean.run> on 2023-12-12 02:14:29.582394+00:00
[2023-12-12T02:17:46.287+0000] {standard_task_runner.py:57} INFO - Started process 583 to run task
[2023-12-12T02:17:46.290+0000] {standard_task_runner.py:84} INFO - Running: ['***', 'tasks', 'run', 'airbyte_rtgs_data_processing_***_dag', 'rtgs_data_transformation.rtgs_journal_entries_clean.run', 'manual__2023-12-12T02:14:29.582394+00:00', '--job-id', '109', '--raw', '--subdir', 'DAGS_FOLDER/rtgs_data_processing.py', '--cfg-path', '/tmp/tmpnu0j1dx6']
[2023-12-12T02:17:46.292+0000] {standard_task_runner.py:85} INFO - Job 109: Subtask rtgs_data_transformation.rtgs_journal_entries_clean.run
[2023-12-12T02:17:46.318+0000] {task_command.py:416} INFO - Running <TaskInstance: airbyte_rtgs_data_processing_airflow_dag.rtgs_data_transformation.rtgs_journal_entries_clean.run manual__2023-12-12T02:14:29.582394+00:00 [running]> on host 86ddea81acd7
[2023-12-12T02:17:46.611+0000] {taskinstance.py:1662} INFO - Exporting env vars: AIRFLOW_CTX_DAG_OWNER='***' AIRFLOW_CTX_DAG_ID='airbyte_rtgs_data_processing_***_dag' AIRFLOW_CTX_TASK_ID='rtgs_data_transformation.rtgs_journal_entries_clean.run' AIRFLOW_CTX_EXECUTION_DATE='2023-12-12T02:14:29.582394+00:00' AIRFLOW_CTX_TRY_NUMBER='1' AIRFLOW_CTX_DAG_RUN_ID='manual__2023-12-12T02:14:29.582394+00:00'
[2023-12-12T02:17:46.612+0000] {log.py:232} WARNING - [[34m2023-12-12T02:17:46.612+0000[0m] {[34mlocal.py:[0m194} INFO[0m - [35m(astronomer-cosmos)[0m - Cloning project to writable temp directory /tmp/tmppn9ac31l from /opt/***/dags/dbt/rtgs[0m
[2023-12-12T02:17:46.612+0000] {local.py:194} INFO - Cloning project to writable temp directory /tmp/tmppn9ac31l from /opt/airflow/dags/dbt/rtgs
[2023-12-12T02:17:46.613+0000] {log.py:232} WARNING - [[34m2023-12-12T02:17:46.613+0000[0m] {[34mconfig.py:[0m220} INFO[0m - [35m(astronomer-cosmos)[0m - Using user-supplied profiles.yml at /opt/***/dags/dbt/rtgs/profiles.yml[0m
[2023-12-12T02:17:46.613+0000] {config.py:220} INFO - Using user-supplied profiles.yml at /opt/airflow/dags/dbt/rtgs/profiles.yml
[2023-12-12T02:17:46.613+0000] {log.py:232} WARNING - [[34m2023-12-12T02:17:46.613+0000[0m] {[34mlocal.py:[0m227} INFO[0m - [35m(astronomer-cosmos)[0m - Trying to run the command:
 ['/home/***/.local/bin/dbt', 'run', '--models', 'rtgs_journal_entries_clean', '--profiles-dir', '/opt/***/dags/dbt/rtgs', '--profile', 'staging', '--target', 'dev']
From /tmp/tmppn9ac31l[0m
[2023-12-12T02:17:46.613+0000] {local.py:227} INFO - Trying to run the command:
 ['/home/***/.local/bin/dbt', 'run', '--models', 'rtgs_journal_entries_clean', '--profiles-dir', '/opt/***/dags/dbt/rtgs', '--profile', 'staging', '--target', 'dev']
From /tmp/tmppn9ac31l
[2023-12-12T02:17:46.613+0000] {log.py:232} WARNING - [[34m2023-12-12T02:17:46.613+0000[0m] {[34mlocal.py:[0m228} INFO[0m - [35m(astronomer-cosmos)[0m - Using environment variables keys: dict_keys(['AIRFLOW_CTX_DAG_OWNER', 'AIRFLOW_CTX_DAG_ID', 'AIRFLOW_CTX_TASK_ID', 'AIRFLOW_CTX_EXECUTION_DATE', 'AIRFLOW_CTX_TRY_NUMBER', 'AIRFLOW_CTX_DAG_RUN_ID'])[0m
[2023-12-12T02:17:46.613+0000] {local.py:228} INFO - Using environment variables keys: dict_keys(['AIRFLOW_CTX_DAG_OWNER', 'AIRFLOW_CTX_DAG_ID', 'AIRFLOW_CTX_TASK_ID', 'AIRFLOW_CTX_EXECUTION_DATE', 'AIRFLOW_CTX_TRY_NUMBER', 'AIRFLOW_CTX_DAG_RUN_ID'])
[2023-12-12T02:17:46.614+0000] {log.py:232} WARNING - [[34m2023-12-12T02:17:46.614+0000[0m] {[34msubprocess.py:[0m60} INFO[0m - [35m(astronomer-cosmos)[0m - Tmp dir root location: 
 /tmp[0m
[2023-12-12T02:17:46.614+0000] {subprocess.py:60} INFO - Tmp dir root location: 
 /tmp
[2023-12-12T02:17:46.614+0000] {log.py:232} WARNING - [[34m2023-12-12T02:17:46.614+0000[0m] {[34msubprocess.py:[0m73} INFO[0m - [35m(astronomer-cosmos)[0m - Running command: ['/home/***/.local/bin/dbt', 'run', '--models', 'rtgs_journal_entries_clean', '--profiles-dir', '/opt/***/dags/dbt/rtgs', '--profile', 'staging', '--target', 'dev'][0m
[2023-12-12T02:17:46.614+0000] {subprocess.py:73} INFO - Running command: ['/home/***/.local/bin/dbt', 'run', '--models', 'rtgs_journal_entries_clean', '--profiles-dir', '/opt/***/dags/dbt/rtgs', '--profile', 'staging', '--target', 'dev']
[2023-12-12T02:17:46.622+0000] {log.py:232} WARNING - [[34m2023-12-12T02:17:46.622+0000[0m] {[34msubprocess.py:[0m84} INFO[0m - [35m(astronomer-cosmos)[0m - Command output:[0m
[2023-12-12T02:17:46.622+0000] {subprocess.py:84} INFO - Command output:
[2023-12-12T02:17:47.939+0000] {log.py:232} WARNING - [[34m2023-12-12T02:17:47.938+0000[0m] {[34msubprocess.py:[0m94} INFO[0m - [35m(astronomer-cosmos)[0m - [0m02:17:47  Running with dbt=1.5.9[0m
[2023-12-12T02:17:47.938+0000] {subprocess.py:94} INFO - [0m02:17:47  Running with dbt=1.5.9
[2023-12-12T02:17:48.013+0000] {log.py:232} WARNING - [[34m2023-12-12T02:17:48.012+0000[0m] {[34msubprocess.py:[0m94} INFO[0m - [35m(astronomer-cosmos)[0m - [0m02:17:48  Registered adapter: mysql=1.5.0-a1[0m
[2023-12-12T02:17:48.012+0000] {subprocess.py:94} INFO - [0m02:17:48  Registered adapter: mysql=1.5.0-a1
[2023-12-12T02:17:48.018+0000] {log.py:232} WARNING - [[34m2023-12-12T02:17:48.018+0000[0m] {[34msubprocess.py:[0m94} INFO[0m - [35m(astronomer-cosmos)[0m - [0m02:17:48  Unable to do partial parsing because saved manifest not found. Starting full parse.[0m
[2023-12-12T02:17:48.018+0000] {subprocess.py:94} INFO - [0m02:17:48  Unable to do partial parsing because saved manifest not found. Starting full parse.
[2023-12-12T02:17:48.352+0000] {log.py:232} WARNING - [[34m2023-12-12T02:17:48.352+0000[0m] {[34msubprocess.py:[0m94} INFO[0m - [35m(astronomer-cosmos)[0m - [0m02:17:48  [[33mWARNING[0m]: Configuration paths exist in your dbt_project.yml file which do not apply to any resources.[0m
[2023-12-12T02:17:48.352+0000] {subprocess.py:94} INFO - [0m02:17:48  [[33mWARNING[0m]: Configuration paths exist in your dbt_project.yml file which do not apply to any resources.
[2023-12-12T02:17:48.353+0000] {log.py:232} WARNING - [[34m2023-12-12T02:17:48.353+0000[0m] {[34msubprocess.py:[0m94} INFO[0m - [35m(astronomer-cosmos)[0m - There are 1 unused configuration paths:[0m
[2023-12-12T02:17:48.353+0000] {subprocess.py:94} INFO - There are 1 unused configuration paths:
[2023-12-12T02:17:48.354+0000] {log.py:232} WARNING - [[34m2023-12-12T02:17:48.354+0000[0m] {[34msubprocess.py:[0m94} INFO[0m - [35m(astronomer-cosmos)[0m - - models.journal_entries[0m
[2023-12-12T02:17:48.354+0000] {subprocess.py:94} INFO - - models.journal_entries
[2023-12-12T02:17:48.361+0000] {log.py:232} WARNING - [[34m2023-12-12T02:17:48.360+0000[0m] {[34msubprocess.py:[0m94} INFO[0m - [35m(astronomer-cosmos)[0m - [0m02:17:48  Found 1 model, 2 tests, 0 snapshots, 0 analyses, 300 macros, 0 operations, 0 seed files, 0 sources, 0 exposures, 0 metrics, 0 groups[0m
[2023-12-12T02:17:48.360+0000] {subprocess.py:94} INFO - [0m02:17:48  Found 1 model, 2 tests, 0 snapshots, 0 analyses, 300 macros, 0 operations, 0 seed files, 0 sources, 0 exposures, 0 metrics, 0 groups
[2023-12-12T02:17:48.362+0000] {log.py:232} WARNING - [[34m2023-12-12T02:17:48.362+0000[0m] {[34msubprocess.py:[0m94} INFO[0m - [35m(astronomer-cosmos)[0m - [0m02:17:48[0m
[2023-12-12T02:17:48.362+0000] {subprocess.py:94} INFO - [0m02:17:48
[2023-12-12T02:17:48.468+0000] {log.py:232} WARNING - [[34m2023-12-12T02:17:48.468+0000[0m] {[34msubprocess.py:[0m94} INFO[0m - [35m(astronomer-cosmos)[0m - [0m02:17:48  Concurrency: 1 threads (target='dev')[0m
[2023-12-12T02:17:48.468+0000] {subprocess.py:94} INFO - [0m02:17:48  Concurrency: 1 threads (target='dev')
[2023-12-12T02:17:48.468+0000] {log.py:232} WARNING - [[34m2023-12-12T02:17:48.468+0000[0m] {[34msubprocess.py:[0m94} INFO[0m - [35m(astronomer-cosmos)[0m - [0m02:17:48[0m
[2023-12-12T02:17:48.468+0000] {subprocess.py:94} INFO - [0m02:17:48
[2023-12-12T02:17:48.478+0000] {log.py:232} WARNING - [[34m2023-12-12T02:17:48.478+0000[0m] {[34msubprocess.py:[0m94} INFO[0m - [35m(astronomer-cosmos)[0m - [0m02:17:48  1 of 1 START sql table model staging.rtgs_journal_entries_clean ................ [RUN][0m
[2023-12-12T02:17:48.478+0000] {subprocess.py:94} INFO - [0m02:17:48  1 of 1 START sql table model staging.rtgs_journal_entries_clean ................ [RUN]
[2023-12-12T02:17:48.580+0000] {log.py:232} WARNING - [[34m2023-12-12T02:17:48.579+0000[0m] {[34msubprocess.py:[0m94} INFO[0m - [35m(astronomer-cosmos)[0m - [0m02:17:48  1 of 1 OK created sql table model staging.rtgs_journal_entries_clean ........... [[32mSUCCESS 100[0m in 0.10s][0m
[2023-12-12T02:17:48.579+0000] {subprocess.py:94} INFO - [0m02:17:48  1 of 1 OK created sql table model staging.rtgs_journal_entries_clean ........... [[32mSUCCESS 100[0m in 0.10s]
[2023-12-12T02:17:48.587+0000] {log.py:232} WARNING - [[34m2023-12-12T02:17:48.587+0000[0m] {[34msubprocess.py:[0m94} INFO[0m - [35m(astronomer-cosmos)[0m - [0m02:17:48[0m
[2023-12-12T02:17:48.587+0000] {subprocess.py:94} INFO - [0m02:17:48
[2023-12-12T02:17:48.588+0000] {log.py:232} WARNING - [[34m2023-12-12T02:17:48.588+0000[0m] {[34msubprocess.py:[0m94} INFO[0m - [35m(astronomer-cosmos)[0m - [0m02:17:48  Finished running 1 table model in 0 hours 0 minutes and 0.23 seconds (0.23s).[0m
[2023-12-12T02:17:48.588+0000] {subprocess.py:94} INFO - [0m02:17:48  Finished running 1 table model in 0 hours 0 minutes and 0.23 seconds (0.23s).
[2023-12-12T02:17:48.592+0000] {log.py:232} WARNING - [[34m2023-12-12T02:17:48.592+0000[0m] {[34msubprocess.py:[0m94} INFO[0m - [35m(astronomer-cosmos)[0m - [0m02:17:48[0m
[2023-12-12T02:17:48.592+0000] {subprocess.py:94} INFO - [0m02:17:48
[2023-12-12T02:17:48.592+0000] {log.py:232} WARNING - [[34m2023-12-12T02:17:48.592+0000[0m] {[34msubprocess.py:[0m94} INFO[0m - [35m(astronomer-cosmos)[0m - [0m02:17:48  [32mCompleted successfully[0m[0m
[2023-12-12T02:17:48.592+0000] {subprocess.py:94} INFO - [0m02:17:48  [32mCompleted successfully[0m
[2023-12-12T02:17:48.592+0000] {log.py:232} WARNING - [[34m2023-12-12T02:17:48.592+0000[0m] {[34msubprocess.py:[0m94} INFO[0m - [35m(astronomer-cosmos)[0m - [0m02:17:48[0m
[2023-12-12T02:17:48.592+0000] {subprocess.py:94} INFO - [0m02:17:48
[2023-12-12T02:17:48.593+0000] {log.py:232} WARNING - [[34m2023-12-12T02:17:48.593+0000[0m] {[34msubprocess.py:[0m94} INFO[0m - [35m(astronomer-cosmos)[0m - [0m02:17:48  Done. PASS=1 WARN=0 ERROR=0 SKIP=0 TOTAL=1[0m
[2023-12-12T02:17:48.593+0000] {subprocess.py:94} INFO - [0m02:17:48  Done. PASS=1 WARN=0 ERROR=0 SKIP=0 TOTAL=1
[2023-12-12T02:17:49.211+0000] {log.py:232} WARNING - [[34m2023-12-12T02:17:49.211+0000[0m] {[34msubprocess.py:[0m98} INFO[0m - [35m(astronomer-cosmos)[0m - Command exited with return code 0[0m
[2023-12-12T02:17:49.211+0000] {subprocess.py:98} INFO - Command exited with return code 0
[2023-12-12T02:17:49.225+0000] {local.py:110} WARNING - Artifact schema version: https://schemas.getdbt.com/dbt/manifest/v9.json is above dbt-ol supported version 7. This might cause errors.
[2023-12-12T02:17:49.228+0000] {log.py:232} WARNING - [[34m2023-12-12T02:17:49.228+0000[0m] {[34mlocal.py:[0m244} INFO[0m - [35m(astronomer-cosmos)[0m - Inlets: [][0m
[2023-12-12T02:17:49.228+0000] {local.py:244} INFO - Inlets: []
[2023-12-12T02:17:49.229+0000] {log.py:232} WARNING - [[34m2023-12-12T02:17:49.229+0000[0m] {[34mlocal.py:[0m245} INFO[0m - [35m(astronomer-cosmos)[0m - Outlets: [][0m
[2023-12-12T02:17:49.229+0000] {local.py:245} INFO - Outlets: []
[2023-12-12T02:17:49.230+0000] {dag.py:2941} INFO - Sync 1 DAGs
[2023-12-12T02:17:49.260+0000] {dag.py:3722} INFO - Setting next_dagrun for airbyte_rtgs_data_processing_***_dag to 2023-12-12T00:00:00+00:00, run_after=2023-12-13T00:00:00+00:00
[2023-12-12T02:17:49.276+0000] {log.py:232} WARNING - [[34m2023-12-12T02:17:49.276+0000[0m] {[34mlocal.py:[0m363} INFO[0m - [35m(astronomer-cosmos)[0m - [0m02:17:48  Done. PASS=1 WARN=0 ERROR=0 SKIP=0 TOTAL=1[0m
[2023-12-12T02:17:49.276+0000] {local.py:363} INFO - [0m02:17:48  Done. PASS=1 WARN=0 ERROR=0 SKIP=0 TOTAL=1
[2023-12-12T02:17:49.285+0000] {taskinstance.py:1400} INFO - Marking task as SUCCESS. dag_id=airbyte_rtgs_data_processing_***_dag, task_id=rtgs_data_transformation.rtgs_journal_entries_clean.run, execution_date=20231212T021429, start_date=20231212T021746, end_date=20231212T021749
[2023-12-12T02:17:49.351+0000] {local_task_job_runner.py:228} INFO - Task exited with return code 0
[2023-12-12T02:17:49.617+0000] {taskinstance.py:2778} INFO - 1 downstream tasks scheduled from follow-on schedule check
